<?xml version="1.0" encoding="UTF-8"?>
<!-- Generated by org.testng.reporters.JUnitXMLReporter -->
<testsuite ignored="0" hostname="DESKTOP-BA4T241" failures="0" tests="1" name="Default test" time="0.243" errors="0" timestamp="2023-06-23T18:03:22 IST">
  <testcase classname="Module1_login_test.PBTC1FullNameVerificationTest" name="@BeforeClass InvokBrowser" time="0.04">
    <failure type="java.lang.StackOverflowError">
      <![CDATA[java.lang.StackOverflowError
at Module1_login_test.PBTC1FullNameVerificationTest.InvokBrowser(PBTC1FullNameVerificationTest.java:33)
at Module1_login_test.PBTC1FullNameVerificationTest.InvokBrowser(PBTC1FullNameVerificationTest.java:33)
at Module1_login_test.PBTC1FullNameVerificationTest.InvokBrowser(PBTC1FullNameVerificationTest.java:33)
at Module1_login_test.PBTC1FullNameVerificationTest.InvokBrowser(PBTC1FullNameVerificationTest.java:33)
at Module1_login_test.PBTC1FullNameVerificationTest.InvokBrowser(PBTC1FullNameVerificationTest.java:33)
at Module1_login_test.PBTC1FullNameVerificationTest.InvokBrowser(PBTC1FullNameVerificationTest.java:33)
at Module1_login_test.PBTC1FullNameVerificationTest.InvokBrowser(PBTC1FullNameVerificationTest.java:33)
at Module1_login_test.PBTC1FullNameVerificationTest.InvokBrowser(PBTC1FullNameVerificationTest.java:33)
at Module1_login_test.PBTC1FullNameVerificationTest.InvokBrowser(PBTC1FullNameVerificationTest.java:33)
at Module1_login_test.PBTC1FullNameVerificationTest.InvokBrowser(PBTC1FullNameVerificationTest.java:33)
at Module1_login_test.PBTC1FullNameVerificationTest.InvokBrowser(PBTC1FullNameVerificationTest.java:33)
at Module1_login_test.PBTC1FullNameVerificationTest.InvokBrowser(PBTC1FullNameVerificationTest.java:33)
at Module1_login_test.PBTC1FullNameVerificationTest.InvokBrowser(PBTC1FullNameVerificationTest.java:33)
at Module1_login_test.PBTC1FullNameVerificationTest.InvokBrowser(PBTC1FullNameVerificationTest.java:33)
at Module1_login_test.PBTC1FullNameVerificationTest.InvokBrowser(PBTC1FullNameVerificationTest.java:33)
at Module1_login_test.PBTC1FullNameVerificationTest.InvokBrowser(PBTC1FullNameVerificationTest.java:33)
at Module1_login_test.PBTC1FullNameVerificationTest.InvokBrowser(PBTC1FullNameVerificationTest.java:33)
at Module1_login_test.PBTC1FullNameVerificationTest.InvokBrowser(PBTC1FullNameVerificationTest.java:33)
at Module1_login_test.PBTC1FullNameVerificationTest.InvokBrowser(PBTC1FullNameVerificationTest.java:33)
at Module1_login_test.PBTC1FullNameVerificationTest.InvokBrowser(PBTC1FullNameVerificationTest.java:33)
at Module1_login_test.PBTC1FullNameVerificationTest.InvokBrowser(PBTC1FullNameVerificationTest.java:33)
at Module1_login_test.PBTC1FullNameVerificationTest.InvokBrowser(PBTC1FullNameVerificationTest.java:33)
at Module1_login_test.PBTC1FullNameVerificationTest.InvokBrowser(PBTC1FullNameVerificationTest.java:33)
at Module1_login_test.PBTC1FullNameVerificationTest.InvokBrowser(PBTC1FullNameVerificationTest.java:33)
at Module1_login_test.PBTC1FullNameVerificationTest.InvokBrowser(PBTC1FullNameVerificationTest.java:33)
at Module1_login_test.PBTC1FullNameVerificationTest.InvokBrowser(PBTC1FullNameVerificationTest.java:33)
at Module1_login_test.PBTC1FullNameVerificationTest.InvokBrowser(PBTC1FullNameVerificationTest.java:33)
at Module1_login_test.PBTC1FullNameVerificationTest.InvokBrowser(PBTC1FullNameVerificationTest.java:33)
at Module1_login_test.PBTC1FullNameVerificationTest.InvokBrowser(PBTC1FullNameVerificationTest.java:33)
at Module1_login_test.PBTC1FullNameVerificationTest.InvokBrowser(PBTC1FullNameVerificationTest.java:33)
at Module1_login_test.PBTC1FullNameVerificationTest.InvokBrowser(PBTC1FullNameVerificationTest.java:33)
at Module1_login_test.PBTC1FullNameVerificationTest.InvokBrowser(PBTC1FullNameVerificationTest.java:33)
at Module1_login_test.PBTC1FullNameVerificationTest.InvokBrowser(PBTC1FullNameVerificationTest.java:33)
at Module1_login_test.PBTC1FullNameVerificationTest.InvokBrowser(PBTC1FullNameVerificationTest.java:33)
at Module1_login_test.PBTC1FullNameVerificationTest.InvokBrowser(PBTC1FullNameVerificationTest.java:33)
at Module1_login_test.PBTC1FullNameVerificationTest.InvokBrowser(PBTC1FullNameVerificationTest.java:33)
at Module1_login_test.PBTC1FullNameVerificationTest.InvokBrowser(PBTC1FullNameVerificationTest.java:33)
at Module1_login_test.PBTC1FullNameVerificationTest.InvokBrowser(PBTC1FullNameVerificationTest.java:33)
at Module1_login_test.PBTC1FullNameVerificationTest.InvokBrowser(PBTC1FullNameVerificationTest.java:33)
at Module1_login_test.PBTC1FullNameVerificationTest.InvokBrowser(PBTC1FullNameVerificationTest.java:33)
at Module1_login_test.PBTC1FullNameVerificationTest.InvokBrowser(PBTC1FullNameVerificationTest.java:33)
at Module1_login_test.PBTC1FullNameVerificationTest.InvokBrowser(PBTC1FullNameVerificationTest.java:33)
at Module1_login_test.PBTC1FullNameVerificationTest.InvokBrowser(PBTC1FullNameVerificationTest.java:33)
at Module1_login_test.PBTC1FullNameVerificationTest.InvokBrowser(PBTC1FullNameVerificationTest.java:33)
at Module1_login_test.PBTC1FullNameVerificationTest.InvokBrowser(PBTC1FullNameVerificationTest.java:33)
at Module1_login_test.PBTC1FullNameVerificationTest.InvokBrowser(PBTC1FullNameVerificationTest.java:33)
at Module1_login_test.PBTC1FullNameVerificationTest.InvokBrowser(PBTC1FullNameVerificationTest.java:33)
at Module1_login_test.PBTC1FullNameVerificationTest.InvokBrowser(PBTC1FullNameVerificationTest.java:33)
at Module1_login_test.PBTC1FullNameVerificationTest.InvokBrowser(PBTC1FullNameVerificationTest.java:33)
at Module1_login_test.PBTC1FullNameVerificationTest.InvokBrowser(PBTC1FullNameVerificationTest.java:33)
at Module1_login_test.PBTC1FullNameVerificationTest.InvokBrowser(PBTC1FullNameVerificationTest.java:33)
at Module1_login_test.PBTC1FullNameVerificationTest.InvokBrowser(PBTC1FullNameVerificationTest.java:33)
at Module1_login_test.PBTC1FullNameVerificationTest.InvokBrowser(PBTC1FullNameVerificationTest.java:33)
at Module1_login_test.PBTC1FullNameVerificationTest.InvokBrowser(PBTC1FullNameVerificationTest.java:33)
at Module1_login_test.PBTC1FullNameVerificationTest.InvokBrowser(PBTC1FullNameVerificationTest.java:33)
at Module1_login_test.PBTC1FullNameVerificationTest.InvokBrowser(PBTC1FullNameVerificationTest.java:33)
at Module1_login_test.PBTC1FullNameVerificationTest.InvokBrowser(PBTC1FullNameVerificationTest.java:33)
at Module1_login_test.PBTC1FullNameVerificationTest.InvokBrowser(PBTC1FullNameVerificationTest.java:33)
at Module1_login_test.PBTC1FullNameVerificationTest.InvokBrowser(PBTC1FullNameVerificationTest.java:33)
at Module1_login_test.PBTC1FullNameVerificationTest.InvokBrowser(PBTC1FullNameVerificationTest.java:33)
at Module1_login_test.PBTC1FullNameVerificationTest.InvokBrowser(PBTC1FullNameVerificationTest.java:33)
at Module1_login_test.PBTC1FullNameVerificationTest.InvokBrowser(PBTC1FullNameVerificationTest.java:33)
at Module1_login_test.PBTC1FullNameVerificationTest.InvokBrowser(PBTC1FullNameVerificationTest.java:33)
at Module1_login_test.PBTC1FullNameVerificationTest.InvokBrowser(PBTC1FullNameVerificationTest.java:33)
at Module1_login_test.PBTC1FullNameVerificationTest.InvokBrowser(PBTC1FullNameVerificationTest.java:33)
at Module1_login_test.PBTC1FullNameVerificationTest.InvokBrowser(PBTC1FullNameVerificationTest.java:33)
at Module1_login_test.PBTC1FullNameVerificationTest.InvokBrowser(PBTC1FullNameVerificationTest.java:33)
at Module1_login_test.PBTC1FullNameVerificationTest.InvokBrowser(PBTC1FullNameVerificationTest.java:33)
at Module1_login_test.PBTC1FullNameVerificationTest.InvokBrowser(PBTC1FullNameVerificationTest.java:33)
at Module1_login_test.PBTC1FullNameVerificationTest.InvokBrowser(PBTC1FullNameVerificationTest.java:33)
at Module1_login_test.PBTC1FullNameVerificationTest.InvokBrowser(PBTC1FullNameVerificationTest.java:33)
at Module1_login_test.PBTC1FullNameVerificationTest.InvokBrowser(PBTC1FullNameVerificationTest.java:33)
at Module1_login_test.PBTC1FullNameVerificationTest.InvokBrowser(PBTC1FullNameVerificationTest.java:33)
at Module1_login_test.PBTC1FullNameVerificationTest.InvokBrowser(PBTC1FullNameVerificationTest.java:33)
at Module1_login_test.PBTC1FullNameVerificationTest.InvokBrowser(PBTC1FullNameVerificationTest.java:33)
at Module1_login_test.PBTC1FullNameVerificationTest.InvokBrowser(PBTC1FullNameVerificationTest.java:33)
at Module1_login_test.PBTC1FullNameVerificationTest.InvokBrowser(PBTC1FullNameVerificationTest.java:33)
at Module1_login_test.PBTC1FullNameVerificationTest.InvokBrowser(PBTC1FullNameVerificationTest.java:33)
at Module1_login_test.PBTC1FullNameVerificationTest.InvokBrowser(PBTC1FullNameVerificationTest.java:33)
at Module1_login_test.PBTC1FullNameVerificationTest.InvokBrowser(PBTC1FullNameVerificationTest.java:33)
at Module1_login_test.PBTC1FullNameVerificationTest.InvokBrowser(PBTC1FullNameVerificationTest.java:33)
at Module1_login_test.PBTC1FullNameVerificationTest.InvokBrowser(PBTC1FullNameVerificationTest.java:33)
at Module1_login_test.PBTC1FullNameVerificationTest.InvokBrowser(PBTC1FullNameVerificationTest.java:33)
at Module1_login_test.PBTC1FullNameVerificationTest.InvokBrowser(PBTC1FullNameVerificationTest.java:33)
at Module1_login_test.PBTC1FullNameVerificationTest.InvokBrowser(PBTC1FullNameVerificationTest.java:33)
at Module1_login_test.PBTC1FullNameVerificationTest.InvokBrowser(PBTC1FullNameVerificationTest.java:33)
at Module1_login_test.PBTC1FullNameVerificationTest.InvokBrowser(PBTC1FullNameVerificationTest.java:33)
at Module1_login_test.PBTC1FullNameVerificationTest.InvokBrowser(PBTC1FullNameVerificationTest.java:33)
at Module1_login_test.PBTC1FullNameVerificationTest.InvokBrowser(PBTC1FullNameVerificationTest.java:33)
at Module1_login_test.PBTC1FullNameVerificationTest.InvokBrowser(PBTC1FullNameVerificationTest.java:33)
at Module1_login_test.PBTC1FullNameVerificationTest.InvokBrowser(PBTC1FullNameVerificationTest.java:33)
at Module1_login_test.PBTC1FullNameVerificationTest.InvokBrowser(PBTC1FullNameVerificationTest.java:33)
at Module1_login_test.PBTC1FullNameVerificationTest.InvokBrowser(PBTC1FullNameVerificationTest.java:33)
at Module1_login_test.PBTC1FullNameVerificationTest.InvokBrowser(PBTC1FullNameVerificationTest.java:33)
at Module1_login_test.PBTC1FullNameVerificationTest.InvokBrowser(PBTC1FullNameVerificationTest.java:33)
at Module1_login_test.PBTC1FullNameVerificationTest.InvokBrowser(PBTC1FullNameVerificationTest.java:33)
at Module1_login_test.PBTC1FullNameVerificationTest.InvokBrowser(PBTC1FullNameVerificationTest.java:33)
at Module1_login_test.PBTC1FullNameVerificationTest.InvokBrowser(PBTC1FullNameVerificationTest.java:33)
at Module1_login_test.PBTC1FullNameVerificationTest.InvokBrowser(PBTC1FullNameVerificationTest.java:33)
at Module1_login_test.PBTC1FullNameVerificationTest.InvokBrowser(PBTC1FullNameVerificationTest.java:33)
at Module1_login_test.PBTC1FullNameVerificationTest.InvokBrowser(PBTC1FullNameVerificationTest.java:33)
at Module1_login_test.PBTC1FullNameVerificationTest.InvokBrowser(PBTC1FullNameVerificationTest.java:33)
at Module1_login_test.PBTC1FullNameVerificationTest.InvokBrowser(PBTC1FullNameVerificationTest.java:33)
at Module1_login_test.PBTC1FullNameVerificationTest.InvokBrowser(PBTC1FullNameVerificationTest.java:33)
at Module1_login_test.PBTC1FullNameVerificationTest.InvokBrowser(PBTC1FullNameVerificationTest.java:33)
at Module1_login_test.PBTC1FullNameVerificationTest.InvokBrowser(PBTC1FullNameVerificationTest.java:33)
at Module1_login_test.PBTC1FullNameVerificationTest.InvokBrowser(PBTC1FullNameVerificationTest.java:33)
at Module1_login_test.PBTC1FullNameVerificationTest.InvokBrowser(PBTC1FullNameVerificationTest.java:33)
at Module1_login_test.PBTC1FullNameVerificationTest.InvokBrowser(PBTC1FullNameVerificationTest.java:33)
at Module1_login_test.PBTC1FullNameVerificationTest.InvokBrowser(PBTC1FullNameVerificationTest.java:33)
at Module1_login_test.PBTC1FullNameVerificationTest.InvokBrowser(PBTC1FullNameVerificationTest.java:33)
at Module1_login_test.PBTC1FullNameVerificationTest.InvokBrowser(PBTC1FullNameVerificationTest.java:33)
at Module1_login_test.PBTC1FullNameVerificationTest.InvokBrowser(PBTC1FullNameVerificationTest.java:33)
at Module1_login_test.PBTC1FullNameVerificationTest.InvokBrowser(PBTC1FullNameVerificationTest.java:33)
at Module1_login_test.PBTC1FullNameVerificationTest.InvokBrowser(PBTC1FullNameVerificationTest.java:33)
at Module1_login_test.PBTC1FullNameVerificationTest.InvokBrowser(PBTC1FullNameVerificationTest.java:33)
at Module1_login_test.PBTC1FullNameVerificationTest.InvokBrowser(PBTC1FullNameVerificationTest.java:33)
at Module1_login_test.PBTC1FullNameVerificationTest.InvokBrowser(PBTC1FullNameVerificationTest.java:33)
at Module1_login_test.PBTC1FullNameVerificationTest.InvokBrowser(PBTC1FullNameVerificationTest.java:33)
at Module1_login_test.PBTC1FullNameVerificationTest.InvokBrowser(PBTC1FullNameVerificationTest.java:33)
at Module1_login_test.PBTC1FullNameVerificationTest.InvokBrowser(PBTC1FullNameVerificationTest.java:33)
at Module1_login_test.PBTC1FullNameVerificationTest.InvokBrowser(PBTC1FullNameVerificationTest.java:33)
at Module1_login_test.PBTC1FullNameVerificationTest.InvokBrowser(PBTC1FullNameVerificationTest.java:33)
at Module1_login_test.PBTC1FullNameVerificationTest.InvokBrowser(PBTC1FullNameVerificationTest.java:33)
at Module1_login_test.PBTC1FullNameVerificationTest.InvokBrowser(PBTC1FullNameVerificationTest.java:33)
at Module1_login_test.PBTC1FullNameVerificationTest.InvokBrowser(PBTC1FullNameVerificationTest.java:33)
at Module1_login_test.PBTC1FullNameVerificationTest.InvokBrowser(PBTC1FullNameVerificationTest.java:33)
at Module1_login_test.PBTC1FullNameVerificationTest.InvokBrowser(PBTC1FullNameVerificationTest.java:33)
at Module1_login_test.PBTC1FullNameVerificationTest.InvokBrowser(PBTC1FullNameVerificationTest.java:33)
at Module1_login_test.PBTC1FullNameVerificationTest.InvokBrowser(PBTC1FullNameVerificationTest.java:33)
at Module1_login_test.PBTC1FullNameVerificationTest.InvokBrowser(PBTC1FullNameVerificationTest.java:33)
at Module1_login_test.PBTC1FullNameVerificationTest.InvokBrowser(PBTC1FullNameVerificationTest.java:33)
at Module1_login_test.PBTC1FullNameVerificationTest.InvokBrowser(PBTC1FullNameVerificationTest.java:33)
at Module1_login_test.PBTC1FullNameVerificationTest.InvokBrowser(PBTC1FullNameVerificationTest.java:33)
at Module1_login_test.PBTC1FullNameVerificationTest.InvokBrowser(PBTC1FullNameVerificationTest.java:33)
at Module1_login_test.PBTC1FullNameVerificationTest.InvokBrowser(PBTC1FullNameVerificationTest.java:33)
at Module1_login_test.PBTC1FullNameVerificationTest.InvokBrowser(PBTC1FullNameVerificationTest.java:33)
at Module1_login_test.PBTC1FullNameVerificationTest.InvokBrowser(PBTC1FullNameVerificationTest.java:33)
at Module1_login_test.PBTC1FullNameVerificationTest.InvokBrowser(PBTC1FullNameVerificationTest.java:33)
at Module1_login_test.PBTC1FullNameVerificationTest.InvokBrowser(PBTC1FullNameVerificationTest.java:33)
at Module1_login_test.PBTC1FullNameVerificationTest.InvokBrowser(PBTC1FullNameVerificationTest.java:33)
at Module1_login_test.PBTC1FullNameVerificationTest.InvokBrowser(PBTC1FullNameVerificationTest.java:33)
at Module1_login_test.PBTC1FullNameVerificationTest.InvokBrowser(PBTC1FullNameVerificationTest.java:33)
at Module1_login_test.PBTC1FullNameVerificationTest.InvokBrowser(PBTC1FullNameVerificationTest.java:33)
at Module1_login_test.PBTC1FullNameVerificationTest.InvokBrowser(PBTC1FullNameVerificationTest.java:33)
at Module1_login_test.PBTC1FullNameVerificationTest.InvokBrowser(PBTC1FullNameVerificationTest.java:33)
at Module1_login_test.PBTC1FullNameVerificationTest.InvokBrowser(PBTC1FullNameVerificationTest.java:33)
at Module1_login_test.PBTC1FullNameVerificationTest.InvokBrowser(PBTC1FullNameVerificationTest.java:33)
at Module1_login_test.PBTC1FullNameVerificationTest.InvokBrowser(PBTC1FullNameVerificationTest.java:33)
at Module1_login_test.PBTC1FullNameVerificationTest.InvokBrowser(PBTC1FullNameVerificationTest.java:33)
at Module1_login_test.PBTC1FullNameVerificationTest.InvokBrowser(PBTC1FullNameVerificationTest.java:33)
at Module1_login_test.PBTC1FullNameVerificationTest.InvokBrowser(PBTC1FullNameVerificationTest.java:33)
at Module1_login_test.PBTC1FullNameVerificationTest.InvokBrowser(PBTC1FullNameVerificationTest.java:33)
at Module1_login_test.PBTC1FullNameVerificationTest.InvokBrowser(PBTC1FullNameVerificationTest.java:33)
at Module1_login_test.PBTC1FullNameVerificationTest.InvokBrowser(PBTC1FullNameVerificationTest.java:33)
at Module1_login_test.PBTC1FullNameVerificationTest.InvokBrowser(PBTC1FullNameVerificationTest.java:33)
at Module1_login_test.PBTC1FullNameVerificationTest.InvokBrowser(PBTC1FullNameVerificationTest.java:33)
at Module1_login_test.PBTC1FullNameVerificationTest.InvokBrowser(PBTC1FullNameVerificationTest.java:33)
at Module1_login_test.PBTC1FullNameVerificationTest.InvokBrowser(PBTC1FullNameVerificationTest.java:33)
at Module1_login_test.PBTC1FullNameVerificationTest.InvokBrowser(PBTC1FullNameVerificationTest.java:33)
at Module1_login_test.PBTC1FullNameVerificationTest.InvokBrowser(PBTC1FullNameVerificationTest.java:33)
at Module1_login_test.PBTC1FullNameVerificationTest.InvokBrowser(PBTC1FullNameVerificationTest.java:33)
at Module1_login_test.PBTC1FullNameVerificationTest.InvokBrowser(PBTC1FullNameVerificationTest.java:33)
at Module1_login_test.PBTC1FullNameVerificationTest.InvokBrowser(PBTC1FullNameVerificationTest.java:33)
at Module1_login_test.PBTC1FullNameVerificationTest.InvokBrowser(PBTC1FullNameVerificationTest.java:33)
at Module1_login_test.PBTC1FullNameVerificationTest.InvokBrowser(PBTC1FullNameVerificationTest.java:33)
at Module1_login_test.PBTC1FullNameVerificationTest.InvokBrowser(PBTC1FullNameVerificationTest.java:33)
at Module1_login_test.PBTC1FullNameVerificationTest.InvokBrowser(PBTC1FullNameVerificationTest.java:33)
at Module1_login_test.PBTC1FullNameVerificationTest.InvokBrowser(PBTC1FullNameVerificationTest.java:33)
at Module1_login_test.PBTC1FullNameVerificationTest.InvokBrowser(PBTC1FullNameVerificationTest.java:33)
at Module1_login_test.PBTC1FullNameVerificationTest.InvokBrowser(PBTC1FullNameVerificationTest.java:33)
at Module1_login_test.PBTC1FullNameVerificationTest.InvokBrowser(PBTC1FullNameVerificationTest.java:33)
at Module1_login_test.PBTC1FullNameVerificationTest.InvokBrowser(PBTC1FullNameVerificationTest.java:33)
at Module1_login_test.PBTC1FullNameVerificationTest.InvokBrowser(PBTC1FullNameVerificationTest.java:33)
at Module1_login_test.PBTC1FullNameVerificationTest.InvokBrowser(PBTC1FullNameVerificationTest.java:33)
at Module1_login_test.PBTC1FullNameVerificationTest.InvokBrowser(PBTC1FullNameVerificationTest.java:33)
at Module1_login_test.PBTC1FullNameVerificationTest.InvokBrowser(PBTC1FullNameVerificationTest.java:33)
at Module1_login_test.PBTC1FullNameVerificationTest.InvokBrowser(PBTC1FullNameVerificationTest.java:33)
at Module1_login_test.PBTC1FullNameVerificationTest.InvokBrowser(PBTC1FullNameVerificationTest.java:33)
at Module1_login_test.PBTC1FullNameVerificationTest.InvokBrowser(PBTC1FullNameVerificationTest.java:33)
at Module1_login_test.PBTC1FullNameVerificationTest.InvokBrowser(PBTC1FullNameVerificationTest.java:33)
at Module1_login_test.PBTC1FullNameVerificationTest.InvokBrowser(PBTC1FullNameVerificationTest.java:33)
at Module1_login_test.PBTC1FullNameVerificationTest.InvokBrowser(PBTC1FullNameVerificationTest.java:33)
at Module1_login_test.PBTC1FullNameVerificationTest.InvokBrowser(PBTC1FullNameVerificationTest.java:33)
at Module1_login_test.PBTC1FullNameVerificationTest.InvokBrowser(PBTC1FullNameVerificationTest.java:33)
at Module1_login_test.PBTC1FullNameVerificationTest.InvokBrowser(PBTC1FullNameVerificationTest.java:33)
at Module1_login_test.PBTC1FullNameVerificationTest.InvokBrowser(PBTC1FullNameVerificationTest.java:33)
at Module1_login_test.PBTC1FullNameVerificationTest.InvokBrowser(PBTC1FullNameVerificationTest.java:33)
at Module1_login_test.PBTC1FullNameVerificationTest.InvokBrowser(PBTC1FullNameVerificationTest.java:33)
at Module1_login_test.PBTC1FullNameVerificationTest.InvokBrowser(PBTC1FullNameVerificationTest.java:33)
at Module1_login_test.PBTC1FullNameVerificationTest.InvokBrowser(PBTC1FullNameVerificationTest.java:33)
at Module1_login_test.PBTC1FullNameVerificationTest.InvokBrowser(PBTC1FullNameVerificationTest.java:33)
at Module1_login_test.PBTC1FullNameVerificationTest.InvokBrowser(PBTC1FullNameVerificationTest.java:33)
at Module1_login_test.PBTC1FullNameVerificationTest.InvokBrowser(PBTC1FullNameVerificationTest.java:33)
at Module1_login_test.PBTC1FullNameVerificationTest.InvokBrowser(PBTC1FullNameVerificationTest.java:33)
at Module1_login_test.PBTC1FullNameVerificationTest.InvokBrowser(PBTC1FullNameVerificationTest.java:33)
at Module1_login_test.PBTC1FullNameVerificationTest.InvokBrowser(PBTC1FullNameVerificationTest.java:33)
at Module1_login_test.PBTC1FullNameVerificationTest.InvokBrowser(PBTC1FullNameVerificationTest.java:33)
at Module1_login_test.PBTC1FullNameVerificationTest.InvokBrowser(PBTC1FullNameVerificationTest.java:33)
at Module1_login_test.PBTC1FullNameVerificationTest.InvokBrowser(PBTC1FullNameVerificationTest.java:33)
at Module1_login_test.PBTC1FullNameVerificationTest.InvokBrowser(PBTC1FullNameVerificationTest.java:33)
at Module1_login_test.PBTC1FullNameVerificationTest.InvokBrowser(PBTC1FullNameVerificationTest.java:33)
at Module1_login_test.PBTC1FullNameVerificationTest.InvokBrowser(PBTC1FullNameVerificationTest.java:33)
at Module1_login_test.PBTC1FullNameVerificationTest.InvokBrowser(PBTC1FullNameVerificationTest.java:33)
at Module1_login_test.PBTC1FullNameVerificationTest.InvokBrowser(PBTC1FullNameVerificationTest.java:33)
at Module1_login_test.PBTC1FullNameVerificationTest.InvokBrowser(PBTC1FullNameVerificationTest.java:33)
at Module1_login_test.PBTC1FullNameVerificationTest.InvokBrowser(PBTC1FullNameVerificationTest.java:33)
at Module1_login_test.PBTC1FullNameVerificationTest.InvokBrowser(PBTC1FullNameVerificationTest.java:33)
at Module1_login_test.PBTC1FullNameVerificationTest.InvokBrowser(PBTC1FullNameVerificationTest.java:33)
at Module1_login_test.PBTC1FullNameVerificationTest.InvokBrowser(PBTC1FullNameVerificationTest.java:33)
at Module1_login_test.PBTC1FullNameVerificationTest.InvokBrowser(PBTC1FullNameVerificationTest.java:33)
at Module1_login_test.PBTC1FullNameVerificationTest.InvokBrowser(PBTC1FullNameVerificationTest.java:33)
at Module1_login_test.PBTC1FullNameVerificationTest.InvokBrowser(PBTC1FullNameVerificationTest.java:33)
at Module1_login_test.PBTC1FullNameVerificationTest.InvokBrowser(PBTC1FullNameVerificationTest.java:33)
at Module1_login_test.PBTC1FullNameVerificationTest.InvokBrowser(PBTC1FullNameVerificationTest.java:33)
at Module1_login_test.PBTC1FullNameVerificationTest.InvokBrowser(PBTC1FullNameVerificationTest.java:33)
at Module1_login_test.PBTC1FullNameVerificationTest.InvokBrowser(PBTC1FullNameVerificationTest.java:33)
at Module1_login_test.PBTC1FullNameVerificationTest.InvokBrowser(PBTC1FullNameVerificationTest.java:33)
at Module1_login_test.PBTC1FullNameVerificationTest.InvokBrowser(PBTC1FullNameVerificationTest.java:33)
at Module1_login_test.PBTC1FullNameVerificationTest.InvokBrowser(PBTC1FullNameVerificationTest.java:33)
at Module1_login_test.PBTC1FullNameVerificationTest.InvokBrowser(PBTC1FullNameVerificationTest.java:33)
at Module1_login_test.PBTC1FullNameVerificationTest.InvokBrowser(PBTC1FullNameVerificationTest.java:33)
at Module1_login_test.PBTC1FullNameVerificationTest.InvokBrowser(PBTC1FullNameVerificationTest.java:33)
at Module1_login_test.PBTC1FullNameVerificationTest.InvokBrowser(PBTC1FullNameVerificationTest.java:33)
at Module1_login_test.PBTC1FullNameVerificationTest.InvokBrowser(PBTC1FullNameVerificationTest.java:33)
at Module1_login_test.PBTC1FullNameVerificationTest.InvokBrowser(PBTC1FullNameVerificationTest.java:33)
at Module1_login_test.PBTC1FullNameVerificationTest.InvokBrowser(PBTC1FullNameVerificationTest.java:33)
at Module1_login_test.PBTC1FullNameVerificationTest.InvokBrowser(PBTC1FullNameVerificationTest.java:33)
at Module1_login_test.PBTC1FullNameVerificationTest.InvokBrowser(PBTC1FullNameVerificationTest.java:33)
at Module1_login_test.PBTC1FullNameVerificationTest.InvokBrowser(PBTC1FullNameVerificationTest.java:33)
at Module1_login_test.PBTC1FullNameVerificationTest.InvokBrowser(PBTC1FullNameVerificationTest.java:33)
at Module1_login_test.PBTC1FullNameVerificationTest.InvokBrowser(PBTC1FullNameVerificationTest.java:33)
at Module1_login_test.PBTC1FullNameVerificationTest.InvokBrowser(PBTC1FullNameVerificationTest.java:33)
at Module1_login_test.PBTC1FullNameVerificationTest.InvokBrowser(PBTC1FullNameVerificationTest.java:33)
at Module1_login_test.PBTC1FullNameVerificationTest.InvokBrowser(PBTC1FullNameVerificationTest.java:33)
at Module1_login_test.PBTC1FullNameVerificationTest.InvokBrowser(PBTC1FullNameVerificationTest.java:33)
at Module1_login_test.PBTC1FullNameVerificationTest.InvokBrowser(PBTC1FullNameVerificationTest.java:33)
at Module1_login_test.PBTC1FullNameVerificationTest.InvokBrowser(PBTC1FullNameVerificationTest.java:33)
at Module1_login_test.PBTC1FullNameVerificationTest.InvokBrowser(PBTC1FullNameVerificationTest.java:33)
at Module1_login_test.PBTC1FullNameVerificationTest.InvokBrowser(PBTC1FullNameVerificationTest.java:33)
at Module1_login_test.PBTC1FullNameVerificationTest.InvokBrowser(PBTC1FullNameVerificationTest.java:33)
at Module1_login_test.PBTC1FullNameVerificationTest.InvokBrowser(PBTC1FullNameVerificationTest.java:33)
at Module1_login_test.PBTC1FullNameVerificationTest.InvokBrowser(PBTC1FullNameVerificationTest.java:33)
at Module1_login_test.PBTC1FullNameVerificationTest.InvokBrowser(PBTC1FullNameVerificationTest.java:33)
at Module1_login_test.PBTC1FullNameVerificationTest.InvokBrowser(PBTC1FullNameVerificationTest.java:33)
at Module1_login_test.PBTC1FullNameVerificationTest.InvokBrowser(PBTC1FullNameVerificationTest.java:33)
at Module1_login_test.PBTC1FullNameVerificationTest.InvokBrowser(PBTC1FullNameVerificationTest.java:33)
at Module1_login_test.PBTC1FullNameVerificationTest.InvokBrowser(PBTC1FullNameVerificationTest.java:33)
at Module1_login_test.PBTC1FullNameVerificationTest.InvokBrowser(PBTC1FullNameVerificationTest.java:33)
at Module1_login_test.PBTC1FullNameVerificationTest.InvokBrowser(PBTC1FullNameVerificationTest.java:33)
at Module1_login_test.PBTC1FullNameVerificationTest.InvokBrowser(PBTC1FullNameVerificationTest.java:33)
at Module1_login_test.PBTC1FullNameVerificationTest.InvokBrowser(PBTC1FullNameVerificationTest.java:33)
at Module1_login_test.PBTC1FullNameVerificationTest.InvokBrowser(PBTC1FullNameVerificationTest.java:33)
at Module1_login_test.PBTC1FullNameVerificationTest.InvokBrowser(PBTC1FullNameVerificationTest.java:33)
at Module1_login_test.PBTC1FullNameVerificationTest.InvokBrowser(PBTC1FullNameVerificationTest.java:33)
at Module1_login_test.PBTC1FullNameVerificationTest.InvokBrowser(PBTC1FullNameVerificationTest.java:33)
at Module1_login_test.PBTC1FullNameVerificationTest.InvokBrowser(PBTC1FullNameVerificationTest.java:33)
at Module1_login_test.PBTC1FullNameVerificationTest.InvokBrowser(PBTC1FullNameVerificationTest.java:33)
at Module1_login_test.PBTC1FullNameVerificationTest.InvokBrowser(PBTC1FullNameVerificationTest.java:33)
at Module1_login_test.PBTC1FullNameVerificationTest.InvokBrowser(PBTC1FullNameVerificationTest.java:33)
at Module1_login_test.PBTC1FullNameVerificationTest.InvokBrowser(PBTC1FullNameVerificationTest.java:33)
at Module1_login_test.PBTC1FullNameVerificationTest.InvokBrowser(PBTC1FullNameVerificationTest.java:33)
at Module1_login_test.PBTC1FullNameVerificationTest.InvokBrowser(PBTC1FullNameVerificationTest.java:33)
at Module1_login_test.PBTC1FullNameVerificationTest.InvokBrowser(PBTC1FullNameVerificationTest.java:33)
at Module1_login_test.PBTC1FullNameVerificationTest.InvokBrowser(PBTC1FullNameVerificationTest.java:33)
at Module1_login_test.PBTC1FullNameVerificationTest.InvokBrowser(PBTC1FullNameVerificationTest.java:33)
at Module1_login_test.PBTC1FullNameVerificationTest.InvokBrowser(PBTC1FullNameVerificationTest.java:33)
at Module1_login_test.PBTC1FullNameVerificationTest.InvokBrowser(PBTC1FullNameVerificationTest.java:33)
at Module1_login_test.PBTC1FullNameVerificationTest.InvokBrowser(PBTC1FullNameVerificationTest.java:33)
at Module1_login_test.PBTC1FullNameVerificationTest.InvokBrowser(PBTC1FullNameVerificationTest.java:33)
at Module1_login_test.PBTC1FullNameVerificationTest.InvokBrowser(PBTC1FullNameVerificationTest.java:33)
at Module1_login_test.PBTC1FullNameVerificationTest.InvokBrowser(PBTC1FullNameVerificationTest.java:33)
at Module1_login_test.PBTC1FullNameVerificationTest.InvokBrowser(PBTC1FullNameVerificationTest.java:33)
at Module1_login_test.PBTC1FullNameVerificationTest.InvokBrowser(PBTC1FullNameVerificationTest.java:33)
at Module1_login_test.PBTC1FullNameVerificationTest.InvokBrowser(PBTC1FullNameVerificationTest.java:33)
at Module1_login_test.PBTC1FullNameVerificationTest.InvokBrowser(PBTC1FullNameVerificationTest.java:33)
at Module1_login_test.PBTC1FullNameVerificationTest.InvokBrowser(PBTC1FullNameVerificationTest.java:33)
at Module1_login_test.PBTC1FullNameVerificationTest.InvokBrowser(PBTC1FullNameVerificationTest.java:33)
at Module1_login_test.PBTC1FullNameVerificationTest.InvokBrowser(PBTC1FullNameVerificationTest.java:33)
at Module1_login_test.PBTC1FullNameVerificationTest.InvokBrowser(PBTC1FullNameVerificationTest.java:33)
at Module1_login_test.PBTC1FullNameVerificationTest.InvokBrowser(PBTC1FullNameVerificationTest.java:33)
at Module1_login_test.PBTC1FullNameVerificationTest.InvokBrowser(PBTC1FullNameVerificationTest.java:33)
at Module1_login_test.PBTC1FullNameVerificationTest.InvokBrowser(PBTC1FullNameVerificationTest.java:33)
at Module1_login_test.PBTC1FullNameVerificationTest.InvokBrowser(PBTC1FullNameVerificationTest.java:33)
at Module1_login_test.PBTC1FullNameVerificationTest.InvokBrowser(PBTC1FullNameVerificationTest.java:33)
at Module1_login_test.PBTC1FullNameVerificationTest.InvokBrowser(PBTC1FullNameVerificationTest.java:33)
at Module1_login_test.PBTC1FullNameVerificationTest.InvokBrowser(PBTC1FullNameVerificationTest.java:33)
at Module1_login_test.PBTC1FullNameVerificationTest.InvokBrowser(PBTC1FullNameVerificationTest.java:33)
at Module1_login_test.PBTC1FullNameVerificationTest.InvokBrowser(PBTC1FullNameVerificationTest.java:33)
at Module1_login_test.PBTC1FullNameVerificationTest.InvokBrowser(PBTC1FullNameVerificationTest.java:33)
at Module1_login_test.PBTC1FullNameVerificationTest.InvokBrowser(PBTC1FullNameVerificationTest.java:33)
at Module1_login_test.PBTC1FullNameVerificationTest.InvokBrowser(PBTC1FullNameVerificationTest.java:33)
at Module1_login_test.PBTC1FullNameVerificationTest.InvokBrowser(PBTC1FullNameVerificationTest.java:33)
at Module1_login_test.PBTC1FullNameVerificationTest.InvokBrowser(PBTC1FullNameVerificationTest.java:33)
at Module1_login_test.PBTC1FullNameVerificationTest.InvokBrowser(PBTC1FullNameVerificationTest.java:33)
at Module1_login_test.PBTC1FullNameVerificationTest.InvokBrowser(PBTC1FullNameVerificationTest.java:33)
at Module1_login_test.PBTC1FullNameVerificationTest.InvokBrowser(PBTC1FullNameVerificationTest.java:33)
at Module1_login_test.PBTC1FullNameVerificationTest.InvokBrowser(PBTC1FullNameVerificationTest.java:33)
at Module1_login_test.PBTC1FullNameVerificationTest.InvokBrowser(PBTC1FullNameVerificationTest.java:33)
at Module1_login_test.PBTC1FullNameVerificationTest.InvokBrowser(PBTC1FullNameVerificationTest.java:33)
at Module1_login_test.PBTC1FullNameVerificationTest.InvokBrowser(PBTC1FullNameVerificationTest.java:33)
at Module1_login_test.PBTC1FullNameVerificationTest.InvokBrowser(PBTC1FullNameVerificationTest.java:33)
at Module1_login_test.PBTC1FullNameVerificationTest.InvokBrowser(PBTC1FullNameVerificationTest.java:33)
at Module1_login_test.PBTC1FullNameVerificationTest.InvokBrowser(PBTC1FullNameVerificationTest.java:33)
at Module1_login_test.PBTC1FullNameVerificationTest.InvokBrowser(PBTC1FullNameVerificationTest.java:33)
at Module1_login_test.PBTC1FullNameVerificationTest.InvokBrowser(PBTC1FullNameVerificationTest.java:33)
at Module1_login_test.PBTC1FullNameVerificationTest.InvokBrowser(PBTC1FullNameVerificationTest.java:33)
at Module1_login_test.PBTC1FullNameVerificationTest.InvokBrowser(PBTC1FullNameVerificationTest.java:33)
at Module1_login_test.PBTC1FullNameVerificationTest.InvokBrowser(PBTC1FullNameVerificationTest.java:33)
at Module1_login_test.PBTC1FullNameVerificationTest.InvokBrowser(PBTC1FullNameVerificationTest.java:33)
at Module1_login_test.PBTC1FullNameVerificationTest.InvokBrowser(PBTC1FullNameVerificationTest.java:33)
at Module1_login_test.PBTC1FullNameVerificationTest.InvokBrowser(PBTC1FullNameVerificationTest.java:33)
at Module1_login_test.PBTC1FullNameVerificationTest.InvokBrowser(PBTC1FullNameVerificationTest.java:33)
at Module1_login_test.PBTC1FullNameVerificationTest.InvokBrowser(PBTC1FullNameVerificationTest.java:33)
at Module1_login_test.PBTC1FullNameVerificationTest.InvokBrowser(PBTC1FullNameVerificationTest.java:33)
at Module1_login_test.PBTC1FullNameVerificationTest.InvokBrowser(PBTC1FullNameVerificationTest.java:33)
at Module1_login_test.PBTC1FullNameVerificationTest.InvokBrowser(PBTC1FullNameVerificationTest.java:33)
at Module1_login_test.PBTC1FullNameVerificationTest.InvokBrowser(PBTC1FullNameVerificationTest.java:33)
at Module1_login_test.PBTC1FullNameVerificationTest.InvokBrowser(PBTC1FullNameVerificationTest.java:33)
at Module1_login_test.PBTC1FullNameVerificationTest.InvokBrowser(PBTC1FullNameVerificationTest.java:33)
at Module1_login_test.PBTC1FullNameVerificationTest.InvokBrowser(PBTC1FullNameVerificationTest.java:33)
at Module1_login_test.PBTC1FullNameVerificationTest.InvokBrowser(PBTC1FullNameVerificationTest.java:33)
at Module1_login_test.PBTC1FullNameVerificationTest.InvokBrowser(PBTC1FullNameVerificationTest.java:33)
at Module1_login_test.PBTC1FullNameVerificationTest.InvokBrowser(PBTC1FullNameVerificationTest.java:33)
at Module1_login_test.PBTC1FullNameVerificationTest.InvokBrowser(PBTC1FullNameVerificationTest.java:33)
at Module1_login_test.PBTC1FullNameVerificationTest.InvokBrowser(PBTC1FullNameVerificationTest.java:33)
at Module1_login_test.PBTC1FullNameVerificationTest.InvokBrowser(PBTC1FullNameVerificationTest.java:33)
at Module1_login_test.PBTC1FullNameVerificationTest.InvokBrowser(PBTC1FullNameVerificationTest.java:33)
at Module1_login_test.PBTC1FullNameVerificationTest.InvokBrowser(PBTC1FullNameVerificationTest.java:33)
at Module1_login_test.PBTC1FullNameVerificationTest.InvokBrowser(PBTC1FullNameVerificationTest.java:33)
at Module1_login_test.PBTC1FullNameVerificationTest.InvokBrowser(PBTC1FullNameVerificationTest.java:33)
at Module1_login_test.PBTC1FullNameVerificationTest.InvokBrowser(PBTC1FullNameVerificationTest.java:33)
at Module1_login_test.PBTC1FullNameVerificationTest.InvokBrowser(PBTC1FullNameVerificationTest.java:33)
at Module1_login_test.PBTC1FullNameVerificationTest.InvokBrowser(PBTC1FullNameVerificationTest.java:33)
at Module1_login_test.PBTC1FullNameVerificationTest.InvokBrowser(PBTC1FullNameVerificationTest.java:33)
at Module1_login_test.PBTC1FullNameVerificationTest.InvokBrowser(PBTC1FullNameVerificationTest.java:33)
at Module1_login_test.PBTC1FullNameVerificationTest.InvokBrowser(PBTC1FullNameVerificationTest.java:33)
at Module1_login_test.PBTC1FullNameVerificationTest.InvokBrowser(PBTC1FullNameVerificationTest.java:33)
at Module1_login_test.PBTC1FullNameVerificationTest.InvokBrowser(PBTC1FullNameVerificationTest.java:33)
at Module1_login_test.PBTC1FullNameVerificationTest.InvokBrowser(PBTC1FullNameVerificationTest.java:33)
at Module1_login_test.PBTC1FullNameVerificationTest.InvokBrowser(PBTC1FullNameVerificationTest.java:33)
at Module1_login_test.PBTC1FullNameVerificationTest.InvokBrowser(PBTC1FullNameVerificationTest.java:33)
at Module1_login_test.PBTC1FullNameVerificationTest.InvokBrowser(PBTC1FullNameVerificationTest.java:33)
at Module1_login_test.PBTC1FullNameVerificationTest.InvokBrowser(PBTC1FullNameVerificationTest.java:33)
at Module1_login_test.PBTC1FullNameVerificationTest.InvokBrowser(PBTC1FullNameVerificationTest.java:33)
at Module1_login_test.PBTC1FullNameVerificationTest.InvokBrowser(PBTC1FullNameVerificationTest.java:33)
at Module1_login_test.PBTC1FullNameVerificationTest.InvokBrowser(PBTC1FullNameVerificationTest.java:33)
at Module1_login_test.PBTC1FullNameVerificationTest.InvokBrowser(PBTC1FullNameVerificationTest.java:33)
at Module1_login_test.PBTC1FullNameVerificationTest.InvokBrowser(PBTC1FullNameVerificationTest.java:33)
at Module1_login_test.PBTC1FullNameVerificationTest.InvokBrowser(PBTC1FullNameVerificationTest.java:33)
at Module1_login_test.PBTC1FullNameVerificationTest.InvokBrowser(PBTC1FullNameVerificationTest.java:33)
at Module1_login_test.PBTC1FullNameVerificationTest.InvokBrowser(PBTC1FullNameVerificationTest.java:33)
at Module1_login_test.PBTC1FullNameVerificationTest.InvokBrowser(PBTC1FullNameVerificationTest.java:33)
at Module1_login_test.PBTC1FullNameVerificationTest.InvokBrowser(PBTC1FullNameVerificationTest.java:33)
at Module1_login_test.PBTC1FullNameVerificationTest.InvokBrowser(PBTC1FullNameVerificationTest.java:33)
at Module1_login_test.PBTC1FullNameVerificationTest.InvokBrowser(PBTC1FullNameVerificationTest.java:33)
at Module1_login_test.PBTC1FullNameVerificationTest.InvokBrowser(PBTC1FullNameVerificationTest.java:33)
at Module1_login_test.PBTC1FullNameVerificationTest.InvokBrowser(PBTC1FullNameVerificationTest.java:33)
at Module1_login_test.PBTC1FullNameVerificationTest.InvokBrowser(PBTC1FullNameVerificationTest.java:33)
at Module1_login_test.PBTC1FullNameVerificationTest.InvokBrowser(PBTC1FullNameVerificationTest.java:33)
at Module1_login_test.PBTC1FullNameVerificationTest.InvokBrowser(PBTC1FullNameVerificationTest.java:33)
at Module1_login_test.PBTC1FullNameVerificationTest.InvokBrowser(PBTC1FullNameVerificationTest.java:33)
at Module1_login_test.PBTC1FullNameVerificationTest.InvokBrowser(PBTC1FullNameVerificationTest.java:33)
at Module1_login_test.PBTC1FullNameVerificationTest.InvokBrowser(PBTC1FullNameVerificationTest.java:33)
at Module1_login_test.PBTC1FullNameVerificationTest.InvokBrowser(PBTC1FullNameVerificationTest.java:33)
at Module1_login_test.PBTC1FullNameVerificationTest.InvokBrowser(PBTC1FullNameVerificationTest.java:33)
at Module1_login_test.PBTC1FullNameVerificationTest.InvokBrowser(PBTC1FullNameVerificationTest.java:33)
at Module1_login_test.PBTC1FullNameVerificationTest.InvokBrowser(PBTC1FullNameVerificationTest.java:33)
at Module1_login_test.PBTC1FullNameVerificationTest.InvokBrowser(PBTC1FullNameVerificationTest.java:33)
at Module1_login_test.PBTC1FullNameVerificationTest.InvokBrowser(PBTC1FullNameVerificationTest.java:33)
at Module1_login_test.PBTC1FullNameVerificationTest.InvokBrowser(PBTC1FullNameVerificationTest.java:33)
at Module1_login_test.PBTC1FullNameVerificationTest.InvokBrowser(PBTC1FullNameVerificationTest.java:33)
at Module1_login_test.PBTC1FullNameVerificationTest.InvokBrowser(PBTC1FullNameVerificationTest.java:33)
at Module1_login_test.PBTC1FullNameVerificationTest.InvokBrowser(PBTC1FullNameVerificationTest.java:33)
at Module1_login_test.PBTC1FullNameVerificationTest.InvokBrowser(PBTC1FullNameVerificationTest.java:33)
at Module1_login_test.PBTC1FullNameVerificationTest.InvokBrowser(PBTC1FullNameVerificationTest.java:33)
at Module1_login_test.PBTC1FullNameVerificationTest.InvokBrowser(PBTC1FullNameVerificationTest.java:33)
at Module1_login_test.PBTC1FullNameVerificationTest.InvokBrowser(PBTC1FullNameVerificationTest.java:33)
at Module1_login_test.PBTC1FullNameVerificationTest.InvokBrowser(PBTC1FullNameVerificationTest.java:33)
at Module1_login_test.PBTC1FullNameVerificationTest.InvokBrowser(PBTC1FullNameVerificationTest.java:33)
at Module1_login_test.PBTC1FullNameVerificationTest.InvokBrowser(PBTC1FullNameVerificationTest.java:33)
at Module1_login_test.PBTC1FullNameVerificationTest.InvokBrowser(PBTC1FullNameVerificationTest.java:33)
at Module1_login_test.PBTC1FullNameVerificationTest.InvokBrowser(PBTC1FullNameVerificationTest.java:33)
at Module1_login_test.PBTC1FullNameVerificationTest.InvokBrowser(PBTC1FullNameVerificationTest.java:33)
at Module1_login_test.PBTC1FullNameVerificationTest.InvokBrowser(PBTC1FullNameVerificationTest.java:33)
at Module1_login_test.PBTC1FullNameVerificationTest.InvokBrowser(PBTC1FullNameVerificationTest.java:33)
at Module1_login_test.PBTC1FullNameVerificationTest.InvokBrowser(PBTC1FullNameVerificationTest.java:33)
at Module1_login_test.PBTC1FullNameVerificationTest.InvokBrowser(PBTC1FullNameVerificationTest.java:33)
at Module1_login_test.PBTC1FullNameVerificationTest.InvokBrowser(PBTC1FullNameVerificationTest.java:33)
at Module1_login_test.PBTC1FullNameVerificationTest.InvokBrowser(PBTC1FullNameVerificationTest.java:33)
at Module1_login_test.PBTC1FullNameVerificationTest.InvokBrowser(PBTC1FullNameVerificationTest.java:33)
at Module1_login_test.PBTC1FullNameVerificationTest.InvokBrowser(PBTC1FullNameVerificationTest.java:33)
at Module1_login_test.PBTC1FullNameVerificationTest.InvokBrowser(PBTC1FullNameVerificationTest.java:33)
at Module1_login_test.PBTC1FullNameVerificationTest.InvokBrowser(PBTC1FullNameVerificationTest.java:33)
at Module1_login_test.PBTC1FullNameVerificationTest.InvokBrowser(PBTC1FullNameVerificationTest.java:33)
at Module1_login_test.PBTC1FullNameVerificationTest.InvokBrowser(PBTC1FullNameVerificationTest.java:33)
at Module1_login_test.PBTC1FullNameVerificationTest.InvokBrowser(PBTC1FullNameVerificationTest.java:33)
at Module1_login_test.PBTC1FullNameVerificationTest.InvokBrowser(PBTC1FullNameVerificationTest.java:33)
at Module1_login_test.PBTC1FullNameVerificationTest.InvokBrowser(PBTC1FullNameVerificationTest.java:33)
at Module1_login_test.PBTC1FullNameVerificationTest.InvokBrowser(PBTC1FullNameVerificationTest.java:33)
at Module1_login_test.PBTC1FullNameVerificationTest.InvokBrowser(PBTC1FullNameVerificationTest.java:33)
at Module1_login_test.PBTC1FullNameVerificationTest.InvokBrowser(PBTC1FullNameVerificationTest.java:33)
at Module1_login_test.PBTC1FullNameVerificationTest.InvokBrowser(PBTC1FullNameVerificationTest.java:33)
at Module1_login_test.PBTC1FullNameVerificationTest.InvokBrowser(PBTC1FullNameVerificationTest.java:33)
at Module1_login_test.PBTC1FullNameVerificationTest.InvokBrowser(PBTC1FullNameVerificationTest.java:33)
at Module1_login_test.PBTC1FullNameVerificationTest.InvokBrowser(PBTC1FullNameVerificationTest.java:33)
at Module1_login_test.PBTC1FullNameVerificationTest.InvokBrowser(PBTC1FullNameVerificationTest.java:33)
at Module1_login_test.PBTC1FullNameVerificationTest.InvokBrowser(PBTC1FullNameVerificationTest.java:33)
at Module1_login_test.PBTC1FullNameVerificationTest.InvokBrowser(PBTC1FullNameVerificationTest.java:33)
at Module1_login_test.PBTC1FullNameVerificationTest.InvokBrowser(PBTC1FullNameVerificationTest.java:33)
at Module1_login_test.PBTC1FullNameVerificationTest.InvokBrowser(PBTC1FullNameVerificationTest.java:33)
at Module1_login_test.PBTC1FullNameVerificationTest.InvokBrowser(PBTC1FullNameVerificationTest.java:33)
at Module1_login_test.PBTC1FullNameVerificationTest.InvokBrowser(PBTC1FullNameVerificationTest.java:33)
at Module1_login_test.PBTC1FullNameVerificationTest.InvokBrowser(PBTC1FullNameVerificationTest.java:33)
at Module1_login_test.PBTC1FullNameVerificationTest.InvokBrowser(PBTC1FullNameVerificationTest.java:33)
at Module1_login_test.PBTC1FullNameVerificationTest.InvokBrowser(PBTC1FullNameVerificationTest.java:33)
at Module1_login_test.PBTC1FullNameVerificationTest.InvokBrowser(PBTC1FullNameVerificationTest.java:33)
at Module1_login_test.PBTC1FullNameVerificationTest.InvokBrowser(PBTC1FullNameVerificationTest.java:33)
at Module1_login_test.PBTC1FullNameVerificationTest.InvokBrowser(PBTC1FullNameVerificationTest.java:33)
at Module1_login_test.PBTC1FullNameVerificationTest.InvokBrowser(PBTC1FullNameVerificationTest.java:33)
at Module1_login_test.PBTC1FullNameVerificationTest.InvokBrowser(PBTC1FullNameVerificationTest.java:33)
at Module1_login_test.PBTC1FullNameVerificationTest.InvokBrowser(PBTC1FullNameVerificationTest.java:33)
at Module1_login_test.PBTC1FullNameVerificationTest.InvokBrowser(PBTC1FullNameVerificationTest.java:33)
at Module1_login_test.PBTC1FullNameVerificationTest.InvokBrowser(PBTC1FullNameVerificationTest.java:33)
at Module1_login_test.PBTC1FullNameVerificationTest.InvokBrowser(PBTC1FullNameVerificationTest.java:33)
at Module1_login_test.PBTC1FullNameVerificationTest.InvokBrowser(PBTC1FullNameVerificationTest.java:33)
at Module1_login_test.PBTC1FullNameVerificationTest.InvokBrowser(PBTC1FullNameVerificationTest.java:33)
at Module1_login_test.PBTC1FullNameVerificationTest.InvokBrowser(PBTC1FullNameVerificationTest.java:33)
at Module1_login_test.PBTC1FullNameVerificationTest.InvokBrowser(PBTC1FullNameVerificationTest.java:33)
at Module1_login_test.PBTC1FullNameVerificationTest.InvokBrowser(PBTC1FullNameVerificationTest.java:33)
at Module1_login_test.PBTC1FullNameVerificationTest.InvokBrowser(PBTC1FullNameVerificationTest.java:33)
at Module1_login_test.PBTC1FullNameVerificationTest.InvokBrowser(PBTC1FullNameVerificationTest.java:33)
at Module1_login_test.PBTC1FullNameVerificationTest.InvokBrowser(PBTC1FullNameVerificationTest.java:33)
at Module1_login_test.PBTC1FullNameVerificationTest.InvokBrowser(PBTC1FullNameVerificationTest.java:33)
at Module1_login_test.PBTC1FullNameVerificationTest.InvokBrowser(PBTC1FullNameVerificationTest.java:33)
at Module1_login_test.PBTC1FullNameVerificationTest.InvokBrowser(PBTC1FullNameVerificationTest.java:33)
at Module1_login_test.PBTC1FullNameVerificationTest.InvokBrowser(PBTC1FullNameVerificationTest.java:33)
at Module1_login_test.PBTC1FullNameVerificationTest.InvokBrowser(PBTC1FullNameVerificationTest.java:33)
at Module1_login_test.PBTC1FullNameVerificationTest.InvokBrowser(PBTC1FullNameVerificationTest.java:33)
at Module1_login_test.PBTC1FullNameVerificationTest.InvokBrowser(PBTC1FullNameVerificationTest.java:33)
at Module1_login_test.PBTC1FullNameVerificationTest.InvokBrowser(PBTC1FullNameVerificationTest.java:33)
at Module1_login_test.PBTC1FullNameVerificationTest.InvokBrowser(PBTC1FullNameVerificationTest.java:33)
at Module1_login_test.PBTC1FullNameVerificationTest.InvokBrowser(PBTC1FullNameVerificationTest.java:33)
at Module1_login_test.PBTC1FullNameVerificationTest.InvokBrowser(PBTC1FullNameVerificationTest.java:33)
at Module1_login_test.PBTC1FullNameVerificationTest.InvokBrowser(PBTC1FullNameVerificationTest.java:33)
at Module1_login_test.PBTC1FullNameVerificationTest.InvokBrowser(PBTC1FullNameVerificationTest.java:33)
at Module1_login_test.PBTC1FullNameVerificationTest.InvokBrowser(PBTC1FullNameVerificationTest.java:33)
at Module1_login_test.PBTC1FullNameVerificationTest.InvokBrowser(PBTC1FullNameVerificationTest.java:33)
at Module1_login_test.PBTC1FullNameVerificationTest.InvokBrowser(PBTC1FullNameVerificationTest.java:33)
at Module1_login_test.PBTC1FullNameVerificationTest.InvokBrowser(PBTC1FullNameVerificationTest.java:33)
at Module1_login_test.PBTC1FullNameVerificationTest.InvokBrowser(PBTC1FullNameVerificationTest.java:33)
at Module1_login_test.PBTC1FullNameVerificationTest.InvokBrowser(PBTC1FullNameVerificationTest.java:33)
at Module1_login_test.PBTC1FullNameVerificationTest.InvokBrowser(PBTC1FullNameVerificationTest.java:33)
at Module1_login_test.PBTC1FullNameVerificationTest.InvokBrowser(PBTC1FullNameVerificationTest.java:33)
at Module1_login_test.PBTC1FullNameVerificationTest.InvokBrowser(PBTC1FullNameVerificationTest.java:33)
at Module1_login_test.PBTC1FullNameVerificationTest.InvokBrowser(PBTC1FullNameVerificationTest.java:33)
at Module1_login_test.PBTC1FullNameVerificationTest.InvokBrowser(PBTC1FullNameVerificationTest.java:33)
at Module1_login_test.PBTC1FullNameVerificationTest.InvokBrowser(PBTC1FullNameVerificationTest.java:33)
at Module1_login_test.PBTC1FullNameVerificationTest.InvokBrowser(PBTC1FullNameVerificationTest.java:33)
at Module1_login_test.PBTC1FullNameVerificationTest.InvokBrowser(PBTC1FullNameVerificationTest.java:33)
at Module1_login_test.PBTC1FullNameVerificationTest.InvokBrowser(PBTC1FullNameVerificationTest.java:33)
at Module1_login_test.PBTC1FullNameVerificationTest.InvokBrowser(PBTC1FullNameVerificationTest.java:33)
at Module1_login_test.PBTC1FullNameVerificationTest.InvokBrowser(PBTC1FullNameVerificationTest.java:33)
at Module1_login_test.PBTC1FullNameVerificationTest.InvokBrowser(PBTC1FullNameVerificationTest.java:33)
at Module1_login_test.PBTC1FullNameVerificationTest.InvokBrowser(PBTC1FullNameVerificationTest.java:33)
at Module1_login_test.PBTC1FullNameVerificationTest.InvokBrowser(PBTC1FullNameVerificationTest.java:33)
at Module1_login_test.PBTC1FullNameVerificationTest.InvokBrowser(PBTC1FullNameVerificationTest.java:33)
at Module1_login_test.PBTC1FullNameVerificationTest.InvokBrowser(PBTC1FullNameVerificationTest.java:33)
at Module1_login_test.PBTC1FullNameVerificationTest.InvokBrowser(PBTC1FullNameVerificationTest.java:33)
at Module1_login_test.PBTC1FullNameVerificationTest.InvokBrowser(PBTC1FullNameVerificationTest.java:33)
at Module1_login_test.PBTC1FullNameVerificationTest.InvokBrowser(PBTC1FullNameVerificationTest.java:33)
at Module1_login_test.PBTC1FullNameVerificationTest.InvokBrowser(PBTC1FullNameVerificationTest.java:33)
at Module1_login_test.PBTC1FullNameVerificationTest.InvokBrowser(PBTC1FullNameVerificationTest.java:33)
at Module1_login_test.PBTC1FullNameVerificationTest.InvokBrowser(PBTC1FullNameVerificationTest.java:33)
at Module1_login_test.PBTC1FullNameVerificationTest.InvokBrowser(PBTC1FullNameVerificationTest.java:33)
at Module1_login_test.PBTC1FullNameVerificationTest.InvokBrowser(PBTC1FullNameVerificationTest.java:33)
at Module1_login_test.PBTC1FullNameVerificationTest.InvokBrowser(PBTC1FullNameVerificationTest.java:33)
at Module1_login_test.PBTC1FullNameVerificationTest.InvokBrowser(PBTC1FullNameVerificationTest.java:33)
at Module1_login_test.PBTC1FullNameVerificationTest.InvokBrowser(PBTC1FullNameVerificationTest.java:33)
at Module1_login_test.PBTC1FullNameVerificationTest.InvokBrowser(PBTC1FullNameVerificationTest.java:33)
at Module1_login_test.PBTC1FullNameVerificationTest.InvokBrowser(PBTC1FullNameVerificationTest.java:33)
at Module1_login_test.PBTC1FullNameVerificationTest.InvokBrowser(PBTC1FullNameVerificationTest.java:33)
at Module1_login_test.PBTC1FullNameVerificationTest.InvokBrowser(PBTC1FullNameVerificationTest.java:33)
at Module1_login_test.PBTC1FullNameVerificationTest.InvokBrowser(PBTC1FullNameVerificationTest.java:33)
at Module1_login_test.PBTC1FullNameVerificationTest.InvokBrowser(PBTC1FullNameVerificationTest.java:33)
at Module1_login_test.PBTC1FullNameVerificationTest.InvokBrowser(PBTC1FullNameVerificationTest.java:33)
at Module1_login_test.PBTC1FullNameVerificationTest.InvokBrowser(PBTC1FullNameVerificationTest.java:33)
at Module1_login_test.PBTC1FullNameVerificationTest.InvokBrowser(PBTC1FullNameVerificationTest.java:33)
at Module1_login_test.PBTC1FullNameVerificationTest.InvokBrowser(PBTC1FullNameVerificationTest.java:33)
at Module1_login_test.PBTC1FullNameVerificationTest.InvokBrowser(PBTC1FullNameVerificationTest.java:33)
at Module1_login_test.PBTC1FullNameVerificationTest.InvokBrowser(PBTC1FullNameVerificationTest.java:33)
at Module1_login_test.PBTC1FullNameVerificationTest.InvokBrowser(PBTC1FullNameVerificationTest.java:33)
at Module1_login_test.PBTC1FullNameVerificationTest.InvokBrowser(PBTC1FullNameVerificationTest.java:33)
at Module1_login_test.PBTC1FullNameVerificationTest.InvokBrowser(PBTC1FullNameVerificationTest.java:33)
at Module1_login_test.PBTC1FullNameVerificationTest.InvokBrowser(PBTC1FullNameVerificationTest.java:33)
at Module1_login_test.PBTC1FullNameVerificationTest.InvokBrowser(PBTC1FullNameVerificationTest.java:33)
at Module1_login_test.PBTC1FullNameVerificationTest.InvokBrowser(PBTC1FullNameVerificationTest.java:33)
at Module1_login_test.PBTC1FullNameVerificationTest.InvokBrowser(PBTC1FullNameVerificationTest.java:33)
at Module1_login_test.PBTC1FullNameVerificationTest.InvokBrowser(PBTC1FullNameVerificationTest.java:33)
at Module1_login_test.PBTC1FullNameVerificationTest.InvokBrowser(PBTC1FullNameVerificationTest.java:33)
at Module1_login_test.PBTC1FullNameVerificationTest.InvokBrowser(PBTC1FullNameVerificationTest.java:33)
at Module1_login_test.PBTC1FullNameVerificationTest.InvokBrowser(PBTC1FullNameVerificationTest.java:33)
at Module1_login_test.PBTC1FullNameVerificationTest.InvokBrowser(PBTC1FullNameVerificationTest.java:33)
at Module1_login_test.PBTC1FullNameVerificationTest.InvokBrowser(PBTC1FullNameVerificationTest.java:33)
at Module1_login_test.PBTC1FullNameVerificationTest.InvokBrowser(PBTC1FullNameVerificationTest.java:33)
at Module1_login_test.PBTC1FullNameVerificationTest.InvokBrowser(PBTC1FullNameVerificationTest.java:33)
at Module1_login_test.PBTC1FullNameVerificationTest.InvokBrowser(PBTC1FullNameVerificationTest.java:33)
at Module1_login_test.PBTC1FullNameVerificationTest.InvokBrowser(PBTC1FullNameVerificationTest.java:33)
at Module1_login_test.PBTC1FullNameVerificationTest.InvokBrowser(PBTC1FullNameVerificationTest.java:33)
at Module1_login_test.PBTC1FullNameVerificationTest.InvokBrowser(PBTC1FullNameVerificationTest.java:33)
at Module1_login_test.PBTC1FullNameVerificationTest.InvokBrowser(PBTC1FullNameVerificationTest.java:33)
at Module1_login_test.PBTC1FullNameVerificationTest.InvokBrowser(PBTC1FullNameVerificationTest.java:33)
at Module1_login_test.PBTC1FullNameVerificationTest.InvokBrowser(PBTC1FullNameVerificationTest.java:33)
at Module1_login_test.PBTC1FullNameVerificationTest.InvokBrowser(PBTC1FullNameVerificationTest.java:33)
at Module1_login_test.PBTC1FullNameVerificationTest.InvokBrowser(PBTC1FullNameVerificationTest.java:33)
at Module1_login_test.PBTC1FullNameVerificationTest.InvokBrowser(PBTC1FullNameVerificationTest.java:33)
at Module1_login_test.PBTC1FullNameVerificationTest.InvokBrowser(PBTC1FullNameVerificationTest.java:33)
at Module1_login_test.PBTC1FullNameVerificationTest.InvokBrowser(PBTC1FullNameVerificationTest.java:33)
at Module1_login_test.PBTC1FullNameVerificationTest.InvokBrowser(PBTC1FullNameVerificationTest.java:33)
at Module1_login_test.PBTC1FullNameVerificationTest.InvokBrowser(PBTC1FullNameVerificationTest.java:33)
at Module1_login_test.PBTC1FullNameVerificationTest.InvokBrowser(PBTC1FullNameVerificationTest.java:33)
at Module1_login_test.PBTC1FullNameVerificationTest.InvokBrowser(PBTC1FullNameVerificationTest.java:33)
at Module1_login_test.PBTC1FullNameVerificationTest.InvokBrowser(PBTC1FullNameVerificationTest.java:33)
at Module1_login_test.PBTC1FullNameVerificationTest.InvokBrowser(PBTC1FullNameVerificationTest.java:33)
at Module1_login_test.PBTC1FullNameVerificationTest.InvokBrowser(PBTC1FullNameVerificationTest.java:33)
at Module1_login_test.PBTC1FullNameVerificationTest.InvokBrowser(PBTC1FullNameVerificationTest.java:33)
at Module1_login_test.PBTC1FullNameVerificationTest.InvokBrowser(PBTC1FullNameVerificationTest.java:33)
at Module1_login_test.PBTC1FullNameVerificationTest.InvokBrowser(PBTC1FullNameVerificationTest.java:33)
at Module1_login_test.PBTC1FullNameVerificationTest.InvokBrowser(PBTC1FullNameVerificationTest.java:33)
at Module1_login_test.PBTC1FullNameVerificationTest.InvokBrowser(PBTC1FullNameVerificationTest.java:33)
at Module1_login_test.PBTC1FullNameVerificationTest.InvokBrowser(PBTC1FullNameVerificationTest.java:33)
at Module1_login_test.PBTC1FullNameVerificationTest.InvokBrowser(PBTC1FullNameVerificationTest.java:33)
at Module1_login_test.PBTC1FullNameVerificationTest.InvokBrowser(PBTC1FullNameVerificationTest.java:33)
at Module1_login_test.PBTC1FullNameVerificationTest.InvokBrowser(PBTC1FullNameVerificationTest.java:33)
at Module1_login_test.PBTC1FullNameVerificationTest.InvokBrowser(PBTC1FullNameVerificationTest.java:33)
at Module1_login_test.PBTC1FullNameVerificationTest.InvokBrowser(PBTC1FullNameVerificationTest.java:33)
at Module1_login_test.PBTC1FullNameVerificationTest.InvokBrowser(PBTC1FullNameVerificationTest.java:33)
at Module1_login_test.PBTC1FullNameVerificationTest.InvokBrowser(PBTC1FullNameVerificationTest.java:33)
at Module1_login_test.PBTC1FullNameVerificationTest.InvokBrowser(PBTC1FullNameVerificationTest.java:33)
at Module1_login_test.PBTC1FullNameVerificationTest.InvokBrowser(PBTC1FullNameVerificationTest.java:33)
at Module1_login_test.PBTC1FullNameVerificationTest.InvokBrowser(PBTC1FullNameVerificationTest.java:33)
at Module1_login_test.PBTC1FullNameVerificationTest.InvokBrowser(PBTC1FullNameVerificationTest.java:33)
at Module1_login_test.PBTC1FullNameVerificationTest.InvokBrowser(PBTC1FullNameVerificationTest.java:33)
at Module1_login_test.PBTC1FullNameVerificationTest.InvokBrowser(PBTC1FullNameVerificationTest.java:33)
at Module1_login_test.PBTC1FullNameVerificationTest.InvokBrowser(PBTC1FullNameVerificationTest.java:33)
at Module1_login_test.PBTC1FullNameVerificationTest.InvokBrowser(PBTC1FullNameVerificationTest.java:33)
at Module1_login_test.PBTC1FullNameVerificationTest.InvokBrowser(PBTC1FullNameVerificationTest.java:33)
at Module1_login_test.PBTC1FullNameVerificationTest.InvokBrowser(PBTC1FullNameVerificationTest.java:33)
at Module1_login_test.PBTC1FullNameVerificationTest.InvokBrowser(PBTC1FullNameVerificationTest.java:33)
at Module1_login_test.PBTC1FullNameVerificationTest.InvokBrowser(PBTC1FullNameVerificationTest.java:33)
at Module1_login_test.PBTC1FullNameVerificationTest.InvokBrowser(PBTC1FullNameVerificationTest.java:33)
at Module1_login_test.PBTC1FullNameVerificationTest.InvokBrowser(PBTC1FullNameVerificationTest.java:33)
at Module1_login_test.PBTC1FullNameVerificationTest.InvokBrowser(PBTC1FullNameVerificationTest.java:33)
at Module1_login_test.PBTC1FullNameVerificationTest.InvokBrowser(PBTC1FullNameVerificationTest.java:33)
at Module1_login_test.PBTC1FullNameVerificationTest.InvokBrowser(PBTC1FullNameVerificationTest.java:33)
at Module1_login_test.PBTC1FullNameVerificationTest.InvokBrowser(PBTC1FullNameVerificationTest.java:33)
at Module1_login_test.PBTC1FullNameVerificationTest.InvokBrowser(PBTC1FullNameVerificationTest.java:33)
at Module1_login_test.PBTC1FullNameVerificationTest.InvokBrowser(PBTC1FullNameVerificationTest.java:33)
at Module1_login_test.PBTC1FullNameVerificationTest.InvokBrowser(PBTC1FullNameVerificationTest.java:33)
at Module1_login_test.PBTC1FullNameVerificationTest.InvokBrowser(PBTC1FullNameVerificationTest.java:33)
at Module1_login_test.PBTC1FullNameVerificationTest.InvokBrowser(PBTC1FullNameVerificationTest.java:33)
at Module1_login_test.PBTC1FullNameVerificationTest.InvokBrowser(PBTC1FullNameVerificationTest.java:33)
at Module1_login_test.PBTC1FullNameVerificationTest.InvokBrowser(PBTC1FullNameVerificationTest.java:33)
at Module1_login_test.PBTC1FullNameVerificationTest.InvokBrowser(PBTC1FullNameVerificationTest.java:33)
at Module1_login_test.PBTC1FullNameVerificationTest.InvokBrowser(PBTC1FullNameVerificationTest.java:33)
at Module1_login_test.PBTC1FullNameVerificationTest.InvokBrowser(PBTC1FullNameVerificationTest.java:33)
at Module1_login_test.PBTC1FullNameVerificationTest.InvokBrowser(PBTC1FullNameVerificationTest.java:33)
at Module1_login_test.PBTC1FullNameVerificationTest.InvokBrowser(PBTC1FullNameVerificationTest.java:33)
at Module1_login_test.PBTC1FullNameVerificationTest.InvokBrowser(PBTC1FullNameVerificationTest.java:33)
at Module1_login_test.PBTC1FullNameVerificationTest.InvokBrowser(PBTC1FullNameVerificationTest.java:33)
at Module1_login_test.PBTC1FullNameVerificationTest.InvokBrowser(PBTC1FullNameVerificationTest.java:33)
at Module1_login_test.PBTC1FullNameVerificationTest.InvokBrowser(PBTC1FullNameVerificationTest.java:33)
at Module1_login_test.PBTC1FullNameVerificationTest.InvokBrowser(PBTC1FullNameVerificationTest.java:33)
at Module1_login_test.PBTC1FullNameVerificationTest.InvokBrowser(PBTC1FullNameVerificationTest.java:33)
at Module1_login_test.PBTC1FullNameVerificationTest.InvokBrowser(PBTC1FullNameVerificationTest.java:33)
at Module1_login_test.PBTC1FullNameVerificationTest.InvokBrowser(PBTC1FullNameVerificationTest.java:33)
at Module1_login_test.PBTC1FullNameVerificationTest.InvokBrowser(PBTC1FullNameVerificationTest.java:33)
at Module1_login_test.PBTC1FullNameVerificationTest.InvokBrowser(PBTC1FullNameVerificationTest.java:33)
at Module1_login_test.PBTC1FullNameVerificationTest.InvokBrowser(PBTC1FullNameVerificationTest.java:33)
at Module1_login_test.PBTC1FullNameVerificationTest.InvokBrowser(PBTC1FullNameVerificationTest.java:33)
at Module1_login_test.PBTC1FullNameVerificationTest.InvokBrowser(PBTC1FullNameVerificationTest.java:33)
at Module1_login_test.PBTC1FullNameVerificationTest.InvokBrowser(PBTC1FullNameVerificationTest.java:33)
at Module1_login_test.PBTC1FullNameVerificationTest.InvokBrowser(PBTC1FullNameVerificationTest.java:33)
at Module1_login_test.PBTC1FullNameVerificationTest.InvokBrowser(PBTC1FullNameVerificationTest.java:33)
at Module1_login_test.PBTC1FullNameVerificationTest.InvokBrowser(PBTC1FullNameVerificationTest.java:33)
at Module1_login_test.PBTC1FullNameVerificationTest.InvokBrowser(PBTC1FullNameVerificationTest.java:33)
at Module1_login_test.PBTC1FullNameVerificationTest.InvokBrowser(PBTC1FullNameVerificationTest.java:33)
at Module1_login_test.PBTC1FullNameVerificationTest.InvokBrowser(PBTC1FullNameVerificationTest.java:33)
at Module1_login_test.PBTC1FullNameVerificationTest.InvokBrowser(PBTC1FullNameVerificationTest.java:33)
at Module1_login_test.PBTC1FullNameVerificationTest.InvokBrowser(PBTC1FullNameVerificationTest.java:33)
at Module1_login_test.PBTC1FullNameVerificationTest.InvokBrowser(PBTC1FullNameVerificationTest.java:33)
at Module1_login_test.PBTC1FullNameVerificationTest.InvokBrowser(PBTC1FullNameVerificationTest.java:33)
at Module1_login_test.PBTC1FullNameVerificationTest.InvokBrowser(PBTC1FullNameVerificationTest.java:33)
at Module1_login_test.PBTC1FullNameVerificationTest.InvokBrowser(PBTC1FullNameVerificationTest.java:33)
at Module1_login_test.PBTC1FullNameVerificationTest.InvokBrowser(PBTC1FullNameVerificationTest.java:33)
at Module1_login_test.PBTC1FullNameVerificationTest.InvokBrowser(PBTC1FullNameVerificationTest.java:33)
at Module1_login_test.PBTC1FullNameVerificationTest.InvokBrowser(PBTC1FullNameVerificationTest.java:33)
at Module1_login_test.PBTC1FullNameVerificationTest.InvokBrowser(PBTC1FullNameVerificationTest.java:33)
at Module1_login_test.PBTC1FullNameVerificationTest.InvokBrowser(PBTC1FullNameVerificationTest.java:33)
at Module1_login_test.PBTC1FullNameVerificationTest.InvokBrowser(PBTC1FullNameVerificationTest.java:33)
at Module1_login_test.PBTC1FullNameVerificationTest.InvokBrowser(PBTC1FullNameVerificationTest.java:33)
at Module1_login_test.PBTC1FullNameVerificationTest.InvokBrowser(PBTC1FullNameVerificationTest.java:33)
at Module1_login_test.PBTC1FullNameVerificationTest.InvokBrowser(PBTC1FullNameVerificationTest.java:33)
at Module1_login_test.PBTC1FullNameVerificationTest.InvokBrowser(PBTC1FullNameVerificationTest.java:33)
at Module1_login_test.PBTC1FullNameVerificationTest.InvokBrowser(PBTC1FullNameVerificationTest.java:33)
at Module1_login_test.PBTC1FullNameVerificationTest.InvokBrowser(PBTC1FullNameVerificationTest.java:33)
at Module1_login_test.PBTC1FullNameVerificationTest.InvokBrowser(PBTC1FullNameVerificationTest.java:33)
at Module1_login_test.PBTC1FullNameVerificationTest.InvokBrowser(PBTC1FullNameVerificationTest.java:33)
at Module1_login_test.PBTC1FullNameVerificationTest.InvokBrowser(PBTC1FullNameVerificationTest.java:33)
at Module1_login_test.PBTC1FullNameVerificationTest.InvokBrowser(PBTC1FullNameVerificationTest.java:33)
at Module1_login_test.PBTC1FullNameVerificationTest.InvokBrowser(PBTC1FullNameVerificationTest.java:33)
at Module1_login_test.PBTC1FullNameVerificationTest.InvokBrowser(PBTC1FullNameVerificationTest.java:33)
at Module1_login_test.PBTC1FullNameVerificationTest.InvokBrowser(PBTC1FullNameVerificationTest.java:33)
at Module1_login_test.PBTC1FullNameVerificationTest.InvokBrowser(PBTC1FullNameVerificationTest.java:33)
at Module1_login_test.PBTC1FullNameVerificationTest.InvokBrowser(PBTC1FullNameVerificationTest.java:33)
at Module1_login_test.PBTC1FullNameVerificationTest.InvokBrowser(PBTC1FullNameVerificationTest.java:33)
at Module1_login_test.PBTC1FullNameVerificationTest.InvokBrowser(PBTC1FullNameVerificationTest.java:33)
at Module1_login_test.PBTC1FullNameVerificationTest.InvokBrowser(PBTC1FullNameVerificationTest.java:33)
at Module1_login_test.PBTC1FullNameVerificationTest.InvokBrowser(PBTC1FullNameVerificationTest.java:33)
at Module1_login_test.PBTC1FullNameVerificationTest.InvokBrowser(PBTC1FullNameVerificationTest.java:33)
at Module1_login_test.PBTC1FullNameVerificationTest.InvokBrowser(PBTC1FullNameVerificationTest.java:33)
at Module1_login_test.PBTC1FullNameVerificationTest.InvokBrowser(PBTC1FullNameVerificationTest.java:33)
at Module1_login_test.PBTC1FullNameVerificationTest.InvokBrowser(PBTC1FullNameVerificationTest.java:33)
at Module1_login_test.PBTC1FullNameVerificationTest.InvokBrowser(PBTC1FullNameVerificationTest.java:33)
at Module1_login_test.PBTC1FullNameVerificationTest.InvokBrowser(PBTC1FullNameVerificationTest.java:33)
at Module1_login_test.PBTC1FullNameVerificationTest.InvokBrowser(PBTC1FullNameVerificationTest.java:33)
at Module1_login_test.PBTC1FullNameVerificationTest.InvokBrowser(PBTC1FullNameVerificationTest.java:33)
at Module1_login_test.PBTC1FullNameVerificationTest.InvokBrowser(PBTC1FullNameVerificationTest.java:33)
at Module1_login_test.PBTC1FullNameVerificationTest.InvokBrowser(PBTC1FullNameVerificationTest.java:33)
at Module1_login_test.PBTC1FullNameVerificationTest.InvokBrowser(PBTC1FullNameVerificationTest.java:33)
at Module1_login_test.PBTC1FullNameVerificationTest.InvokBrowser(PBTC1FullNameVerificationTest.java:33)
at Module1_login_test.PBTC1FullNameVerificationTest.InvokBrowser(PBTC1FullNameVerificationTest.java:33)
at Module1_login_test.PBTC1FullNameVerificationTest.InvokBrowser(PBTC1FullNameVerificationTest.java:33)
at Module1_login_test.PBTC1FullNameVerificationTest.InvokBrowser(PBTC1FullNameVerificationTest.java:33)
at Module1_login_test.PBTC1FullNameVerificationTest.InvokBrowser(PBTC1FullNameVerificationTest.java:33)
at Module1_login_test.PBTC1FullNameVerificationTest.InvokBrowser(PBTC1FullNameVerificationTest.java:33)
at Module1_login_test.PBTC1FullNameVerificationTest.InvokBrowser(PBTC1FullNameVerificationTest.java:33)
at Module1_login_test.PBTC1FullNameVerificationTest.InvokBrowser(PBTC1FullNameVerificationTest.java:33)
at Module1_login_test.PBTC1FullNameVerificationTest.InvokBrowser(PBTC1FullNameVerificationTest.java:33)
at Module1_login_test.PBTC1FullNameVerificationTest.InvokBrowser(PBTC1FullNameVerificationTest.java:33)
at Module1_login_test.PBTC1FullNameVerificationTest.InvokBrowser(PBTC1FullNameVerificationTest.java:33)
at Module1_login_test.PBTC1FullNameVerificationTest.InvokBrowser(PBTC1FullNameVerificationTest.java:33)
at Module1_login_test.PBTC1FullNameVerificationTest.InvokBrowser(PBTC1FullNameVerificationTest.java:33)
at Module1_login_test.PBTC1FullNameVerificationTest.InvokBrowser(PBTC1FullNameVerificationTest.java:33)
at Module1_login_test.PBTC1FullNameVerificationTest.InvokBrowser(PBTC1FullNameVerificationTest.java:33)
at Module1_login_test.PBTC1FullNameVerificationTest.InvokBrowser(PBTC1FullNameVerificationTest.java:33)
at Module1_login_test.PBTC1FullNameVerificationTest.InvokBrowser(PBTC1FullNameVerificationTest.java:33)
at Module1_login_test.PBTC1FullNameVerificationTest.InvokBrowser(PBTC1FullNameVerificationTest.java:33)
at Module1_login_test.PBTC1FullNameVerificationTest.InvokBrowser(PBTC1FullNameVerificationTest.java:33)
at Module1_login_test.PBTC1FullNameVerificationTest.InvokBrowser(PBTC1FullNameVerificationTest.java:33)
at Module1_login_test.PBTC1FullNameVerificationTest.InvokBrowser(PBTC1FullNameVerificationTest.java:33)
at Module1_login_test.PBTC1FullNameVerificationTest.InvokBrowser(PBTC1FullNameVerificationTest.java:33)
at Module1_login_test.PBTC1FullNameVerificationTest.InvokBrowser(PBTC1FullNameVerificationTest.java:33)
at Module1_login_test.PBTC1FullNameVerificationTest.InvokBrowser(PBTC1FullNameVerificationTest.java:33)
at Module1_login_test.PBTC1FullNameVerificationTest.InvokBrowser(PBTC1FullNameVerificationTest.java:33)
at Module1_login_test.PBTC1FullNameVerificationTest.InvokBrowser(PBTC1FullNameVerificationTest.java:33)
at Module1_login_test.PBTC1FullNameVerificationTest.InvokBrowser(PBTC1FullNameVerificationTest.java:33)
at Module1_login_test.PBTC1FullNameVerificationTest.InvokBrowser(PBTC1FullNameVerificationTest.java:33)
at Module1_login_test.PBTC1FullNameVerificationTest.InvokBrowser(PBTC1FullNameVerificationTest.java:33)
at Module1_login_test.PBTC1FullNameVerificationTest.InvokBrowser(PBTC1FullNameVerificationTest.java:33)
at Module1_login_test.PBTC1FullNameVerificationTest.InvokBrowser(PBTC1FullNameVerificationTest.java:33)
at Module1_login_test.PBTC1FullNameVerificationTest.InvokBrowser(PBTC1FullNameVerificationTest.java:33)
at Module1_login_test.PBTC1FullNameVerificationTest.InvokBrowser(PBTC1FullNameVerificationTest.java:33)
at Module1_login_test.PBTC1FullNameVerificationTest.InvokBrowser(PBTC1FullNameVerificationTest.java:33)
at Module1_login_test.PBTC1FullNameVerificationTest.InvokBrowser(PBTC1FullNameVerificationTest.java:33)
at Module1_login_test.PBTC1FullNameVerificationTest.InvokBrowser(PBTC1FullNameVerificationTest.java:33)
at Module1_login_test.PBTC1FullNameVerificationTest.InvokBrowser(PBTC1FullNameVerificationTest.java:33)
at Module1_login_test.PBTC1FullNameVerificationTest.InvokBrowser(PBTC1FullNameVerificationTest.java:33)
at Module1_login_test.PBTC1FullNameVerificationTest.InvokBrowser(PBTC1FullNameVerificationTest.java:33)
at Module1_login_test.PBTC1FullNameVerificationTest.InvokBrowser(PBTC1FullNameVerificationTest.java:33)
at Module1_login_test.PBTC1FullNameVerificationTest.InvokBrowser(PBTC1FullNameVerificationTest.java:33)
at Module1_login_test.PBTC1FullNameVerificationTest.InvokBrowser(PBTC1FullNameVerificationTest.java:33)
at Module1_login_test.PBTC1FullNameVerificationTest.InvokBrowser(PBTC1FullNameVerificationTest.java:33)
at Module1_login_test.PBTC1FullNameVerificationTest.InvokBrowser(PBTC1FullNameVerificationTest.java:33)
at Module1_login_test.PBTC1FullNameVerificationTest.InvokBrowser(PBTC1FullNameVerificationTest.java:33)
at Module1_login_test.PBTC1FullNameVerificationTest.InvokBrowser(PBTC1FullNameVerificationTest.java:33)
at Module1_login_test.PBTC1FullNameVerificationTest.InvokBrowser(PBTC1FullNameVerificationTest.java:33)
at Module1_login_test.PBTC1FullNameVerificationTest.InvokBrowser(PBTC1FullNameVerificationTest.java:33)
at Module1_login_test.PBTC1FullNameVerificationTest.InvokBrowser(PBTC1FullNameVerificationTest.java:33)
at Module1_login_test.PBTC1FullNameVerificationTest.InvokBrowser(PBTC1FullNameVerificationTest.java:33)
at Module1_login_test.PBTC1FullNameVerificationTest.InvokBrowser(PBTC1FullNameVerificationTest.java:33)
at Module1_login_test.PBTC1FullNameVerificationTest.InvokBrowser(PBTC1FullNameVerificationTest.java:33)
at Module1_login_test.PBTC1FullNameVerificationTest.InvokBrowser(PBTC1FullNameVerificationTest.java:33)
at Module1_login_test.PBTC1FullNameVerificationTest.InvokBrowser(PBTC1FullNameVerificationTest.java:33)
at Module1_login_test.PBTC1FullNameVerificationTest.InvokBrowser(PBTC1FullNameVerificationTest.java:33)
at Module1_login_test.PBTC1FullNameVerificationTest.InvokBrowser(PBTC1FullNameVerificationTest.java:33)
at Module1_login_test.PBTC1FullNameVerificationTest.InvokBrowser(PBTC1FullNameVerificationTest.java:33)
at Module1_login_test.PBTC1FullNameVerificationTest.InvokBrowser(PBTC1FullNameVerificationTest.java:33)
at Module1_login_test.PBTC1FullNameVerificationTest.InvokBrowser(PBTC1FullNameVerificationTest.java:33)
at Module1_login_test.PBTC1FullNameVerificationTest.InvokBrowser(PBTC1FullNameVerificationTest.java:33)
at Module1_login_test.PBTC1FullNameVerificationTest.InvokBrowser(PBTC1FullNameVerificationTest.java:33)
at Module1_login_test.PBTC1FullNameVerificationTest.InvokBrowser(PBTC1FullNameVerificationTest.java:33)
at Module1_login_test.PBTC1FullNameVerificationTest.InvokBrowser(PBTC1FullNameVerificationTest.java:33)
at Module1_login_test.PBTC1FullNameVerificationTest.InvokBrowser(PBTC1FullNameVerificationTest.java:33)
at Module1_login_test.PBTC1FullNameVerificationTest.InvokBrowser(PBTC1FullNameVerificationTest.java:33)
at Module1_login_test.PBTC1FullNameVerificationTest.InvokBrowser(PBTC1FullNameVerificationTest.java:33)
at Module1_login_test.PBTC1FullNameVerificationTest.InvokBrowser(PBTC1FullNameVerificationTest.java:33)
at Module1_login_test.PBTC1FullNameVerificationTest.InvokBrowser(PBTC1FullNameVerificationTest.java:33)
at Module1_login_test.PBTC1FullNameVerificationTest.InvokBrowser(PBTC1FullNameVerificationTest.java:33)
at Module1_login_test.PBTC1FullNameVerificationTest.InvokBrowser(PBTC1FullNameVerificationTest.java:33)
at Module1_login_test.PBTC1FullNameVerificationTest.InvokBrowser(PBTC1FullNameVerificationTest.java:33)
at Module1_login_test.PBTC1FullNameVerificationTest.InvokBrowser(PBTC1FullNameVerificationTest.java:33)
at Module1_login_test.PBTC1FullNameVerificationTest.InvokBrowser(PBTC1FullNameVerificationTest.java:33)
at Module1_login_test.PBTC1FullNameVerificationTest.InvokBrowser(PBTC1FullNameVerificationTest.java:33)
at Module1_login_test.PBTC1FullNameVerificationTest.InvokBrowser(PBTC1FullNameVerificationTest.java:33)
at Module1_login_test.PBTC1FullNameVerificationTest.InvokBrowser(PBTC1FullNameVerificationTest.java:33)
at Module1_login_test.PBTC1FullNameVerificationTest.InvokBrowser(PBTC1FullNameVerificationTest.java:33)
at Module1_login_test.PBTC1FullNameVerificationTest.InvokBrowser(PBTC1FullNameVerificationTest.java:33)
at Module1_login_test.PBTC1FullNameVerificationTest.InvokBrowser(PBTC1FullNameVerificationTest.java:33)
at Module1_login_test.PBTC1FullNameVerificationTest.InvokBrowser(PBTC1FullNameVerificationTest.java:33)
at Module1_login_test.PBTC1FullNameVerificationTest.InvokBrowser(PBTC1FullNameVerificationTest.java:33)
at Module1_login_test.PBTC1FullNameVerificationTest.InvokBrowser(PBTC1FullNameVerificationTest.java:33)
at Module1_login_test.PBTC1FullNameVerificationTest.InvokBrowser(PBTC1FullNameVerificationTest.java:33)
at Module1_login_test.PBTC1FullNameVerificationTest.InvokBrowser(PBTC1FullNameVerificationTest.java:33)
at Module1_login_test.PBTC1FullNameVerificationTest.InvokBrowser(PBTC1FullNameVerificationTest.java:33)
at Module1_login_test.PBTC1FullNameVerificationTest.InvokBrowser(PBTC1FullNameVerificationTest.java:33)
at Module1_login_test.PBTC1FullNameVerificationTest.InvokBrowser(PBTC1FullNameVerificationTest.java:33)
at Module1_login_test.PBTC1FullNameVerificationTest.InvokBrowser(PBTC1FullNameVerificationTest.java:33)
at Module1_login_test.PBTC1FullNameVerificationTest.InvokBrowser(PBTC1FullNameVerificationTest.java:33)
at Module1_login_test.PBTC1FullNameVerificationTest.InvokBrowser(PBTC1FullNameVerificationTest.java:33)
at Module1_login_test.PBTC1FullNameVerificationTest.InvokBrowser(PBTC1FullNameVerificationTest.java:33)
at Module1_login_test.PBTC1FullNameVerificationTest.InvokBrowser(PBTC1FullNameVerificationTest.java:33)
at Module1_login_test.PBTC1FullNameVerificationTest.InvokBrowser(PBTC1FullNameVerificationTest.java:33)
at Module1_login_test.PBTC1FullNameVerificationTest.InvokBrowser(PBTC1FullNameVerificationTest.java:33)
at Module1_login_test.PBTC1FullNameVerificationTest.InvokBrowser(PBTC1FullNameVerificationTest.java:33)
at Module1_login_test.PBTC1FullNameVerificationTest.InvokBrowser(PBTC1FullNameVerificationTest.java:33)
at Module1_login_test.PBTC1FullNameVerificationTest.InvokBrowser(PBTC1FullNameVerificationTest.java:33)
at Module1_login_test.PBTC1FullNameVerificationTest.InvokBrowser(PBTC1FullNameVerificationTest.java:33)
at Module1_login_test.PBTC1FullNameVerificationTest.InvokBrowser(PBTC1FullNameVerificationTest.java:33)
at Module1_login_test.PBTC1FullNameVerificationTest.InvokBrowser(PBTC1FullNameVerificationTest.java:33)
at Module1_login_test.PBTC1FullNameVerificationTest.InvokBrowser(PBTC1FullNameVerificationTest.java:33)
at Module1_login_test.PBTC1FullNameVerificationTest.InvokBrowser(PBTC1FullNameVerificationTest.java:33)
at Module1_login_test.PBTC1FullNameVerificationTest.InvokBrowser(PBTC1FullNameVerificationTest.java:33)
at Module1_login_test.PBTC1FullNameVerificationTest.InvokBrowser(PBTC1FullNameVerificationTest.java:33)
at Module1_login_test.PBTC1FullNameVerificationTest.InvokBrowser(PBTC1FullNameVerificationTest.java:33)
at Module1_login_test.PBTC1FullNameVerificationTest.InvokBrowser(PBTC1FullNameVerificationTest.java:33)
at Module1_login_test.PBTC1FullNameVerificationTest.InvokBrowser(PBTC1FullNameVerificationTest.java:33)
at Module1_login_test.PBTC1FullNameVerificationTest.InvokBrowser(PBTC1FullNameVerificationTest.java:33)
at Module1_login_test.PBTC1FullNameVerificationTest.InvokBrowser(PBTC1FullNameVerificationTest.java:33)
at Module1_login_test.PBTC1FullNameVerificationTest.InvokBrowser(PBTC1FullNameVerificationTest.java:33)
at Module1_login_test.PBTC1FullNameVerificationTest.InvokBrowser(PBTC1FullNameVerificationTest.java:33)
at Module1_login_test.PBTC1FullNameVerificationTest.InvokBrowser(PBTC1FullNameVerificationTest.java:33)
at Module1_login_test.PBTC1FullNameVerificationTest.InvokBrowser(PBTC1FullNameVerificationTest.java:33)
at Module1_login_test.PBTC1FullNameVerificationTest.InvokBrowser(PBTC1FullNameVerificationTest.java:33)
at Module1_login_test.PBTC1FullNameVerificationTest.InvokBrowser(PBTC1FullNameVerificationTest.java:33)
at Module1_login_test.PBTC1FullNameVerificationTest.InvokBrowser(PBTC1FullNameVerificationTest.java:33)
at Module1_login_test.PBTC1FullNameVerificationTest.InvokBrowser(PBTC1FullNameVerificationTest.java:33)
at Module1_login_test.PBTC1FullNameVerificationTest.InvokBrowser(PBTC1FullNameVerificationTest.java:33)
at Module1_login_test.PBTC1FullNameVerificationTest.InvokBrowser(PBTC1FullNameVerificationTest.java:33)
at Module1_login_test.PBTC1FullNameVerificationTest.InvokBrowser(PBTC1FullNameVerificationTest.java:33)
at Module1_login_test.PBTC1FullNameVerificationTest.InvokBrowser(PBTC1FullNameVerificationTest.java:33)
at Module1_login_test.PBTC1FullNameVerificationTest.InvokBrowser(PBTC1FullNameVerificationTest.java:33)
at Module1_login_test.PBTC1FullNameVerificationTest.InvokBrowser(PBTC1FullNameVerificationTest.java:33)
at Module1_login_test.PBTC1FullNameVerificationTest.InvokBrowser(PBTC1FullNameVerificationTest.java:33)
at Module1_login_test.PBTC1FullNameVerificationTest.InvokBrowser(PBTC1FullNameVerificationTest.java:33)
at Module1_login_test.PBTC1FullNameVerificationTest.InvokBrowser(PBTC1FullNameVerificationTest.java:33)
at Module1_login_test.PBTC1FullNameVerificationTest.InvokBrowser(PBTC1FullNameVerificationTest.java:33)
[...]
at Module1_login_test.PBTC1FullNameVerificationTest.InvokBrowser(PBTC1FullNameVerificationTest.java:33)
at Module1_login_test.PBTC1FullNameVerificationTest.InvokBrowser(PBTC1FullNameVerificationTest.java:33)
at Module1_login_test.PBTC1FullNameVerificationTest.InvokBrowser(PBTC1FullNameVerificationTest.java:33)
at Module1_login_test.PBTC1FullNameVerificationTest.InvokBrowser(PBTC1FullNameVerificationTest.java:33)
at Module1_login_test.PBTC1FullNameVerificationTest.InvokBrowser(PBTC1FullNameVerificationTest.java:33)
at Module1_login_test.PBTC1FullNameVerificationTest.InvokBrowser(PBTC1FullNameVerificationTest.java:33)
at Module1_login_test.PBTC1FullNameVerificationTest.InvokBrowser(PBTC1FullNameVerificationTest.java:33)
at Module1_login_test.PBTC1FullNameVerificationTest.InvokBrowser(PBTC1FullNameVerificationTest.java:33)
at Module1_login_test.PBTC1FullNameVerificationTest.InvokBrowser(PBTC1FullNameVerificationTest.java:33)
at Module1_login_test.PBTC1FullNameVerificationTest.InvokBrowser(PBTC1FullNameVerificationTest.java:33)
at Module1_login_test.PBTC1FullNameVerificationTest.InvokBrowser(PBTC1FullNameVerificationTest.java:33)
at Module1_login_test.PBTC1FullNameVerificationTest.InvokBrowser(PBTC1FullNameVerificationTest.java:33)
at Module1_login_test.PBTC1FullNameVerificationTest.InvokBrowser(PBTC1FullNameVerificationTest.java:33)
at Module1_login_test.PBTC1FullNameVerificationTest.InvokBrowser(PBTC1FullNameVerificationTest.java:33)
at Module1_login_test.PBTC1FullNameVerificationTest.InvokBrowser(PBTC1FullNameVerificationTest.java:33)
at Module1_login_test.PBTC1FullNameVerificationTest.InvokBrowser(PBTC1FullNameVerificationTest.java:33)
at Module1_login_test.PBTC1FullNameVerificationTest.InvokBrowser(PBTC1FullNameVerificationTest.java:33)
at Module1_login_test.PBTC1FullNameVerificationTest.InvokBrowser(PBTC1FullNameVerificationTest.java:33)
at Module1_login_test.PBTC1FullNameVerificationTest.InvokBrowser(PBTC1FullNameVerificationTest.java:33)
at Module1_login_test.PBTC1FullNameVerificationTest.InvokBrowser(PBTC1FullNameVerificationTest.java:33)
at Module1_login_test.PBTC1FullNameVerificationTest.InvokBrowser(PBTC1FullNameVerificationTest.java:33)
at Module1_login_test.PBTC1FullNameVerificationTest.InvokBrowser(PBTC1FullNameVerificationTest.java:33)
at Module1_login_test.PBTC1FullNameVerificationTest.InvokBrowser(PBTC1FullNameVerificationTest.java:33)
at Module1_login_test.PBTC1FullNameVerificationTest.InvokBrowser(PBTC1FullNameVerificationTest.java:33)
at Module1_login_test.PBTC1FullNameVerificationTest.InvokBrowser(PBTC1FullNameVerificationTest.java:33)
at Module1_login_test.PBTC1FullNameVerificationTest.InvokBrowser(PBTC1FullNameVerificationTest.java:33)
at Module1_login_test.PBTC1FullNameVerificationTest.InvokBrowser(PBTC1FullNameVerificationTest.java:33)
at Module1_login_test.PBTC1FullNameVerificationTest.InvokBrowser(PBTC1FullNameVerificationTest.java:33)
at Module1_login_test.PBTC1FullNameVerificationTest.InvokBrowser(PBTC1FullNameVerificationTest.java:33)
at Module1_login_test.PBTC1FullNameVerificationTest.InvokBrowser(PBTC1FullNameVerificationTest.java:33)
at Module1_login_test.PBTC1FullNameVerificationTest.InvokBrowser(PBTC1FullNameVerificationTest.java:33)
at Module1_login_test.PBTC1FullNameVerificationTest.InvokBrowser(PBTC1FullNameVerificationTest.java:33)
at Module1_login_test.PBTC1FullNameVerificationTest.InvokBrowser(PBTC1FullNameVerificationTest.java:33)
at Module1_login_test.PBTC1FullNameVerificationTest.InvokBrowser(PBTC1FullNameVerificationTest.java:33)
at Module1_login_test.PBTC1FullNameVerificationTest.InvokBrowser(PBTC1FullNameVerificationTest.java:33)
at Module1_login_test.PBTC1FullNameVerificationTest.InvokBrowser(PBTC1FullNameVerificationTest.java:33)
at Module1_login_test.PBTC1FullNameVerificationTest.InvokBrowser(PBTC1FullNameVerificationTest.java:33)
at Module1_login_test.PBTC1FullNameVerificationTest.InvokBrowser(PBTC1FullNameVerificationTest.java:33)
at Module1_login_test.PBTC1FullNameVerificationTest.InvokBrowser(PBTC1FullNameVerificationTest.java:33)
at Module1_login_test.PBTC1FullNameVerificationTest.InvokBrowser(PBTC1FullNameVerificationTest.java:33)
at Module1_login_test.PBTC1FullNameVerificationTest.InvokBrowser(PBTC1FullNameVerificationTest.java:33)
at Module1_login_test.PBTC1FullNameVerificationTest.InvokBrowser(PBTC1FullNameVerificationTest.java:33)
at Module1_login_test.PBTC1FullNameVerificationTest.InvokBrowser(PBTC1FullNameVerificationTest.java:33)
at Module1_login_test.PBTC1FullNameVerificationTest.InvokBrowser(PBTC1FullNameVerificationTest.java:33)
at Module1_login_test.PBTC1FullNameVerificationTest.InvokBrowser(PBTC1FullNameVerificationTest.java:33)
at Module1_login_test.PBTC1FullNameVerificationTest.InvokBrowser(PBTC1FullNameVerificationTest.java:33)
at Module1_login_test.PBTC1FullNameVerificationTest.InvokBrowser(PBTC1FullNameVerificationTest.java:33)
at Module1_login_test.PBTC1FullNameVerificationTest.InvokBrowser(PBTC1FullNameVerificationTest.java:33)
at Module1_login_test.PBTC1FullNameVerificationTest.InvokBrowser(PBTC1FullNameVerificationTest.java:33)
at Module1_login_test.PBTC1FullNameVerificationTest.InvokBrowser(PBTC1FullNameVerificationTest.java:33)
at Module1_login_test.PBTC1FullNameVerificationTest.InvokBrowser(PBTC1FullNameVerificationTest.java:33)
at Module1_login_test.PBTC1FullNameVerificationTest.InvokBrowser(PBTC1FullNameVerificationTest.java:33)
at Module1_login_test.PBTC1FullNameVerificationTest.InvokBrowser(PBTC1FullNameVerificationTest.java:33)
at Module1_login_test.PBTC1FullNameVerificationTest.InvokBrowser(PBTC1FullNameVerificationTest.java:33)
at Module1_login_test.PBTC1FullNameVerificationTest.InvokBrowser(PBTC1FullNameVerificationTest.java:33)
at Module1_login_test.PBTC1FullNameVerificationTest.InvokBrowser(PBTC1FullNameVerificationTest.java:33)
at Module1_login_test.PBTC1FullNameVerificationTest.InvokBrowser(PBTC1FullNameVerificationTest.java:33)
at Module1_login_test.PBTC1FullNameVerificationTest.InvokBrowser(PBTC1FullNameVerificationTest.java:33)
at Module1_login_test.PBTC1FullNameVerificationTest.InvokBrowser(PBTC1FullNameVerificationTest.java:33)
at Module1_login_test.PBTC1FullNameVerificationTest.InvokBrowser(PBTC1FullNameVerificationTest.java:33)
at Module1_login_test.PBTC1FullNameVerificationTest.InvokBrowser(PBTC1FullNameVerificationTest.java:33)
at Module1_login_test.PBTC1FullNameVerificationTest.InvokBrowser(PBTC1FullNameVerificationTest.java:33)
at Module1_login_test.PBTC1FullNameVerificationTest.InvokBrowser(PBTC1FullNameVerificationTest.java:33)
at Module1_login_test.PBTC1FullNameVerificationTest.InvokBrowser(PBTC1FullNameVerificationTest.java:33)
at Module1_login_test.PBTC1FullNameVerificationTest.InvokBrowser(PBTC1FullNameVerificationTest.java:33)
at Module1_login_test.PBTC1FullNameVerificationTest.InvokBrowser(PBTC1FullNameVerificationTest.java:33)
at Module1_login_test.PBTC1FullNameVerificationTest.InvokBrowser(PBTC1FullNameVerificationTest.java:33)
at Module1_login_test.PBTC1FullNameVerificationTest.InvokBrowser(PBTC1FullNameVerificationTest.java:33)
at Module1_login_test.PBTC1FullNameVerificationTest.InvokBrowser(PBTC1FullNameVerificationTest.java:33)
at Module1_login_test.PBTC1FullNameVerificationTest.InvokBrowser(PBTC1FullNameVerificationTest.java:33)
at Module1_login_test.PBTC1FullNameVerificationTest.InvokBrowser(PBTC1FullNameVerificationTest.java:33)
at Module1_login_test.PBTC1FullNameVerificationTest.InvokBrowser(PBTC1FullNameVerificationTest.java:33)
at Module1_login_test.PBTC1FullNameVerificationTest.InvokBrowser(PBTC1FullNameVerificationTest.java:33)
at Module1_login_test.PBTC1FullNameVerificationTest.InvokBrowser(PBTC1FullNameVerificationTest.java:33)
at Module1_login_test.PBTC1FullNameVerificationTest.InvokBrowser(PBTC1FullNameVerificationTest.java:33)
at Module1_login_test.PBTC1FullNameVerificationTest.InvokBrowser(PBTC1FullNameVerificationTest.java:33)
at Module1_login_test.PBTC1FullNameVerificationTest.InvokBrowser(PBTC1FullNameVerificationTest.java:33)
at Module1_login_test.PBTC1FullNameVerificationTest.InvokBrowser(PBTC1FullNameVerificationTest.java:33)
at Module1_login_test.PBTC1FullNameVerificationTest.InvokBrowser(PBTC1FullNameVerificationTest.java:33)
at Module1_login_test.PBTC1FullNameVerificationTest.InvokBrowser(PBTC1FullNameVerificationTest.java:33)
at Module1_login_test.PBTC1FullNameVerificationTest.InvokBrowser(PBTC1FullNameVerificationTest.java:33)
at Module1_login_test.PBTC1FullNameVerificationTest.InvokBrowser(PBTC1FullNameVerificationTest.java:33)
at Module1_login_test.PBTC1FullNameVerificationTest.InvokBrowser(PBTC1FullNameVerificationTest.java:33)
at Module1_login_test.PBTC1FullNameVerificationTest.InvokBrowser(PBTC1FullNameVerificationTest.java:33)
at Module1_login_test.PBTC1FullNameVerificationTest.InvokBrowser(PBTC1FullNameVerificationTest.java:33)
at Module1_login_test.PBTC1FullNameVerificationTest.InvokBrowser(PBTC1FullNameVerificationTest.java:33)
at Module1_login_test.PBTC1FullNameVerificationTest.InvokBrowser(PBTC1FullNameVerificationTest.java:33)
at Module1_login_test.PBTC1FullNameVerificationTest.InvokBrowser(PBTC1FullNameVerificationTest.java:33)
at Module1_login_test.PBTC1FullNameVerificationTest.InvokBrowser(PBTC1FullNameVerificationTest.java:33)
at Module1_login_test.PBTC1FullNameVerificationTest.InvokBrowser(PBTC1FullNameVerificationTest.java:33)
at Module1_login_test.PBTC1FullNameVerificationTest.InvokBrowser(PBTC1FullNameVerificationTest.java:33)
at Module1_login_test.PBTC1FullNameVerificationTest.InvokBrowser(PBTC1FullNameVerificationTest.java:33)
at Module1_login_test.PBTC1FullNameVerificationTest.InvokBrowser(PBTC1FullNameVerificationTest.java:33)
at Module1_login_test.PBTC1FullNameVerificationTest.InvokBrowser(PBTC1FullNameVerificationTest.java:33)
at Module1_login_test.PBTC1FullNameVerificationTest.InvokBrowser(PBTC1FullNameVerificationTest.java:33)
at Module1_login_test.PBTC1FullNameVerificationTest.InvokBrowser(PBTC1FullNameVerificationTest.java:33)
at Module1_login_test.PBTC1FullNameVerificationTest.InvokBrowser(PBTC1FullNameVerificationTest.java:33)
at Module1_login_test.PBTC1FullNameVerificationTest.InvokBrowser(PBTC1FullNameVerificationTest.java:33)
at Module1_login_test.PBTC1FullNameVerificationTest.InvokBrowser(PBTC1FullNameVerificationTest.java:33)
at Module1_login_test.PBTC1FullNameVerificationTest.InvokBrowser(PBTC1FullNameVerificationTest.java:33)
at Module1_login_test.PBTC1FullNameVerificationTest.InvokBrowser(PBTC1FullNameVerificationTest.java:33)
at Module1_login_test.PBTC1FullNameVerificationTest.InvokBrowser(PBTC1FullNameVerificationTest.java:33)
at Module1_login_test.PBTC1FullNameVerificationTest.InvokBrowser(PBTC1FullNameVerificationTest.java:33)
at Module1_login_test.PBTC1FullNameVerificationTest.InvokBrowser(PBTC1FullNameVerificationTest.java:33)
at Module1_login_test.PBTC1FullNameVerificationTest.InvokBrowser(PBTC1FullNameVerificationTest.java:33)
at Module1_login_test.PBTC1FullNameVerificationTest.InvokBrowser(PBTC1FullNameVerificationTest.java:33)
at Module1_login_test.PBTC1FullNameVerificationTest.InvokBrowser(PBTC1FullNameVerificationTest.java:33)
at Module1_login_test.PBTC1FullNameVerificationTest.InvokBrowser(PBTC1FullNameVerificationTest.java:33)
at Module1_login_test.PBTC1FullNameVerificationTest.InvokBrowser(PBTC1FullNameVerificationTest.java:33)
at Module1_login_test.PBTC1FullNameVerificationTest.InvokBrowser(PBTC1FullNameVerificationTest.java:33)
at Module1_login_test.PBTC1FullNameVerificationTest.InvokBrowser(PBTC1FullNameVerificationTest.java:33)
at Module1_login_test.PBTC1FullNameVerificationTest.InvokBrowser(PBTC1FullNameVerificationTest.java:33)
at Module1_login_test.PBTC1FullNameVerificationTest.InvokBrowser(PBTC1FullNameVerificationTest.java:33)
at Module1_login_test.PBTC1FullNameVerificationTest.InvokBrowser(PBTC1FullNameVerificationTest.java:33)
at Module1_login_test.PBTC1FullNameVerificationTest.InvokBrowser(PBTC1FullNameVerificationTest.java:33)
at Module1_login_test.PBTC1FullNameVerificationTest.InvokBrowser(PBTC1FullNameVerificationTest.java:33)
at Module1_login_test.PBTC1FullNameVerificationTest.InvokBrowser(PBTC1FullNameVerificationTest.java:33)
at Module1_login_test.PBTC1FullNameVerificationTest.InvokBrowser(PBTC1FullNameVerificationTest.java:33)
at Module1_login_test.PBTC1FullNameVerificationTest.InvokBrowser(PBTC1FullNameVerificationTest.java:33)
at Module1_login_test.PBTC1FullNameVerificationTest.InvokBrowser(PBTC1FullNameVerificationTest.java:33)
at Module1_login_test.PBTC1FullNameVerificationTest.InvokBrowser(PBTC1FullNameVerificationTest.java:33)
at Module1_login_test.PBTC1FullNameVerificationTest.InvokBrowser(PBTC1FullNameVerificationTest.java:33)
at Module1_login_test.PBTC1FullNameVerificationTest.InvokBrowser(PBTC1FullNameVerificationTest.java:33)
at Module1_login_test.PBTC1FullNameVerificationTest.InvokBrowser(PBTC1FullNameVerificationTest.java:33)
at Module1_login_test.PBTC1FullNameVerificationTest.InvokBrowser(PBTC1FullNameVerificationTest.java:33)
at Module1_login_test.PBTC1FullNameVerificationTest.InvokBrowser(PBTC1FullNameVerificationTest.java:33)
at Module1_login_test.PBTC1FullNameVerificationTest.InvokBrowser(PBTC1FullNameVerificationTest.java:33)
at Module1_login_test.PBTC1FullNameVerificationTest.InvokBrowser(PBTC1FullNameVerificationTest.java:33)
at Module1_login_test.PBTC1FullNameVerificationTest.InvokBrowser(PBTC1FullNameVerificationTest.java:33)
at Module1_login_test.PBTC1FullNameVerificationTest.InvokBrowser(PBTC1FullNameVerificationTest.java:33)
at Module1_login_test.PBTC1FullNameVerificationTest.InvokBrowser(PBTC1FullNameVerificationTest.java:33)
at Module1_login_test.PBTC1FullNameVerificationTest.InvokBrowser(PBTC1FullNameVerificationTest.java:33)
at Module1_login_test.PBTC1FullNameVerificationTest.InvokBrowser(PBTC1FullNameVerificationTest.java:33)
at Module1_login_test.PBTC1FullNameVerificationTest.InvokBrowser(PBTC1FullNameVerificationTest.java:33)
at Module1_login_test.PBTC1FullNameVerificationTest.InvokBrowser(PBTC1FullNameVerificationTest.java:33)
at Module1_login_test.PBTC1FullNameVerificationTest.InvokBrowser(PBTC1FullNameVerificationTest.java:33)
at Module1_login_test.PBTC1FullNameVerificationTest.InvokBrowser(PBTC1FullNameVerificationTest.java:33)
at Module1_login_test.PBTC1FullNameVerificationTest.InvokBrowser(PBTC1FullNameVerificationTest.java:33)
at Module1_login_test.PBTC1FullNameVerificationTest.InvokBrowser(PBTC1FullNameVerificationTest.java:33)
at Module1_login_test.PBTC1FullNameVerificationTest.InvokBrowser(PBTC1FullNameVerificationTest.java:33)
at Module1_login_test.PBTC1FullNameVerificationTest.InvokBrowser(PBTC1FullNameVerificationTest.java:33)
at Module1_login_test.PBTC1FullNameVerificationTest.InvokBrowser(PBTC1FullNameVerificationTest.java:33)
at Module1_login_test.PBTC1FullNameVerificationTest.InvokBrowser(PBTC1FullNameVerificationTest.java:33)
at Module1_login_test.PBTC1FullNameVerificationTest.InvokBrowser(PBTC1FullNameVerificationTest.java:33)
at Module1_login_test.PBTC1FullNameVerificationTest.InvokBrowser(PBTC1FullNameVerificationTest.java:33)
at Module1_login_test.PBTC1FullNameVerificationTest.InvokBrowser(PBTC1FullNameVerificationTest.java:33)
at Module1_login_test.PBTC1FullNameVerificationTest.InvokBrowser(PBTC1FullNameVerificationTest.java:33)
at Module1_login_test.PBTC1FullNameVerificationTest.InvokBrowser(PBTC1FullNameVerificationTest.java:33)
at Module1_login_test.PBTC1FullNameVerificationTest.InvokBrowser(PBTC1FullNameVerificationTest.java:33)
at Module1_login_test.PBTC1FullNameVerificationTest.InvokBrowser(PBTC1FullNameVerificationTest.java:33)
at Module1_login_test.PBTC1FullNameVerificationTest.InvokBrowser(PBTC1FullNameVerificationTest.java:33)
at Module1_login_test.PBTC1FullNameVerificationTest.InvokBrowser(PBTC1FullNameVerificationTest.java:33)
at Module1_login_test.PBTC1FullNameVerificationTest.InvokBrowser(PBTC1FullNameVerificationTest.java:33)
at Module1_login_test.PBTC1FullNameVerificationTest.InvokBrowser(PBTC1FullNameVerificationTest.java:33)
at Module1_login_test.PBTC1FullNameVerificationTest.InvokBrowser(PBTC1FullNameVerificationTest.java:33)
at Module1_login_test.PBTC1FullNameVerificationTest.InvokBrowser(PBTC1FullNameVerificationTest.java:33)
at Module1_login_test.PBTC1FullNameVerificationTest.InvokBrowser(PBTC1FullNameVerificationTest.java:33)
at Module1_login_test.PBTC1FullNameVerificationTest.InvokBrowser(PBTC1FullNameVerificationTest.java:33)
at Module1_login_test.PBTC1FullNameVerificationTest.InvokBrowser(PBTC1FullNameVerificationTest.java:33)
at Module1_login_test.PBTC1FullNameVerificationTest.InvokBrowser(PBTC1FullNameVerificationTest.java:33)
at Module1_login_test.PBTC1FullNameVerificationTest.InvokBrowser(PBTC1FullNameVerificationTest.java:33)
at Module1_login_test.PBTC1FullNameVerificationTest.InvokBrowser(PBTC1FullNameVerificationTest.java:33)
at Module1_login_test.PBTC1FullNameVerificationTest.InvokBrowser(PBTC1FullNameVerificationTest.java:33)
at Module1_login_test.PBTC1FullNameVerificationTest.InvokBrowser(PBTC1FullNameVerificationTest.java:33)
at Module1_login_test.PBTC1FullNameVerificationTest.InvokBrowser(PBTC1FullNameVerificationTest.java:33)
at Module1_login_test.PBTC1FullNameVerificationTest.InvokBrowser(PBTC1FullNameVerificationTest.java:33)
at Module1_login_test.PBTC1FullNameVerificationTest.InvokBrowser(PBTC1FullNameVerificationTest.java:33)
at Module1_login_test.PBTC1FullNameVerificationTest.InvokBrowser(PBTC1FullNameVerificationTest.java:33)
at Module1_login_test.PBTC1FullNameVerificationTest.InvokBrowser(PBTC1FullNameVerificationTest.java:33)
at Module1_login_test.PBTC1FullNameVerificationTest.InvokBrowser(PBTC1FullNameVerificationTest.java:33)
at Module1_login_test.PBTC1FullNameVerificationTest.InvokBrowser(PBTC1FullNameVerificationTest.java:33)
at Module1_login_test.PBTC1FullNameVerificationTest.InvokBrowser(PBTC1FullNameVerificationTest.java:33)
at Module1_login_test.PBTC1FullNameVerificationTest.InvokBrowser(PBTC1FullNameVerificationTest.java:33)
at Module1_login_test.PBTC1FullNameVerificationTest.InvokBrowser(PBTC1FullNameVerificationTest.java:33)
at Module1_login_test.PBTC1FullNameVerificationTest.InvokBrowser(PBTC1FullNameVerificationTest.java:33)
at Module1_login_test.PBTC1FullNameVerificationTest.InvokBrowser(PBTC1FullNameVerificationTest.java:33)
at Module1_login_test.PBTC1FullNameVerificationTest.InvokBrowser(PBTC1FullNameVerificationTest.java:33)
at Module1_login_test.PBTC1FullNameVerificationTest.InvokBrowser(PBTC1FullNameVerificationTest.java:33)
at Module1_login_test.PBTC1FullNameVerificationTest.InvokBrowser(PBTC1FullNameVerificationTest.java:33)
at Module1_login_test.PBTC1FullNameVerificationTest.InvokBrowser(PBTC1FullNameVerificationTest.java:33)
at Module1_login_test.PBTC1FullNameVerificationTest.InvokBrowser(PBTC1FullNameVerificationTest.java:33)
at Module1_login_test.PBTC1FullNameVerificationTest.InvokBrowser(PBTC1FullNameVerificationTest.java:33)
]]>
    </failure>
  </testcase> <!-- @BeforeClass InvokBrowser -->
  <testcase classname="Module1_login_test.PBTC1FullNameVerificationTest" name="@BeforeMethod LoginToApp" time="0.0">
    <skipped/>
  </testcase> <!-- @BeforeMethod LoginToApp -->
  <testcase classname="Module1_login_test.PBTC1FullNameVerificationTest" name="@AfterMethod LogoutfromApp" time="0.0">
    <skipped/>
  </testcase> <!-- @AfterMethod LogoutfromApp -->
  <testcase classname="Module1_login_test.PBTC1FullNameVerificationTest" name="@AfterClass CloseBrowser" time="0.0">
    <skipped/>
  </testcase> <!-- @AfterClass CloseBrowser -->
  <testcase classname="Module1_login_test.PBTC1FullNameVerificationTest" name="VerifyFullname" time="0.0">
    <skipped/>
  </testcase> <!-- VerifyFullname -->
</testsuite> <!-- Default test -->
