<?xml version="1.0" encoding="UTF-8"?>
<!-- Generated by org.testng.reporters.JUnitReportReporter -->
<testsuite hostname="DESKTOP-BA4T241" failures="0" tests="2" name="Module1_login_test.PBTC1FullNameVerificationTest" time="0.040" errors="1" timestamp="2023-06-23T18:03:23 IST" skipped="1">
  <testcase classname="Module1_login_test.PBTC1FullNameVerificationTest" name="InvokBrowser" time="0.040">
    <error type="java.lang.StackOverflowError">
      <![CDATA[java.lang.StackOverflowError
at Module1_login_test.PBTC1FullNameVerificationTest.InvokBrowser(PBTC1FullNameVerificationTest.java:33)
at Module1_login_test.PBTC1FullNameVerificationTest.InvokBrowser(PBTC1FullNameVerificationTest.java:33)
at Module1_login_test.PBTC1FullNameVerificationTest.InvokBrowser(PBTC1FullNameVerificationTest.java:33)
at Module1_login_test.PBTC1FullNameVerificationTest.InvokBrowser(PBTC1FullNameVerificationTest.java:33)
at Module1_login_test.PBTC1FullNameVerificationTest.InvokBrowser(PBTC1FullNameVerificationTest.java:33)
at Module1_login_test.PBTC1FullNameVerificationTest.InvokBrowser(PBTC1FullNameVerificationTest.java:33)
at Module1_login_test.PBTC1FullNameVerificationTest.InvokBrowser(PBTC1FullNameVerificationTest.java:33)
at Module1_login_test.PBTC1FullNameVerificationTest.InvokBrowser(PBTC1FullNameVerificationTest.java:33)
at Module1_login_test.PBTC1FullNameVerificationTest.InvokBrowser(PBTC1FullNameVerificationTest.java:33)
at Module1_login_test.PBTC1FullNameVerificationTest.InvokBrowser(PBTC1FullNameVerificationTest.java:33)
at Module1_login_test.PBTC1FullNameVerificationTest.InvokBrowser(PBTC1FullNameVerificationTest.java:33)
at Module1_login_test.PBTC1FullNameVerificationTest.InvokBrowser(PBTC1FullNameVerificationTest.java:33)
at Module1_login_test.PBTC1FullNameVerificationTest.InvokBrowser(PBTC1FullNameVerificationTest.java:33)
at Module1_login_test.PBTC1FullNameVerificationTest.InvokBrowser(PBTC1FullNameVerificationTest.java:33)
at Module1_login_test.PBTC1FullNameVerificationTest.InvokBrowser(PBTC1FullNameVerificationTest.java:33)
at Module1_login_test.PBTC1FullNameVerificationTest.InvokBrowser(PBTC1FullNameVerificationTest.java:33)
at Module1_login_test.PBTC1FullNameVerificationTest.InvokBrowser(PBTC1FullNameVerificationTest.java:33)
at Module1_login_test.PBTC1FullNameVerificationTest.InvokBrowser(PBTC1FullNameVerificationTest.java:33)
at Module1_login_test.PBTC1FullNameVerificationTest.InvokBrowser(PBTC1FullNameVerificationTest.java:33)
at Module1_login_test.PBTC1FullNameVerificationTest.InvokBrowser(PBTC1FullNameVerificationTest.java:33)
at Module1_login_test.PBTC1FullNameVerificationTest.InvokBrowser(PBTC1FullNameVerificationTest.java:33)
at Module1_login_test.PBTC1FullNameVerificationTest.InvokBrowser(PBTC1FullNameVerificationTest.java:33)
at Module1_login_test.PBTC1FullNameVerificationTest.InvokBrowser(PBTC1FullNameVerificationTest.java:33)
at Module1_login_test.PBTC1FullNameVerificationTest.InvokBrowser(PBTC1FullNameVerificationTest.java:33)
at Module1_login_test.PBTC1FullNameVerificationTest.InvokBrowser(PBTC1FullNameVerificationTest.java:33)
at Module1_login_test.PBTC1FullNameVerificationTest.InvokBrowser(PBTC1FullNameVerificationTest.java:33)
at Module1_login_test.PBTC1FullNameVerificationTest.InvokBrowser(PBTC1FullNameVerificationTest.java:33)
at Module1_login_test.PBTC1FullNameVerificationTest.InvokBrowser(PBTC1FullNameVerificationTest.java:33)
at Module1_login_test.PBTC1FullNameVerificationTest.InvokBrowser(PBTC1FullNameVerificationTest.java:33)
at Module1_login_test.PBTC1FullNameVerificationTest.InvokBrowser(PBTC1FullNameVerificationTest.java:33)
at Module1_login_test.PBTC1FullNameVerificationTest.InvokBrowser(PBTC1FullNameVerificationTest.java:33)
at Module1_login_test.PBTC1FullNameVerificationTest.InvokBrowser(PBTC1FullNameVerificationTest.java:33)
at Module1_login_test.PBTC1FullNameVerificationTest.InvokBrowser(PBTC1FullNameVerificationTest.java:33)
at Module1_login_test.PBTC1FullNameVerificationTest.InvokBrowser(PBTC1FullNameVerificationTest.java:33)
at Module1_login_test.PBTC1FullNameVerificationTest.InvokBrowser(PBTC1FullNameVerificationTest.java:33)
at Module1_login_test.PBTC1FullNameVerificationTest.InvokBrowser(PBTC1FullNameVerificationTest.java:33)
at Module1_login_test.PBTC1FullNameVerificationTest.InvokBrowser(PBTC1FullNameVerificationTest.java:33)
at Module1_login_test.PBTC1FullNameVerificationTest.InvokBrowser(PBTC1FullNameVerificationTest.java:33)
at Module1_login_test.PBTC1FullNameVerificationTest.InvokBrowser(PBTC1FullNameVerificationTest.java:33)
at Module1_login_test.PBTC1FullNameVerificationTest.InvokBrowser(PBTC1FullNameVerificationTest.java:33)
at Module1_login_test.PBTC1FullNameVerificationTest.InvokBrowser(PBTC1FullNameVerificationTest.java:33)
at Module1_login_test.PBTC1FullNameVerificationTest.InvokBrowser(PBTC1FullNameVerificationTest.java:33)
at Module1_login_test.PBTC1FullNameVerificationTest.InvokBrowser(PBTC1FullNameVerificationTest.java:33)
at Module1_login_test.PBTC1FullNameVerificationTest.InvokBrowser(PBTC1FullNameVerificationTest.java:33)
at Module1_login_test.PBTC1FullNameVerificationTest.InvokBrowser(PBTC1FullNameVerificationTest.java:33)
at Module1_login_test.PBTC1FullNameVerificationTest.InvokBrowser(PBTC1FullNameVerificationTest.java:33)
at Module1_login_test.PBTC1FullNameVerificationTest.InvokBrowser(PBTC1FullNameVerificationTest.java:33)
at Module1_login_test.PBTC1FullNameVerificationTest.InvokBrowser(PBTC1FullNameVerificationTest.java:33)
at Module1_login_test.PBTC1FullNameVerificationTest.InvokBrowser(PBTC1FullNameVerificationTest.java:33)
at Module1_login_test.PBTC1FullNameVerificationTest.InvokBrowser(PBTC1FullNameVerificationTest.java:33)
at Module1_login_test.PBTC1FullNameVerificationTest.InvokBrowser(PBTC1FullNameVerificationTest.java:33)
at Module1_login_test.PBTC1FullNameVerificationTest.InvokBrowser(PBTC1FullNameVerificationTest.java:33)
at Module1_login_test.PBTC1FullNameVerificationTest.InvokBrowser(PBTC1FullNameVerificationTest.java:33)
at Module1_login_test.PBTC1FullNameVerificationTest.InvokBrowser(PBTC1FullNameVerificationTest.java:33)
at Module1_login_test.PBTC1FullNameVerificationTest.InvokBrowser(PBTC1FullNameVerificationTest.java:33)
at Module1_login_test.PBTC1FullNameVerificationTest.InvokBrowser(PBTC1FullNameVerificationTest.java:33)
at Module1_login_test.PBTC1FullNameVerificationTest.InvokBrowser(PBTC1FullNameVerificationTest.java:33)
at Module1_login_test.PBTC1FullNameVerificationTest.InvokBrowser(PBTC1FullNameVerificationTest.java:33)
at Module1_login_test.PBTC1FullNameVerificationTest.InvokBrowser(PBTC1FullNameVerificationTest.java:33)
at Module1_login_test.PBTC1FullNameVerificationTest.InvokBrowser(PBTC1FullNameVerificationTest.java:33)
at Module1_login_test.PBTC1FullNameVerificationTest.InvokBrowser(PBTC1FullNameVerificationTest.java:33)
at Module1_login_test.PBTC1FullNameVerificationTest.InvokBrowser(PBTC1FullNameVerificationTest.java:33)
at Module1_login_test.PBTC1FullNameVerificationTest.InvokBrowser(PBTC1FullNameVerificationTest.java:33)
at Module1_login_test.PBTC1FullNameVerificationTest.InvokBrowser(PBTC1FullNameVerificationTest.java:33)
at Module1_login_test.PBTC1FullNameVerificationTest.InvokBrowser(PBTC1FullNameVerificationTest.java:33)
at Module1_login_test.PBTC1FullNameVerificationTest.InvokBrowser(PBTC1FullNameVerificationTest.java:33)
at Module1_login_test.PBTC1FullNameVerificationTest.InvokBrowser(PBTC1FullNameVerificationTest.java:33)
at Module1_login_test.PBTC1FullNameVerificationTest.InvokBrowser(PBTC1FullNameVerificationTest.java:33)
at Module1_login_test.PBTC1FullNameVerificationTest.InvokBrowser(PBTC1FullNameVerificationTest.java:33)
at Module1_login_test.PBTC1FullNameVerificationTest.InvokBrowser(PBTC1FullNameVerificationTest.java:33)
at Module1_login_test.PBTC1FullNameVerificationTest.InvokBrowser(PBTC1FullNameVerificationTest.java:33)
at Module1_login_test.PBTC1FullNameVerificationTest.InvokBrowser(PBTC1FullNameVerificationTest.java:33)
at Module1_login_test.PBTC1FullNameVerificationTest.InvokBrowser(PBTC1FullNameVerificationTest.java:33)
at Module1_login_test.PBTC1FullNameVerificationTest.InvokBrowser(PBTC1FullNameVerificationTest.java:33)
at Module1_login_test.PBTC1FullNameVerificationTest.InvokBrowser(PBTC1FullNameVerificationTest.java:33)
at Module1_login_test.PBTC1FullNameVerificationTest.InvokBrowser(PBTC1FullNameVerificationTest.java:33)
at Module1_login_test.PBTC1FullNameVerificationTest.InvokBrowser(PBTC1FullNameVerificationTest.java:33)
at Module1_login_test.PBTC1FullNameVerificationTest.InvokBrowser(PBTC1FullNameVerificationTest.java:33)
at Module1_login_test.PBTC1FullNameVerificationTest.InvokBrowser(PBTC1FullNameVerificationTest.java:33)
at Module1_login_test.PBTC1FullNameVerificationTest.InvokBrowser(PBTC1FullNameVerificationTest.java:33)
at Module1_login_test.PBTC1FullNameVerificationTest.InvokBrowser(PBTC1FullNameVerificationTest.java:33)
at Module1_login_test.PBTC1FullNameVerificationTest.InvokBrowser(PBTC1FullNameVerificationTest.java:33)
at Module1_login_test.PBTC1FullNameVerificationTest.InvokBrowser(PBTC1FullNameVerificationTest.java:33)
at Module1_login_test.PBTC1FullNameVerificationTest.InvokBrowser(PBTC1FullNameVerificationTest.java:33)
at Module1_login_test.PBTC1FullNameVerificationTest.InvokBrowser(PBTC1FullNameVerificationTest.java:33)
at Module1_login_test.PBTC1FullNameVerificationTest.InvokBrowser(PBTC1FullNameVerificationTest.java:33)
at Module1_login_test.PBTC1FullNameVerificationTest.InvokBrowser(PBTC1FullNameVerificationTest.java:33)
at Module1_login_test.PBTC1FullNameVerificationTest.InvokBrowser(PBTC1FullNameVerificationTest.java:33)
at Module1_login_test.PBTC1FullNameVerificationTest.InvokBrowser(PBTC1FullNameVerificationTest.java:33)
at Module1_login_test.PBTC1FullNameVerificationTest.InvokBrowser(PBTC1FullNameVerificationTest.java:33)
at Module1_login_test.PBTC1FullNameVerificationTest.InvokBrowser(PBTC1FullNameVerificationTest.java:33)
at Module1_login_test.PBTC1FullNameVerificationTest.InvokBrowser(PBTC1FullNameVerificationTest.java:33)
at Module1_login_test.PBTC1FullNameVerificationTest.InvokBrowser(PBTC1FullNameVerificationTest.java:33)
at Module1_login_test.PBTC1FullNameVerificationTest.InvokBrowser(PBTC1FullNameVerificationTest.java:33)
at Module1_login_test.PBTC1FullNameVerificationTest.InvokBrowser(PBTC1FullNameVerificationTest.java:33)
at Module1_login_test.PBTC1FullNameVerificationTest.InvokBrowser(PBTC1FullNameVerificationTest.java:33)
at Module1_login_test.PBTC1FullNameVerificationTest.InvokBrowser(PBTC1FullNameVerificationTest.java:33)
at Module1_login_test.PBTC1FullNameVerificationTest.InvokBrowser(PBTC1FullNameVerificationTest.java:33)
at Module1_login_test.PBTC1FullNameVerificationTest.InvokBrowser(PBTC1FullNameVerificationTest.java:33)
at Module1_login_test.PBTC1FullNameVerificationTest.InvokBrowser(PBTC1FullNameVerificationTest.java:33)
at Module1_login_test.PBTC1FullNameVerificationTest.InvokBrowser(PBTC1FullNameVerificationTest.java:33)
at Module1_login_test.PBTC1FullNameVerificationTest.InvokBrowser(PBTC1FullNameVerificationTest.java:33)
at Module1_login_test.PBTC1FullNameVerificationTest.InvokBrowser(PBTC1FullNameVerificationTest.java:33)
at Module1_login_test.PBTC1FullNameVerificationTest.InvokBrowser(PBTC1FullNameVerificationTest.java:33)
at Module1_login_test.PBTC1FullNameVerificationTest.InvokBrowser(PBTC1FullNameVerificationTest.java:33)
at Module1_login_test.PBTC1FullNameVerificationTest.InvokBrowser(PBTC1FullNameVerificationTest.java:33)
at Module1_login_test.PBTC1FullNameVerificationTest.InvokBrowser(PBTC1FullNameVerificationTest.java:33)
at Module1_login_test.PBTC1FullNameVerificationTest.InvokBrowser(PBTC1FullNameVerificationTest.java:33)
at Module1_login_test.PBTC1FullNameVerificationTest.InvokBrowser(PBTC1FullNameVerificationTest.java:33)
at Module1_login_test.PBTC1FullNameVerificationTest.InvokBrowser(PBTC1FullNameVerificationTest.java:33)
at Module1_login_test.PBTC1FullNameVerificationTest.InvokBrowser(PBTC1FullNameVerificationTest.java:33)
at Module1_login_test.PBTC1FullNameVerificationTest.InvokBrowser(PBTC1FullNameVerificationTest.java:33)
at Module1_login_test.PBTC1FullNameVerificationTest.InvokBrowser(PBTC1FullNameVerificationTest.java:33)
at Module1_login_test.PBTC1FullNameVerificationTest.InvokBrowser(PBTC1FullNameVerificationTest.java:33)
at Module1_login_test.PBTC1FullNameVerificationTest.InvokBrowser(PBTC1FullNameVerificationTest.java:33)
at Module1_login_test.PBTC1FullNameVerificationTest.InvokBrowser(PBTC1FullNameVerificationTest.java:33)
at Module1_login_test.PBTC1FullNameVerificationTest.InvokBrowser(PBTC1FullNameVerificationTest.java:33)
at Module1_login_test.PBTC1FullNameVerificationTest.InvokBrowser(PBTC1FullNameVerificationTest.java:33)
at Module1_login_test.PBTC1FullNameVerificationTest.InvokBrowser(PBTC1FullNameVerificationTest.java:33)
at Module1_login_test.PBTC1FullNameVerificationTest.InvokBrowser(PBTC1FullNameVerificationTest.java:33)
at Module1_login_test.PBTC1FullNameVerificationTest.InvokBrowser(PBTC1FullNameVerificationTest.java:33)
at Module1_login_test.PBTC1FullNameVerificationTest.InvokBrowser(PBTC1FullNameVerificationTest.java:33)
at Module1_login_test.PBTC1FullNameVerificationTest.InvokBrowser(PBTC1FullNameVerificationTest.java:33)
at Module1_login_test.PBTC1FullNameVerificationTest.InvokBrowser(PBTC1FullNameVerificationTest.java:33)
at Module1_login_test.PBTC1FullNameVerificationTest.InvokBrowser(PBTC1FullNameVerificationTest.java:33)
at Module1_login_test.PBTC1FullNameVerificationTest.InvokBrowser(PBTC1FullNameVerificationTest.java:33)
at Module1_login_test.PBTC1FullNameVerificationTest.InvokBrowser(PBTC1FullNameVerificationTest.java:33)
at Module1_login_test.PBTC1FullNameVerificationTest.InvokBrowser(PBTC1FullNameVerificationTest.java:33)
at Module1_login_test.PBTC1FullNameVerificationTest.InvokBrowser(PBTC1FullNameVerificationTest.java:33)
at Module1_login_test.PBTC1FullNameVerificationTest.InvokBrowser(PBTC1FullNameVerificationTest.java:33)
at Module1_login_test.PBTC1FullNameVerificationTest.InvokBrowser(PBTC1FullNameVerificationTest.java:33)
at Module1_login_test.PBTC1FullNameVerificationTest.InvokBrowser(PBTC1FullNameVerificationTest.java:33)
at Module1_login_test.PBTC1FullNameVerificationTest.InvokBrowser(PBTC1FullNameVerificationTest.java:33)
at Module1_login_test.PBTC1FullNameVerificationTest.InvokBrowser(PBTC1FullNameVerificationTest.java:33)
at Module1_login_test.PBTC1FullNameVerificationTest.InvokBrowser(PBTC1FullNameVerificationTest.java:33)
at Module1_login_test.PBTC1FullNameVerificationTest.InvokBrowser(PBTC1FullNameVerificationTest.java:33)
at Module1_login_test.PBTC1FullNameVerificationTest.InvokBrowser(PBTC1FullNameVerificationTest.java:33)
at Module1_login_test.PBTC1FullNameVerificationTest.InvokBrowser(PBTC1FullNameVerificationTest.java:33)
at Module1_login_test.PBTC1FullNameVerificationTest.InvokBrowser(PBTC1FullNameVerificationTest.java:33)
at Module1_login_test.PBTC1FullNameVerificationTest.InvokBrowser(PBTC1FullNameVerificationTest.java:33)
at Module1_login_test.PBTC1FullNameVerificationTest.InvokBrowser(PBTC1FullNameVerificationTest.java:33)
at Module1_login_test.PBTC1FullNameVerificationTest.InvokBrowser(PBTC1FullNameVerificationTest.java:33)
at Module1_login_test.PBTC1FullNameVerificationTest.InvokBrowser(PBTC1FullNameVerificationTest.java:33)
at Module1_login_test.PBTC1FullNameVerificationTest.InvokBrowser(PBTC1FullNameVerificationTest.java:33)
at Module1_login_test.PBTC1FullNameVerificationTest.InvokBrowser(PBTC1FullNameVerificationTest.java:33)
at Module1_login_test.PBTC1FullNameVerificationTest.InvokBrowser(PBTC1FullNameVerificationTest.java:33)
at Module1_login_test.PBTC1FullNameVerificationTest.InvokBrowser(PBTC1FullNameVerificationTest.java:33)
at Module1_login_test.PBTC1FullNameVerificationTest.InvokBrowser(PBTC1FullNameVerificationTest.java:33)
at Module1_login_test.PBTC1FullNameVerificationTest.InvokBrowser(PBTC1FullNameVerificationTest.java:33)
at Module1_login_test.PBTC1FullNameVerificationTest.InvokBrowser(PBTC1FullNameVerificationTest.java:33)
at Module1_login_test.PBTC1FullNameVerificationTest.InvokBrowser(PBTC1FullNameVerificationTest.java:33)
at Module1_login_test.PBTC1FullNameVerificationTest.InvokBrowser(PBTC1FullNameVerificationTest.java:33)
at Module1_login_test.PBTC1FullNameVerificationTest.InvokBrowser(PBTC1FullNameVerificationTest.java:33)
at Module1_login_test.PBTC1FullNameVerificationTest.InvokBrowser(PBTC1FullNameVerificationTest.java:33)
at Module1_login_test.PBTC1FullNameVerificationTest.InvokBrowser(PBTC1FullNameVerificationTest.java:33)
at Module1_login_test.PBTC1FullNameVerificationTest.InvokBrowser(PBTC1FullNameVerificationTest.java:33)
at Module1_login_test.PBTC1FullNameVerificationTest.InvokBrowser(PBTC1FullNameVerificationTest.java:33)
at Module1_login_test.PBTC1FullNameVerificationTest.InvokBrowser(PBTC1FullNameVerificationTest.java:33)
at Module1_login_test.PBTC1FullNameVerificationTest.InvokBrowser(PBTC1FullNameVerificationTest.java:33)
at Module1_login_test.PBTC1FullNameVerificationTest.InvokBrowser(PBTC1FullNameVerificationTest.java:33)
at Module1_login_test.PBTC1FullNameVerificationTest.InvokBrowser(PBTC1FullNameVerificationTest.java:33)
at Module1_login_test.PBTC1FullNameVerificationTest.InvokBrowser(PBTC1FullNameVerificationTest.java:33)
at Module1_login_test.PBTC1FullNameVerificationTest.InvokBrowser(PBTC1FullNameVerificationTest.java:33)
at Module1_login_test.PBTC1FullNameVerificationTest.InvokBrowser(PBTC1FullNameVerificationTest.java:33)
at Module1_login_test.PBTC1FullNameVerificationTest.InvokBrowser(PBTC1FullNameVerificationTest.java:33)
at Module1_login_test.PBTC1FullNameVerificationTest.InvokBrowser(PBTC1FullNameVerificationTest.java:33)
at Module1_login_test.PBTC1FullNameVerificationTest.InvokBrowser(PBTC1FullNameVerificationTest.java:33)
at Module1_login_test.PBTC1FullNameVerificationTest.InvokBrowser(PBTC1FullNameVerificationTest.java:33)
at Module1_login_test.PBTC1FullNameVerificationTest.InvokBrowser(PBTC1FullNameVerificationTest.java:33)
at Module1_login_test.PBTC1FullNameVerificationTest.InvokBrowser(PBTC1FullNameVerificationTest.java:33)
at Module1_login_test.PBTC1FullNameVerificationTest.InvokBrowser(PBTC1FullNameVerificationTest.java:33)
at Module1_login_test.PBTC1FullNameVerificationTest.InvokBrowser(PBTC1FullNameVerificationTest.java:33)
at Module1_login_test.PBTC1FullNameVerificationTest.InvokBrowser(PBTC1FullNameVerificationTest.java:33)
at Module1_login_test.PBTC1FullNameVerificationTest.InvokBrowser(PBTC1FullNameVerificationTest.java:33)
at Module1_login_test.PBTC1FullNameVerificationTest.InvokBrowser(PBTC1FullNameVerificationTest.java:33)
at Module1_login_test.PBTC1FullNameVerificationTest.InvokBrowser(PBTC1FullNameVerificationTest.java:33)
at Module1_login_test.PBTC1FullNameVerificationTest.InvokBrowser(PBTC1FullNameVerificationTest.java:33)
at Module1_login_test.PBTC1FullNameVerificationTest.InvokBrowser(PBTC1FullNameVerificationTest.java:33)
at Module1_login_test.PBTC1FullNameVerificationTest.InvokBrowser(PBTC1FullNameVerificationTest.java:33)
at Module1_login_test.PBTC1FullNameVerificationTest.InvokBrowser(PBTC1FullNameVerificationTest.java:33)
at Module1_login_test.PBTC1FullNameVerificationTest.InvokBrowser(PBTC1FullNameVerificationTest.java:33)
at Module1_login_test.PBTC1FullNameVerificationTest.InvokBrowser(PBTC1FullNameVerificationTest.java:33)
at Module1_login_test.PBTC1FullNameVerificationTest.InvokBrowser(PBTC1FullNameVerificationTest.java:33)
at Module1_login_test.PBTC1FullNameVerificationTest.InvokBrowser(PBTC1FullNameVerificationTest.java:33)
at Module1_login_test.PBTC1FullNameVerificationTest.InvokBrowser(PBTC1FullNameVerificationTest.java:33)
at Module1_login_test.PBTC1FullNameVerificationTest.InvokBrowser(PBTC1FullNameVerificationTest.java:33)
at Module1_login_test.PBTC1FullNameVerificationTest.InvokBrowser(PBTC1FullNameVerificationTest.java:33)
at Module1_login_test.PBTC1FullNameVerificationTest.InvokBrowser(PBTC1FullNameVerificationTest.java:33)
at Module1_login_test.PBTC1FullNameVerificationTest.InvokBrowser(PBTC1FullNameVerificationTest.java:33)
at Module1_login_test.PBTC1FullNameVerificationTest.InvokBrowser(PBTC1FullNameVerificationTest.java:33)
at Module1_login_test.PBTC1FullNameVerificationTest.InvokBrowser(PBTC1FullNameVerificationTest.java:33)
at Module1_login_test.PBTC1FullNameVerificationTest.InvokBrowser(PBTC1FullNameVerificationTest.java:33)
at Module1_login_test.PBTC1FullNameVerificationTest.InvokBrowser(PBTC1FullNameVerificationTest.java:33)
at Module1_login_test.PBTC1FullNameVerificationTest.InvokBrowser(PBTC1FullNameVerificationTest.java:33)
at Module1_login_test.PBTC1FullNameVerificationTest.InvokBrowser(PBTC1FullNameVerificationTest.java:33)
at Module1_login_test.PBTC1FullNameVerificationTest.InvokBrowser(PBTC1FullNameVerificationTest.java:33)
at Module1_login_test.PBTC1FullNameVerificationTest.InvokBrowser(PBTC1FullNameVerificationTest.java:33)
at Module1_login_test.PBTC1FullNameVerificationTest.InvokBrowser(PBTC1FullNameVerificationTest.java:33)
at Module1_login_test.PBTC1FullNameVerificationTest.InvokBrowser(PBTC1FullNameVerificationTest.java:33)
at Module1_login_test.PBTC1FullNameVerificationTest.InvokBrowser(PBTC1FullNameVerificationTest.java:33)
at Module1_login_test.PBTC1FullNameVerificationTest.InvokBrowser(PBTC1FullNameVerificationTest.java:33)
at Module1_login_test.PBTC1FullNameVerificationTest.InvokBrowser(PBTC1FullNameVerificationTest.java:33)
at Module1_login_test.PBTC1FullNameVerificationTest.InvokBrowser(PBTC1FullNameVerificationTest.java:33)
at Module1_login_test.PBTC1FullNameVerificationTest.InvokBrowser(PBTC1FullNameVerificationTest.java:33)
at Module1_login_test.PBTC1FullNameVerificationTest.InvokBrowser(PBTC1FullNameVerificationTest.java:33)
at Module1_login_test.PBTC1FullNameVerificationTest.InvokBrowser(PBTC1FullNameVerificationTest.java:33)
at Module1_login_test.PBTC1FullNameVerificationTest.InvokBrowser(PBTC1FullNameVerificationTest.java:33)
at Module1_login_test.PBTC1FullNameVerificationTest.InvokBrowser(PBTC1FullNameVerificationTest.java:33)
at Module1_login_test.PBTC1FullNameVerificationTest.InvokBrowser(PBTC1FullNameVerificationTest.java:33)
at Module1_login_test.PBTC1FullNameVerificationTest.InvokBrowser(PBTC1FullNameVerificationTest.java:33)
at Module1_login_test.PBTC1FullNameVerificationTest.InvokBrowser(PBTC1FullNameVerificationTest.java:33)
at Module1_login_test.PBTC1FullNameVerificationTest.InvokBrowser(PBTC1FullNameVerificationTest.java:33)
at Module1_login_test.PBTC1FullNameVerificationTest.InvokBrowser(PBTC1FullNameVerificationTest.java:33)
at Module1_login_test.PBTC1FullNameVerificationTest.InvokBrowser(PBTC1FullNameVerificationTest.java:33)
at Module1_login_test.PBTC1FullNameVerificationTest.InvokBrowser(PBTC1FullNameVerificationTest.java:33)
at Module1_login_test.PBTC1FullNameVerificationTest.InvokBrowser(PBTC1FullNameVerificationTest.java:33)
at Module1_login_test.PBTC1FullNameVerificationTest.InvokBrowser(PBTC1FullNameVerificationTest.java:33)
at Module1_login_test.PBTC1FullNameVerificationTest.InvokBrowser(PBTC1FullNameVerificationTest.java:33)
at Module1_login_test.PBTC1FullNameVerificationTest.InvokBrowser(PBTC1FullNameVerificationTest.java:33)
at Module1_login_test.PBTC1FullNameVerificationTest.InvokBrowser(PBTC1FullNameVerificationTest.java:33)
at Module1_login_test.PBTC1FullNameVerificationTest.InvokBrowser(PBTC1FullNameVerificationTest.java:33)
at Module1_login_test.PBTC1FullNameVerificationTest.InvokBrowser(PBTC1FullNameVerificationTest.java:33)
at Module1_login_test.PBTC1FullNameVerificationTest.InvokBrowser(PBTC1FullNameVerificationTest.java:33)
at Module1_login_test.PBTC1FullNameVerificationTest.InvokBrowser(PBTC1FullNameVerificationTest.java:33)
at Module1_login_test.PBTC1FullNameVerificationTest.InvokBrowser(PBTC1FullNameVerificationTest.java:33)
at Module1_login_test.PBTC1FullNameVerificationTest.InvokBrowser(PBTC1FullNameVerificationTest.java:33)
at Module1_login_test.PBTC1FullNameVerificationTest.InvokBrowser(PBTC1FullNameVerificationTest.java:33)
at Module1_login_test.PBTC1FullNameVerificationTest.InvokBrowser(PBTC1FullNameVerificationTest.java:33)
at Module1_login_test.PBTC1FullNameVerificationTest.InvokBrowser(PBTC1FullNameVerificationTest.java:33)
at Module1_login_test.PBTC1FullNameVerificationTest.InvokBrowser(PBTC1FullNameVerificationTest.java:33)
at Module1_login_test.PBTC1FullNameVerificationTest.InvokBrowser(PBTC1FullNameVerificationTest.java:33)
at Module1_login_test.PBTC1FullNameVerificationTest.InvokBrowser(PBTC1FullNameVerificationTest.java:33)
at Module1_login_test.PBTC1FullNameVerificationTest.InvokBrowser(PBTC1FullNameVerificationTest.java:33)
at Module1_login_test.PBTC1FullNameVerificationTest.InvokBrowser(PBTC1FullNameVerificationTest.java:33)
at Module1_login_test.PBTC1FullNameVerificationTest.InvokBrowser(PBTC1FullNameVerificationTest.java:33)
at Module1_login_test.PBTC1FullNameVerificationTest.InvokBrowser(PBTC1FullNameVerificationTest.java:33)
at Module1_login_test.PBTC1FullNameVerificationTest.InvokBrowser(PBTC1FullNameVerificationTest.java:33)
at Module1_login_test.PBTC1FullNameVerificationTest.InvokBrowser(PBTC1FullNameVerificationTest.java:33)
at Module1_login_test.PBTC1FullNameVerificationTest.InvokBrowser(PBTC1FullNameVerificationTest.java:33)
at Module1_login_test.PBTC1FullNameVerificationTest.InvokBrowser(PBTC1FullNameVerificationTest.java:33)
at Module1_login_test.PBTC1FullNameVerificationTest.InvokBrowser(PBTC1FullNameVerificationTest.java:33)
at Module1_login_test.PBTC1FullNameVerificationTest.InvokBrowser(PBTC1FullNameVerificationTest.java:33)
at Module1_login_test.PBTC1FullNameVerificationTest.InvokBrowser(PBTC1FullNameVerificationTest.java:33)
at Module1_login_test.PBTC1FullNameVerificationTest.InvokBrowser(PBTC1FullNameVerificationTest.java:33)
at Module1_login_test.PBTC1FullNameVerificationTest.InvokBrowser(PBTC1FullNameVerificationTest.java:33)
at Module1_login_test.PBTC1FullNameVerificationTest.InvokBrowser(PBTC1FullNameVerificationTest.java:33)
at Module1_login_test.PBTC1FullNameVerificationTest.InvokBrowser(PBTC1FullNameVerificationTest.java:33)
at Module1_login_test.PBTC1FullNameVerificationTest.InvokBrowser(PBTC1FullNameVerificationTest.java:33)
at Module1_login_test.PBTC1FullNameVerificationTest.InvokBrowser(PBTC1FullNameVerificationTest.java:33)
at Module1_login_test.PBTC1FullNameVerificationTest.InvokBrowser(PBTC1FullNameVerificationTest.java:33)
at Module1_login_test.PBTC1FullNameVerificationTest.InvokBrowser(PBTC1FullNameVerificationTest.java:33)
at Module1_login_test.PBTC1FullNameVerificationTest.InvokBrowser(PBTC1FullNameVerificationTest.java:33)
at Module1_login_test.PBTC1FullNameVerificationTest.InvokBrowser(PBTC1FullNameVerificationTest.java:33)
at Module1_login_test.PBTC1FullNameVerificationTest.InvokBrowser(PBTC1FullNameVerificationTest.java:33)
at Module1_login_test.PBTC1FullNameVerificationTest.InvokBrowser(PBTC1FullNameVerificationTest.java:33)
at Module1_login_test.PBTC1FullNameVerificationTest.InvokBrowser(PBTC1FullNameVerificationTest.java:33)
at Module1_login_test.PBTC1FullNameVerificationTest.InvokBrowser(PBTC1FullNameVerificationTest.java:33)
at Module1_login_test.PBTC1FullNameVerificationTest.InvokBrowser(PBTC1FullNameVerificationTest.java:33)
at Module1_login_test.PBTC1FullNameVerificationTest.InvokBrowser(PBTC1FullNameVerificationTest.java:33)
at Module1_login_test.PBTC1FullNameVerificationTest.InvokBrowser(PBTC1FullNameVerificationTest.java:33)
at Module1_login_test.PBTC1FullNameVerificationTest.InvokBrowser(PBTC1FullNameVerificationTest.java:33)
at Module1_login_test.PBTC1FullNameVerificationTest.InvokBrowser(PBTC1FullNameVerificationTest.java:33)
at Module1_login_test.PBTC1FullNameVerificationTest.InvokBrowser(PBTC1FullNameVerificationTest.java:33)
at Module1_login_test.PBTC1FullNameVerificationTest.InvokBrowser(PBTC1FullNameVerificationTest.java:33)
at Module1_login_test.PBTC1FullNameVerificationTest.InvokBrowser(PBTC1FullNameVerificationTest.java:33)
at Module1_login_test.PBTC1FullNameVerificationTest.InvokBrowser(PBTC1FullNameVerificationTest.java:33)
at Module1_login_test.PBTC1FullNameVerificationTest.InvokBrowser(PBTC1FullNameVerificationTest.java:33)
at Module1_login_test.PBTC1FullNameVerificationTest.InvokBrowser(PBTC1FullNameVerificationTest.java:33)
at Module1_login_test.PBTC1FullNameVerificationTest.InvokBrowser(PBTC1FullNameVerificationTest.java:33)
at Module1_login_test.PBTC1FullNameVerificationTest.InvokBrowser(PBTC1FullNameVerificationTest.java:33)
at Module1_login_test.PBTC1FullNameVerificationTest.InvokBrowser(PBTC1FullNameVerificationTest.java:33)
at Module1_login_test.PBTC1FullNameVerificationTest.InvokBrowser(PBTC1FullNameVerificationTest.java:33)
at Module1_login_test.PBTC1FullNameVerificationTest.InvokBrowser(PBTC1FullNameVerificationTest.java:33)
at Module1_login_test.PBTC1FullNameVerificationTest.InvokBrowser(PBTC1FullNameVerificationTest.java:33)
at Module1_login_test.PBTC1FullNameVerificationTest.InvokBrowser(PBTC1FullNameVerificationTest.java:33)
at Module1_login_test.PBTC1FullNameVerificationTest.InvokBrowser(PBTC1FullNameVerificationTest.java:33)
at Module1_login_test.PBTC1FullNameVerificationTest.InvokBrowser(PBTC1FullNameVerificationTest.java:33)
at Module1_login_test.PBTC1FullNameVerificationTest.InvokBrowser(PBTC1FullNameVerificationTest.java:33)
at Module1_login_test.PBTC1FullNameVerificationTest.InvokBrowser(PBTC1FullNameVerificationTest.java:33)
at Module1_login_test.PBTC1FullNameVerificationTest.InvokBrowser(PBTC1FullNameVerificationTest.java:33)
at Module1_login_test.PBTC1FullNameVerificationTest.InvokBrowser(PBTC1FullNameVerificationTest.java:33)
at Module1_login_test.PBTC1FullNameVerificationTest.InvokBrowser(PBTC1FullNameVerificationTest.java:33)
at Module1_login_test.PBTC1FullNameVerificationTest.InvokBrowser(PBTC1FullNameVerificationTest.java:33)
at Module1_login_test.PBTC1FullNameVerificationTest.InvokBrowser(PBTC1FullNameVerificationTest.java:33)
at Module1_login_test.PBTC1FullNameVerificationTest.InvokBrowser(PBTC1FullNameVerificationTest.java:33)
at Module1_login_test.PBTC1FullNameVerificationTest.InvokBrowser(PBTC1FullNameVerificationTest.java:33)
at Module1_login_test.PBTC1FullNameVerificationTest.InvokBrowser(PBTC1FullNameVerificationTest.java:33)
at Module1_login_test.PBTC1FullNameVerificationTest.InvokBrowser(PBTC1FullNameVerificationTest.java:33)
at Module1_login_test.PBTC1FullNameVerificationTest.InvokBrowser(PBTC1FullNameVerificationTest.java:33)
at Module1_login_test.PBTC1FullNameVerificationTest.InvokBrowser(PBTC1FullNameVerificationTest.java:33)
at Module1_login_test.PBTC1FullNameVerificationTest.InvokBrowser(PBTC1FullNameVerificationTest.java:33)
at Module1_login_test.PBTC1FullNameVerificationTest.InvokBrowser(PBTC1FullNameVerificationTest.java:33)
at Module1_login_test.PBTC1FullNameVerificationTest.InvokBrowser(PBTC1FullNameVerificationTest.java:33)
at Module1_login_test.PBTC1FullNameVerificationTest.InvokBrowser(PBTC1FullNameVerificationTest.java:33)
at Module1_login_test.PBTC1FullNameVerificationTest.InvokBrowser(PBTC1FullNameVerificationTest.java:33)
at Module1_login_test.PBTC1FullNameVerificationTest.InvokBrowser(PBTC1FullNameVerificationTest.java:33)
at Module1_login_test.PBTC1FullNameVerificationTest.InvokBrowser(PBTC1FullNameVerificationTest.java:33)
at Module1_login_test.PBTC1FullNameVerificationTest.InvokBrowser(PBTC1FullNameVerificationTest.java:33)
at Module1_login_test.PBTC1FullNameVerificationTest.InvokBrowser(PBTC1FullNameVerificationTest.java:33)
at Module1_login_test.PBTC1FullNameVerificationTest.InvokBrowser(PBTC1FullNameVerificationTest.java:33)
at Module1_login_test.PBTC1FullNameVerificationTest.InvokBrowser(PBTC1FullNameVerificationTest.java:33)
at Module1_login_test.PBTC1FullNameVerificationTest.InvokBrowser(PBTC1FullNameVerificationTest.java:33)
at Module1_login_test.PBTC1FullNameVerificationTest.InvokBrowser(PBTC1FullNameVerificationTest.java:33)
at Module1_login_test.PBTC1FullNameVerificationTest.InvokBrowser(PBTC1FullNameVerificationTest.java:33)
at Module1_login_test.PBTC1FullNameVerificationTest.InvokBrowser(PBTC1FullNameVerificationTest.java:33)
at Module1_login_test.PBTC1FullNameVerificationTest.InvokBrowser(PBTC1FullNameVerificationTest.java:33)
at Module1_login_test.PBTC1FullNameVerificationTest.InvokBrowser(PBTC1FullNameVerificationTest.java:33)
at Module1_login_test.PBTC1FullNameVerificationTest.InvokBrowser(PBTC1FullNameVerificationTest.java:33)
at Module1_login_test.PBTC1FullNameVerificationTest.InvokBrowser(PBTC1FullNameVerificationTest.java:33)
at Module1_login_test.PBTC1FullNameVerificationTest.InvokBrowser(PBTC1FullNameVerificationTest.java:33)
at Module1_login_test.PBTC1FullNameVerificationTest.InvokBrowser(PBTC1FullNameVerificationTest.java:33)
at Module1_login_test.PBTC1FullNameVerificationTest.InvokBrowser(PBTC1FullNameVerificationTest.java:33)
at Module1_login_test.PBTC1FullNameVerificationTest.InvokBrowser(PBTC1FullNameVerificationTest.java:33)
at Module1_login_test.PBTC1FullNameVerificationTest.InvokBrowser(PBTC1FullNameVerificationTest.java:33)
at Module1_login_test.PBTC1FullNameVerificationTest.InvokBrowser(PBTC1FullNameVerificationTest.java:33)
at Module1_login_test.PBTC1FullNameVerificationTest.InvokBrowser(PBTC1FullNameVerificationTest.java:33)
at Module1_login_test.PBTC1FullNameVerificationTest.InvokBrowser(PBTC1FullNameVerificationTest.java:33)
at Module1_login_test.PBTC1FullNameVerificationTest.InvokBrowser(PBTC1FullNameVerificationTest.java:33)
at Module1_login_test.PBTC1FullNameVerificationTest.InvokBrowser(PBTC1FullNameVerificationTest.java:33)
at Module1_login_test.PBTC1FullNameVerificationTest.InvokBrowser(PBTC1FullNameVerificationTest.java:33)
at Module1_login_test.PBTC1FullNameVerificationTest.InvokBrowser(PBTC1FullNameVerificationTest.java:33)
at Module1_login_test.PBTC1FullNameVerificationTest.InvokBrowser(PBTC1FullNameVerificationTest.java:33)
at Module1_login_test.PBTC1FullNameVerificationTest.InvokBrowser(PBTC1FullNameVerificationTest.java:33)
at Module1_login_test.PBTC1FullNameVerificationTest.InvokBrowser(PBTC1FullNameVerificationTest.java:33)
at Module1_login_test.PBTC1FullNameVerificationTest.InvokBrowser(PBTC1FullNameVerificationTest.java:33)
at Module1_login_test.PBTC1FullNameVerificationTest.InvokBrowser(PBTC1FullNameVerificationTest.java:33)
at Module1_login_test.PBTC1FullNameVerificationTest.InvokBrowser(PBTC1FullNameVerificationTest.java:33)
at Module1_login_test.PBTC1FullNameVerificationTest.InvokBrowser(PBTC1FullNameVerificationTest.java:33)
at Module1_login_test.PBTC1FullNameVerificationTest.InvokBrowser(PBTC1FullNameVerificationTest.java:33)
at Module1_login_test.PBTC1FullNameVerificationTest.InvokBrowser(PBTC1FullNameVerificationTest.java:33)
at Module1_login_test.PBTC1FullNameVerificationTest.InvokBrowser(PBTC1FullNameVerificationTest.java:33)
at Module1_login_test.PBTC1FullNameVerificationTest.InvokBrowser(PBTC1FullNameVerificationTest.java:33)
at Module1_login_test.PBTC1FullNameVerificationTest.InvokBrowser(PBTC1FullNameVerificationTest.java:33)
at Module1_login_test.PBTC1FullNameVerificationTest.InvokBrowser(PBTC1FullNameVerificationTest.java:33)
at Module1_login_test.PBTC1FullNameVerificationTest.InvokBrowser(PBTC1FullNameVerificationTest.java:33)
at Module1_login_test.PBTC1FullNameVerificationTest.InvokBrowser(PBTC1FullNameVerificationTest.java:33)
at Module1_login_test.PBTC1FullNameVerificationTest.InvokBrowser(PBTC1FullNameVerificationTest.java:33)
at Module1_login_test.PBTC1FullNameVerificationTest.InvokBrowser(PBTC1FullNameVerificationTest.java:33)
at Module1_login_test.PBTC1FullNameVerificationTest.InvokBrowser(PBTC1FullNameVerificationTest.java:33)
at Module1_login_test.PBTC1FullNameVerificationTest.InvokBrowser(PBTC1FullNameVerificationTest.java:33)
at Module1_login_test.PBTC1FullNameVerificationTest.InvokBrowser(PBTC1FullNameVerificationTest.java:33)
at Module1_login_test.PBTC1FullNameVerificationTest.InvokBrowser(PBTC1FullNameVerificationTest.java:33)
at Module1_login_test.PBTC1FullNameVerificationTest.InvokBrowser(PBTC1FullNameVerificationTest.java:33)
at Module1_login_test.PBTC1FullNameVerificationTest.InvokBrowser(PBTC1FullNameVerificationTest.java:33)
at Module1_login_test.PBTC1FullNameVerificationTest.InvokBrowser(PBTC1FullNameVerificationTest.java:33)
at Module1_login_test.PBTC1FullNameVerificationTest.InvokBrowser(PBTC1FullNameVerificationTest.java:33)
at Module1_login_test.PBTC1FullNameVerificationTest.InvokBrowser(PBTC1FullNameVerificationTest.java:33)
at Module1_login_test.PBTC1FullNameVerificationTest.InvokBrowser(PBTC1FullNameVerificationTest.java:33)
at Module1_login_test.PBTC1FullNameVerificationTest.InvokBrowser(PBTC1FullNameVerificationTest.java:33)
at Module1_login_test.PBTC1FullNameVerificationTest.InvokBrowser(PBTC1FullNameVerificationTest.java:33)
at Module1_login_test.PBTC1FullNameVerificationTest.InvokBrowser(PBTC1FullNameVerificationTest.java:33)
at Module1_login_test.PBTC1FullNameVerificationTest.InvokBrowser(PBTC1FullNameVerificationTest.java:33)
at Module1_login_test.PBTC1FullNameVerificationTest.InvokBrowser(PBTC1FullNameVerificationTest.java:33)
at Module1_login_test.PBTC1FullNameVerificationTest.InvokBrowser(PBTC1FullNameVerificationTest.java:33)
at Module1_login_test.PBTC1FullNameVerificationTest.InvokBrowser(PBTC1FullNameVerificationTest.java:33)
at Module1_login_test.PBTC1FullNameVerificationTest.InvokBrowser(PBTC1FullNameVerificationTest.java:33)
at Module1_login_test.PBTC1FullNameVerificationTest.InvokBrowser(PBTC1FullNameVerificationTest.java:33)
at Module1_login_test.PBTC1FullNameVerificationTest.InvokBrowser(PBTC1FullNameVerificationTest.java:33)
at Module1_login_test.PBTC1FullNameVerificationTest.InvokBrowser(PBTC1FullNameVerificationTest.java:33)
at Module1_login_test.PBTC1FullNameVerificationTest.InvokBrowser(PBTC1FullNameVerificationTest.java:33)
at Module1_login_test.PBTC1FullNameVerificationTest.InvokBrowser(PBTC1FullNameVerificationTest.java:33)
at Module1_login_test.PBTC1FullNameVerificationTest.InvokBrowser(PBTC1FullNameVerificationTest.java:33)
at Module1_login_test.PBTC1FullNameVerificationTest.InvokBrowser(PBTC1FullNameVerificationTest.java:33)
at Module1_login_test.PBTC1FullNameVerificationTest.InvokBrowser(PBTC1FullNameVerificationTest.java:33)
at Module1_login_test.PBTC1FullNameVerificationTest.InvokBrowser(PBTC1FullNameVerificationTest.java:33)
at Module1_login_test.PBTC1FullNameVerificationTest.InvokBrowser(PBTC1FullNameVerificationTest.java:33)
at Module1_login_test.PBTC1FullNameVerificationTest.InvokBrowser(PBTC1FullNameVerificationTest.java:33)
at Module1_login_test.PBTC1FullNameVerificationTest.InvokBrowser(PBTC1FullNameVerificationTest.java:33)
at Module1_login_test.PBTC1FullNameVerificationTest.InvokBrowser(PBTC1FullNameVerificationTest.java:33)
at Module1_login_test.PBTC1FullNameVerificationTest.InvokBrowser(PBTC1FullNameVerificationTest.java:33)
at Module1_login_test.PBTC1FullNameVerificationTest.InvokBrowser(PBTC1FullNameVerificationTest.java:33)
at Module1_login_test.PBTC1FullNameVerificationTest.InvokBrowser(PBTC1FullNameVerificationTest.java:33)
at Module1_login_test.PBTC1FullNameVerificationTest.InvokBrowser(PBTC1FullNameVerificationTest.java:33)
at Module1_login_test.PBTC1FullNameVerificationTest.InvokBrowser(PBTC1FullNameVerificationTest.java:33)
at Module1_login_test.PBTC1FullNameVerificationTest.InvokBrowser(PBTC1FullNameVerificationTest.java:33)
at Module1_login_test.PBTC1FullNameVerificationTest.InvokBrowser(PBTC1FullNameVerificationTest.java:33)
at Module1_login_test.PBTC1FullNameVerificationTest.InvokBrowser(PBTC1FullNameVerificationTest.java:33)
at Module1_login_test.PBTC1FullNameVerificationTest.InvokBrowser(PBTC1FullNameVerificationTest.java:33)
at Module1_login_test.PBTC1FullNameVerificationTest.InvokBrowser(PBTC1FullNameVerificationTest.java:33)
at Module1_login_test.PBTC1FullNameVerificationTest.InvokBrowser(PBTC1FullNameVerificationTest.java:33)
at Module1_login_test.PBTC1FullNameVerificationTest.InvokBrowser(PBTC1FullNameVerificationTest.java:33)
at Module1_login_test.PBTC1FullNameVerificationTest.InvokBrowser(PBTC1FullNameVerificationTest.java:33)
at Module1_login_test.PBTC1FullNameVerificationTest.InvokBrowser(PBTC1FullNameVerificationTest.java:33)
at Module1_login_test.PBTC1FullNameVerificationTest.InvokBrowser(PBTC1FullNameVerificationTest.java:33)
at Module1_login_test.PBTC1FullNameVerificationTest.InvokBrowser(PBTC1FullNameVerificationTest.java:33)
at Module1_login_test.PBTC1FullNameVerificationTest.InvokBrowser(PBTC1FullNameVerificationTest.java:33)
at Module1_login_test.PBTC1FullNameVerificationTest.InvokBrowser(PBTC1FullNameVerificationTest.java:33)
at Module1_login_test.PBTC1FullNameVerificationTest.InvokBrowser(PBTC1FullNameVerificationTest.java:33)
at Module1_login_test.PBTC1FullNameVerificationTest.InvokBrowser(PBTC1FullNameVerificationTest.java:33)
at Module1_login_test.PBTC1FullNameVerificationTest.InvokBrowser(PBTC1FullNameVerificationTest.java:33)
at Module1_login_test.PBTC1FullNameVerificationTest.InvokBrowser(PBTC1FullNameVerificationTest.java:33)
at Module1_login_test.PBTC1FullNameVerificationTest.InvokBrowser(PBTC1FullNameVerificationTest.java:33)
at Module1_login_test.PBTC1FullNameVerificationTest.InvokBrowser(PBTC1FullNameVerificationTest.java:33)
at Module1_login_test.PBTC1FullNameVerificationTest.InvokBrowser(PBTC1FullNameVerificationTest.java:33)
at Module1_login_test.PBTC1FullNameVerificationTest.InvokBrowser(PBTC1FullNameVerificationTest.java:33)
at Module1_login_test.PBTC1FullNameVerificationTest.InvokBrowser(PBTC1FullNameVerificationTest.java:33)
at Module1_login_test.PBTC1FullNameVerificationTest.InvokBrowser(PBTC1FullNameVerificationTest.java:33)
at Module1_login_test.PBTC1FullNameVerificationTest.InvokBrowser(PBTC1FullNameVerificationTest.java:33)
at Module1_login_test.PBTC1FullNameVerificationTest.InvokBrowser(PBTC1FullNameVerificationTest.java:33)
at Module1_login_test.PBTC1FullNameVerificationTest.InvokBrowser(PBTC1FullNameVerificationTest.java:33)
at Module1_login_test.PBTC1FullNameVerificationTest.InvokBrowser(PBTC1FullNameVerificationTest.java:33)
at Module1_login_test.PBTC1FullNameVerificationTest.InvokBrowser(PBTC1FullNameVerificationTest.java:33)
at Module1_login_test.PBTC1FullNameVerificationTest.InvokBrowser(PBTC1FullNameVerificationTest.java:33)
at Module1_login_test.PBTC1FullNameVerificationTest.InvokBrowser(PBTC1FullNameVerificationTest.java:33)
at Module1_login_test.PBTC1FullNameVerificationTest.InvokBrowser(PBTC1FullNameVerificationTest.java:33)
at Module1_login_test.PBTC1FullNameVerificationTest.InvokBrowser(PBTC1FullNameVerificationTest.java:33)
at Module1_login_test.PBTC1FullNameVerificationTest.InvokBrowser(PBTC1FullNameVerificationTest.java:33)
at Module1_login_test.PBTC1FullNameVerificationTest.InvokBrowser(PBTC1FullNameVerificationTest.java:33)
at Module1_login_test.PBTC1FullNameVerificationTest.InvokBrowser(PBTC1FullNameVerificationTest.java:33)
at Module1_login_test.PBTC1FullNameVerificationTest.InvokBrowser(PBTC1FullNameVerificationTest.java:33)
at Module1_login_test.PBTC1FullNameVerificationTest.InvokBrowser(PBTC1FullNameVerificationTest.java:33)
at Module1_login_test.PBTC1FullNameVerificationTest.InvokBrowser(PBTC1FullNameVerificationTest.java:33)
at Module1_login_test.PBTC1FullNameVerificationTest.InvokBrowser(PBTC1FullNameVerificationTest.java:33)
at Module1_login_test.PBTC1FullNameVerificationTest.InvokBrowser(PBTC1FullNameVerificationTest.java:33)
at Module1_login_test.PBTC1FullNameVerificationTest.InvokBrowser(PBTC1FullNameVerificationTest.java:33)
at Module1_login_test.PBTC1FullNameVerificationTest.InvokBrowser(PBTC1FullNameVerificationTest.java:33)
at Module1_login_test.PBTC1FullNameVerificationTest.InvokBrowser(PBTC1FullNameVerificationTest.java:33)
at Module1_login_test.PBTC1FullNameVerificationTest.InvokBrowser(PBTC1FullNameVerificationTest.java:33)
at Module1_login_test.PBTC1FullNameVerificationTest.InvokBrowser(PBTC1FullNameVerificationTest.java:33)
at Module1_login_test.PBTC1FullNameVerificationTest.InvokBrowser(PBTC1FullNameVerificationTest.java:33)
at Module1_login_test.PBTC1FullNameVerificationTest.InvokBrowser(PBTC1FullNameVerificationTest.java:33)
at Module1_login_test.PBTC1FullNameVerificationTest.InvokBrowser(PBTC1FullNameVerificationTest.java:33)
at Module1_login_test.PBTC1FullNameVerificationTest.InvokBrowser(PBTC1FullNameVerificationTest.java:33)
at Module1_login_test.PBTC1FullNameVerificationTest.InvokBrowser(PBTC1FullNameVerificationTest.java:33)
at Module1_login_test.PBTC1FullNameVerificationTest.InvokBrowser(PBTC1FullNameVerificationTest.java:33)
at Module1_login_test.PBTC1FullNameVerificationTest.InvokBrowser(PBTC1FullNameVerificationTest.java:33)
at Module1_login_test.PBTC1FullNameVerificationTest.InvokBrowser(PBTC1FullNameVerificationTest.java:33)
at Module1_login_test.PBTC1FullNameVerificationTest.InvokBrowser(PBTC1FullNameVerificationTest.java:33)
at Module1_login_test.PBTC1FullNameVerificationTest.InvokBrowser(PBTC1FullNameVerificationTest.java:33)
at Module1_login_test.PBTC1FullNameVerificationTest.InvokBrowser(PBTC1FullNameVerificationTest.java:33)
at Module1_login_test.PBTC1FullNameVerificationTest.InvokBrowser(PBTC1FullNameVerificationTest.java:33)
at Module1_login_test.PBTC1FullNameVerificationTest.InvokBrowser(PBTC1FullNameVerificationTest.java:33)
at Module1_login_test.PBTC1FullNameVerificationTest.InvokBrowser(PBTC1FullNameVerificationTest.java:33)
at Module1_login_test.PBTC1FullNameVerificationTest.InvokBrowser(PBTC1FullNameVerificationTest.java:33)
at Module1_login_test.PBTC1FullNameVerificationTest.InvokBrowser(PBTC1FullNameVerificationTest.java:33)
at Module1_login_test.PBTC1FullNameVerificationTest.InvokBrowser(PBTC1FullNameVerificationTest.java:33)
at Module1_login_test.PBTC1FullNameVerificationTest.InvokBrowser(PBTC1FullNameVerificationTest.java:33)
at Module1_login_test.PBTC1FullNameVerificationTest.InvokBrowser(PBTC1FullNameVerificationTest.java:33)
at Module1_login_test.PBTC1FullNameVerificationTest.InvokBrowser(PBTC1FullNameVerificationTest.java:33)
at Module1_login_test.PBTC1FullNameVerificationTest.InvokBrowser(PBTC1FullNameVerificationTest.java:33)
at Module1_login_test.PBTC1FullNameVerificationTest.InvokBrowser(PBTC1FullNameVerificationTest.java:33)
at Module1_login_test.PBTC1FullNameVerificationTest.InvokBrowser(PBTC1FullNameVerificationTest.java:33)
at Module1_login_test.PBTC1FullNameVerificationTest.InvokBrowser(PBTC1FullNameVerificationTest.java:33)
at Module1_login_test.PBTC1FullNameVerificationTest.InvokBrowser(PBTC1FullNameVerificationTest.java:33)
at Module1_login_test.PBTC1FullNameVerificationTest.InvokBrowser(PBTC1FullNameVerificationTest.java:33)
at Module1_login_test.PBTC1FullNameVerificationTest.InvokBrowser(PBTC1FullNameVerificationTest.java:33)
at Module1_login_test.PBTC1FullNameVerificationTest.InvokBrowser(PBTC1FullNameVerificationTest.java:33)
at Module1_login_test.PBTC1FullNameVerificationTest.InvokBrowser(PBTC1FullNameVerificationTest.java:33)
at Module1_login_test.PBTC1FullNameVerificationTest.InvokBrowser(PBTC1FullNameVerificationTest.java:33)
at Module1_login_test.PBTC1FullNameVerificationTest.InvokBrowser(PBTC1FullNameVerificationTest.java:33)
at Module1_login_test.PBTC1FullNameVerificationTest.InvokBrowser(PBTC1FullNameVerificationTest.java:33)
at Module1_login_test.PBTC1FullNameVerificationTest.InvokBrowser(PBTC1FullNameVerificationTest.java:33)
at Module1_login_test.PBTC1FullNameVerificationTest.InvokBrowser(PBTC1FullNameVerificationTest.java:33)
at Module1_login_test.PBTC1FullNameVerificationTest.InvokBrowser(PBTC1FullNameVerificationTest.java:33)
at Module1_login_test.PBTC1FullNameVerificationTest.InvokBrowser(PBTC1FullNameVerificationTest.java:33)
at Module1_login_test.PBTC1FullNameVerificationTest.InvokBrowser(PBTC1FullNameVerificationTest.java:33)
at Module1_login_test.PBTC1FullNameVerificationTest.InvokBrowser(PBTC1FullNameVerificationTest.java:33)
at Module1_login_test.PBTC1FullNameVerificationTest.InvokBrowser(PBTC1FullNameVerificationTest.java:33)
at Module1_login_test.PBTC1FullNameVerificationTest.InvokBrowser(PBTC1FullNameVerificationTest.java:33)
at Module1_login_test.PBTC1FullNameVerificationTest.InvokBrowser(PBTC1FullNameVerificationTest.java:33)
at Module1_login_test.PBTC1FullNameVerificationTest.InvokBrowser(PBTC1FullNameVerificationTest.java:33)
at Module1_login_test.PBTC1FullNameVerificationTest.InvokBrowser(PBTC1FullNameVerificationTest.java:33)
at Module1_login_test.PBTC1FullNameVerificationTest.InvokBrowser(PBTC1FullNameVerificationTest.java:33)
at Module1_login_test.PBTC1FullNameVerificationTest.InvokBrowser(PBTC1FullNameVerificationTest.java:33)
at Module1_login_test.PBTC1FullNameVerificationTest.InvokBrowser(PBTC1FullNameVerificationTest.java:33)
at Module1_login_test.PBTC1FullNameVerificationTest.InvokBrowser(PBTC1FullNameVerificationTest.java:33)
at Module1_login_test.PBTC1FullNameVerificationTest.InvokBrowser(PBTC1FullNameVerificationTest.java:33)
at Module1_login_test.PBTC1FullNameVerificationTest.InvokBrowser(PBTC1FullNameVerificationTest.java:33)
at Module1_login_test.PBTC1FullNameVerificationTest.InvokBrowser(PBTC1FullNameVerificationTest.java:33)
at Module1_login_test.PBTC1FullNameVerificationTest.InvokBrowser(PBTC1FullNameVerificationTest.java:33)
at Module1_login_test.PBTC1FullNameVerificationTest.InvokBrowser(PBTC1FullNameVerificationTest.java:33)
at Module1_login_test.PBTC1FullNameVerificationTest.InvokBrowser(PBTC1FullNameVerificationTest.java:33)
at Module1_login_test.PBTC1FullNameVerificationTest.InvokBrowser(PBTC1FullNameVerificationTest.java:33)
at Module1_login_test.PBTC1FullNameVerificationTest.InvokBrowser(PBTC1FullNameVerificationTest.java:33)
at Module1_login_test.PBTC1FullNameVerificationTest.InvokBrowser(PBTC1FullNameVerificationTest.java:33)
at Module1_login_test.PBTC1FullNameVerificationTest.InvokBrowser(PBTC1FullNameVerificationTest.java:33)
at Module1_login_test.PBTC1FullNameVerificationTest.InvokBrowser(PBTC1FullNameVerificationTest.java:33)
at Module1_login_test.PBTC1FullNameVerificationTest.InvokBrowser(PBTC1FullNameVerificationTest.java:33)
at Module1_login_test.PBTC1FullNameVerificationTest.InvokBrowser(PBTC1FullNameVerificationTest.java:33)
at Module1_login_test.PBTC1FullNameVerificationTest.InvokBrowser(PBTC1FullNameVerificationTest.java:33)
at Module1_login_test.PBTC1FullNameVerificationTest.InvokBrowser(PBTC1FullNameVerificationTest.java:33)
at Module1_login_test.PBTC1FullNameVerificationTest.InvokBrowser(PBTC1FullNameVerificationTest.java:33)
at Module1_login_test.PBTC1FullNameVerificationTest.InvokBrowser(PBTC1FullNameVerificationTest.java:33)
at Module1_login_test.PBTC1FullNameVerificationTest.InvokBrowser(PBTC1FullNameVerificationTest.java:33)
at Module1_login_test.PBTC1FullNameVerificationTest.InvokBrowser(PBTC1FullNameVerificationTest.java:33)
at Module1_login_test.PBTC1FullNameVerificationTest.InvokBrowser(PBTC1FullNameVerificationTest.java:33)
at Module1_login_test.PBTC1FullNameVerificationTest.InvokBrowser(PBTC1FullNameVerificationTest.java:33)
at Module1_login_test.PBTC1FullNameVerificationTest.InvokBrowser(PBTC1FullNameVerificationTest.java:33)
at Module1_login_test.PBTC1FullNameVerificationTest.InvokBrowser(PBTC1FullNameVerificationTest.java:33)
at Module1_login_test.PBTC1FullNameVerificationTest.InvokBrowser(PBTC1FullNameVerificationTest.java:33)
at Module1_login_test.PBTC1FullNameVerificationTest.InvokBrowser(PBTC1FullNameVerificationTest.java:33)
at Module1_login_test.PBTC1FullNameVerificationTest.InvokBrowser(PBTC1FullNameVerificationTest.java:33)
at Module1_login_test.PBTC1FullNameVerificationTest.InvokBrowser(PBTC1FullNameVerificationTest.java:33)
at Module1_login_test.PBTC1FullNameVerificationTest.InvokBrowser(PBTC1FullNameVerificationTest.java:33)
at Module1_login_test.PBTC1FullNameVerificationTest.InvokBrowser(PBTC1FullNameVerificationTest.java:33)
at Module1_login_test.PBTC1FullNameVerificationTest.InvokBrowser(PBTC1FullNameVerificationTest.java:33)
at Module1_login_test.PBTC1FullNameVerificationTest.InvokBrowser(PBTC1FullNameVerificationTest.java:33)
at Module1_login_test.PBTC1FullNameVerificationTest.InvokBrowser(PBTC1FullNameVerificationTest.java:33)
at Module1_login_test.PBTC1FullNameVerificationTest.InvokBrowser(PBTC1FullNameVerificationTest.java:33)
at Module1_login_test.PBTC1FullNameVerificationTest.InvokBrowser(PBTC1FullNameVerificationTest.java:33)
at Module1_login_test.PBTC1FullNameVerificationTest.InvokBrowser(PBTC1FullNameVerificationTest.java:33)
at Module1_login_test.PBTC1FullNameVerificationTest.InvokBrowser(PBTC1FullNameVerificationTest.java:33)
at Module1_login_test.PBTC1FullNameVerificationTest.InvokBrowser(PBTC1FullNameVerificationTest.java:33)
at Module1_login_test.PBTC1FullNameVerificationTest.InvokBrowser(PBTC1FullNameVerificationTest.java:33)
at Module1_login_test.PBTC1FullNameVerificationTest.InvokBrowser(PBTC1FullNameVerificationTest.java:33)
at Module1_login_test.PBTC1FullNameVerificationTest.InvokBrowser(PBTC1FullNameVerificationTest.java:33)
at Module1_login_test.PBTC1FullNameVerificationTest.InvokBrowser(PBTC1FullNameVerificationTest.java:33)
at Module1_login_test.PBTC1FullNameVerificationTest.InvokBrowser(PBTC1FullNameVerificationTest.java:33)
at Module1_login_test.PBTC1FullNameVerificationTest.InvokBrowser(PBTC1FullNameVerificationTest.java:33)
at Module1_login_test.PBTC1FullNameVerificationTest.InvokBrowser(PBTC1FullNameVerificationTest.java:33)
at Module1_login_test.PBTC1FullNameVerificationTest.InvokBrowser(PBTC1FullNameVerificationTest.java:33)
at Module1_login_test.PBTC1FullNameVerificationTest.InvokBrowser(PBTC1FullNameVerificationTest.java:33)
at Module1_login_test.PBTC1FullNameVerificationTest.InvokBrowser(PBTC1FullNameVerificationTest.java:33)
at Module1_login_test.PBTC1FullNameVerificationTest.InvokBrowser(PBTC1FullNameVerificationTest.java:33)
at Module1_login_test.PBTC1FullNameVerificationTest.InvokBrowser(PBTC1FullNameVerificationTest.java:33)
at Module1_login_test.PBTC1FullNameVerificationTest.InvokBrowser(PBTC1FullNameVerificationTest.java:33)
at Module1_login_test.PBTC1FullNameVerificationTest.InvokBrowser(PBTC1FullNameVerificationTest.java:33)
at Module1_login_test.PBTC1FullNameVerificationTest.InvokBrowser(PBTC1FullNameVerificationTest.java:33)
at Module1_login_test.PBTC1FullNameVerificationTest.InvokBrowser(PBTC1FullNameVerificationTest.java:33)
at Module1_login_test.PBTC1FullNameVerificationTest.InvokBrowser(PBTC1FullNameVerificationTest.java:33)
at Module1_login_test.PBTC1FullNameVerificationTest.InvokBrowser(PBTC1FullNameVerificationTest.java:33)
at Module1_login_test.PBTC1FullNameVerificationTest.InvokBrowser(PBTC1FullNameVerificationTest.java:33)
at Module1_login_test.PBTC1FullNameVerificationTest.InvokBrowser(PBTC1FullNameVerificationTest.java:33)
at Module1_login_test.PBTC1FullNameVerificationTest.InvokBrowser(PBTC1FullNameVerificationTest.java:33)
at Module1_login_test.PBTC1FullNameVerificationTest.InvokBrowser(PBTC1FullNameVerificationTest.java:33)
at Module1_login_test.PBTC1FullNameVerificationTest.InvokBrowser(PBTC1FullNameVerificationTest.java:33)
at Module1_login_test.PBTC1FullNameVerificationTest.InvokBrowser(PBTC1FullNameVerificationTest.java:33)
at Module1_login_test.PBTC1FullNameVerificationTest.InvokBrowser(PBTC1FullNameVerificationTest.java:33)
at Module1_login_test.PBTC1FullNameVerificationTest.InvokBrowser(PBTC1FullNameVerificationTest.java:33)
at Module1_login_test.PBTC1FullNameVerificationTest.InvokBrowser(PBTC1FullNameVerificationTest.java:33)
at Module1_login_test.PBTC1FullNameVerificationTest.InvokBrowser(PBTC1FullNameVerificationTest.java:33)
at Module1_login_test.PBTC1FullNameVerificationTest.InvokBrowser(PBTC1FullNameVerificationTest.java:33)
at Module1_login_test.PBTC1FullNameVerificationTest.InvokBrowser(PBTC1FullNameVerificationTest.java:33)
at Module1_login_test.PBTC1FullNameVerificationTest.InvokBrowser(PBTC1FullNameVerificationTest.java:33)
at Module1_login_test.PBTC1FullNameVerificationTest.InvokBrowser(PBTC1FullNameVerificationTest.java:33)
at Module1_login_test.PBTC1FullNameVerificationTest.InvokBrowser(PBTC1FullNameVerificationTest.java:33)
at Module1_login_test.PBTC1FullNameVerificationTest.InvokBrowser(PBTC1FullNameVerificationTest.java:33)
at Module1_login_test.PBTC1FullNameVerificationTest.InvokBrowser(PBTC1FullNameVerificationTest.java:33)
at Module1_login_test.PBTC1FullNameVerificationTest.InvokBrowser(PBTC1FullNameVerificationTest.java:33)
at Module1_login_test.PBTC1FullNameVerificationTest.InvokBrowser(PBTC1FullNameVerificationTest.java:33)
at Module1_login_test.PBTC1FullNameVerificationTest.InvokBrowser(PBTC1FullNameVerificationTest.java:33)
at Module1_login_test.PBTC1FullNameVerificationTest.InvokBrowser(PBTC1FullNameVerificationTest.java:33)
at Module1_login_test.PBTC1FullNameVerificationTest.InvokBrowser(PBTC1FullNameVerificationTest.java:33)
at Module1_login_test.PBTC1FullNameVerificationTest.InvokBrowser(PBTC1FullNameVerificationTest.java:33)
at Module1_login_test.PBTC1FullNameVerificationTest.InvokBrowser(PBTC1FullNameVerificationTest.java:33)
at Module1_login_test.PBTC1FullNameVerificationTest.InvokBrowser(PBTC1FullNameVerificationTest.java:33)
at Module1_login_test.PBTC1FullNameVerificationTest.InvokBrowser(PBTC1FullNameVerificationTest.java:33)
at Module1_login_test.PBTC1FullNameVerificationTest.InvokBrowser(PBTC1FullNameVerificationTest.java:33)
at Module1_login_test.PBTC1FullNameVerificationTest.InvokBrowser(PBTC1FullNameVerificationTest.java:33)
at Module1_login_test.PBTC1FullNameVerificationTest.InvokBrowser(PBTC1FullNameVerificationTest.java:33)
at Module1_login_test.PBTC1FullNameVerificationTest.InvokBrowser(PBTC1FullNameVerificationTest.java:33)
at Module1_login_test.PBTC1FullNameVerificationTest.InvokBrowser(PBTC1FullNameVerificationTest.java:33)
at Module1_login_test.PBTC1FullNameVerificationTest.InvokBrowser(PBTC1FullNameVerificationTest.java:33)
at Module1_login_test.PBTC1FullNameVerificationTest.InvokBrowser(PBTC1FullNameVerificationTest.java:33)
at Module1_login_test.PBTC1FullNameVerificationTest.InvokBrowser(PBTC1FullNameVerificationTest.java:33)
at Module1_login_test.PBTC1FullNameVerificationTest.InvokBrowser(PBTC1FullNameVerificationTest.java:33)
at Module1_login_test.PBTC1FullNameVerificationTest.InvokBrowser(PBTC1FullNameVerificationTest.java:33)
at Module1_login_test.PBTC1FullNameVerificationTest.InvokBrowser(PBTC1FullNameVerificationTest.java:33)
at Module1_login_test.PBTC1FullNameVerificationTest.InvokBrowser(PBTC1FullNameVerificationTest.java:33)
at Module1_login_test.PBTC1FullNameVerificationTest.InvokBrowser(PBTC1FullNameVerificationTest.java:33)
at Module1_login_test.PBTC1FullNameVerificationTest.InvokBrowser(PBTC1FullNameVerificationTest.java:33)
at Module1_login_test.PBTC1FullNameVerificationTest.InvokBrowser(PBTC1FullNameVerificationTest.java:33)
at Module1_login_test.PBTC1FullNameVerificationTest.InvokBrowser(PBTC1FullNameVerificationTest.java:33)
at Module1_login_test.PBTC1FullNameVerificationTest.InvokBrowser(PBTC1FullNameVerificationTest.java:33)
at Module1_login_test.PBTC1FullNameVerificationTest.InvokBrowser(PBTC1FullNameVerificationTest.java:33)
at Module1_login_test.PBTC1FullNameVerificationTest.InvokBrowser(PBTC1FullNameVerificationTest.java:33)
at Module1_login_test.PBTC1FullNameVerificationTest.InvokBrowser(PBTC1FullNameVerificationTest.java:33)
at Module1_login_test.PBTC1FullNameVerificationTest.InvokBrowser(PBTC1FullNameVerificationTest.java:33)
at Module1_login_test.PBTC1FullNameVerificationTest.InvokBrowser(PBTC1FullNameVerificationTest.java:33)
at Module1_login_test.PBTC1FullNameVerificationTest.InvokBrowser(PBTC1FullNameVerificationTest.java:33)
at Module1_login_test.PBTC1FullNameVerificationTest.InvokBrowser(PBTC1FullNameVerificationTest.java:33)
at Module1_login_test.PBTC1FullNameVerificationTest.InvokBrowser(PBTC1FullNameVerificationTest.java:33)
at Module1_login_test.PBTC1FullNameVerificationTest.InvokBrowser(PBTC1FullNameVerificationTest.java:33)
at Module1_login_test.PBTC1FullNameVerificationTest.InvokBrowser(PBTC1FullNameVerificationTest.java:33)
at Module1_login_test.PBTC1FullNameVerificationTest.InvokBrowser(PBTC1FullNameVerificationTest.java:33)
at Module1_login_test.PBTC1FullNameVerificationTest.InvokBrowser(PBTC1FullNameVerificationTest.java:33)
at Module1_login_test.PBTC1FullNameVerificationTest.InvokBrowser(PBTC1FullNameVerificationTest.java:33)
at Module1_login_test.PBTC1FullNameVerificationTest.InvokBrowser(PBTC1FullNameVerificationTest.java:33)
at Module1_login_test.PBTC1FullNameVerificationTest.InvokBrowser(PBTC1FullNameVerificationTest.java:33)
at Module1_login_test.PBTC1FullNameVerificationTest.InvokBrowser(PBTC1FullNameVerificationTest.java:33)
at Module1_login_test.PBTC1FullNameVerificationTest.InvokBrowser(PBTC1FullNameVerificationTest.java:33)
at Module1_login_test.PBTC1FullNameVerificationTest.InvokBrowser(PBTC1FullNameVerificationTest.java:33)
at Module1_login_test.PBTC1FullNameVerificationTest.InvokBrowser(PBTC1FullNameVerificationTest.java:33)
at Module1_login_test.PBTC1FullNameVerificationTest.InvokBrowser(PBTC1FullNameVerificationTest.java:33)
at Module1_login_test.PBTC1FullNameVerificationTest.InvokBrowser(PBTC1FullNameVerificationTest.java:33)
at Module1_login_test.PBTC1FullNameVerificationTest.InvokBrowser(PBTC1FullNameVerificationTest.java:33)
at Module1_login_test.PBTC1FullNameVerificationTest.InvokBrowser(PBTC1FullNameVerificationTest.java:33)
at Module1_login_test.PBTC1FullNameVerificationTest.InvokBrowser(PBTC1FullNameVerificationTest.java:33)
at Module1_login_test.PBTC1FullNameVerificationTest.InvokBrowser(PBTC1FullNameVerificationTest.java:33)
at Module1_login_test.PBTC1FullNameVerificationTest.InvokBrowser(PBTC1FullNameVerificationTest.java:33)
at Module1_login_test.PBTC1FullNameVerificationTest.InvokBrowser(PBTC1FullNameVerificationTest.java:33)
at Module1_login_test.PBTC1FullNameVerificationTest.InvokBrowser(PBTC1FullNameVerificationTest.java:33)
at Module1_login_test.PBTC1FullNameVerificationTest.InvokBrowser(PBTC1FullNameVerificationTest.java:33)
at Module1_login_test.PBTC1FullNameVerificationTest.InvokBrowser(PBTC1FullNameVerificationTest.java:33)
at Module1_login_test.PBTC1FullNameVerificationTest.InvokBrowser(PBTC1FullNameVerificationTest.java:33)
at Module1_login_test.PBTC1FullNameVerificationTest.InvokBrowser(PBTC1FullNameVerificationTest.java:33)
at Module1_login_test.PBTC1FullNameVerificationTest.InvokBrowser(PBTC1FullNameVerificationTest.java:33)
at Module1_login_test.PBTC1FullNameVerificationTest.InvokBrowser(PBTC1FullNameVerificationTest.java:33)
at Module1_login_test.PBTC1FullNameVerificationTest.InvokBrowser(PBTC1FullNameVerificationTest.java:33)
at Module1_login_test.PBTC1FullNameVerificationTest.InvokBrowser(PBTC1FullNameVerificationTest.java:33)
at Module1_login_test.PBTC1FullNameVerificationTest.InvokBrowser(PBTC1FullNameVerificationTest.java:33)
at Module1_login_test.PBTC1FullNameVerificationTest.InvokBrowser(PBTC1FullNameVerificationTest.java:33)
at Module1_login_test.PBTC1FullNameVerificationTest.InvokBrowser(PBTC1FullNameVerificationTest.java:33)
at Module1_login_test.PBTC1FullNameVerificationTest.InvokBrowser(PBTC1FullNameVerificationTest.java:33)
at Module1_login_test.PBTC1FullNameVerificationTest.InvokBrowser(PBTC1FullNameVerificationTest.java:33)
at Module1_login_test.PBTC1FullNameVerificationTest.InvokBrowser(PBTC1FullNameVerificationTest.java:33)
at Module1_login_test.PBTC1FullNameVerificationTest.InvokBrowser(PBTC1FullNameVerificationTest.java:33)
at Module1_login_test.PBTC1FullNameVerificationTest.InvokBrowser(PBTC1FullNameVerificationTest.java:33)
at Module1_login_test.PBTC1FullNameVerificationTest.InvokBrowser(PBTC1FullNameVerificationTest.java:33)
at Module1_login_test.PBTC1FullNameVerificationTest.InvokBrowser(PBTC1FullNameVerificationTest.java:33)
at Module1_login_test.PBTC1FullNameVerificationTest.InvokBrowser(PBTC1FullNameVerificationTest.java:33)
at Module1_login_test.PBTC1FullNameVerificationTest.InvokBrowser(PBTC1FullNameVerificationTest.java:33)
at Module1_login_test.PBTC1FullNameVerificationTest.InvokBrowser(PBTC1FullNameVerificationTest.java:33)
at Module1_login_test.PBTC1FullNameVerificationTest.InvokBrowser(PBTC1FullNameVerificationTest.java:33)
at Module1_login_test.PBTC1FullNameVerificationTest.InvokBrowser(PBTC1FullNameVerificationTest.java:33)
at Module1_login_test.PBTC1FullNameVerificationTest.InvokBrowser(PBTC1FullNameVerificationTest.java:33)
at Module1_login_test.PBTC1FullNameVerificationTest.InvokBrowser(PBTC1FullNameVerificationTest.java:33)
at Module1_login_test.PBTC1FullNameVerificationTest.InvokBrowser(PBTC1FullNameVerificationTest.java:33)
at Module1_login_test.PBTC1FullNameVerificationTest.InvokBrowser(PBTC1FullNameVerificationTest.java:33)
at Module1_login_test.PBTC1FullNameVerificationTest.InvokBrowser(PBTC1FullNameVerificationTest.java:33)
at Module1_login_test.PBTC1FullNameVerificationTest.InvokBrowser(PBTC1FullNameVerificationTest.java:33)
at Module1_login_test.PBTC1FullNameVerificationTest.InvokBrowser(PBTC1FullNameVerificationTest.java:33)
at Module1_login_test.PBTC1FullNameVerificationTest.InvokBrowser(PBTC1FullNameVerificationTest.java:33)
at Module1_login_test.PBTC1FullNameVerificationTest.InvokBrowser(PBTC1FullNameVerificationTest.java:33)
at Module1_login_test.PBTC1FullNameVerificationTest.InvokBrowser(PBTC1FullNameVerificationTest.java:33)
at Module1_login_test.PBTC1FullNameVerificationTest.InvokBrowser(PBTC1FullNameVerificationTest.java:33)
at Module1_login_test.PBTC1FullNameVerificationTest.InvokBrowser(PBTC1FullNameVerificationTest.java:33)
at Module1_login_test.PBTC1FullNameVerificationTest.InvokBrowser(PBTC1FullNameVerificationTest.java:33)
at Module1_login_test.PBTC1FullNameVerificationTest.InvokBrowser(PBTC1FullNameVerificationTest.java:33)
at Module1_login_test.PBTC1FullNameVerificationTest.InvokBrowser(PBTC1FullNameVerificationTest.java:33)
at Module1_login_test.PBTC1FullNameVerificationTest.InvokBrowser(PBTC1FullNameVerificationTest.java:33)
at Module1_login_test.PBTC1FullNameVerificationTest.InvokBrowser(PBTC1FullNameVerificationTest.java:33)
at Module1_login_test.PBTC1FullNameVerificationTest.InvokBrowser(PBTC1FullNameVerificationTest.java:33)
at Module1_login_test.PBTC1FullNameVerificationTest.InvokBrowser(PBTC1FullNameVerificationTest.java:33)
at Module1_login_test.PBTC1FullNameVerificationTest.InvokBrowser(PBTC1FullNameVerificationTest.java:33)
at Module1_login_test.PBTC1FullNameVerificationTest.InvokBrowser(PBTC1FullNameVerificationTest.java:33)
at Module1_login_test.PBTC1FullNameVerificationTest.InvokBrowser(PBTC1FullNameVerificationTest.java:33)
at Module1_login_test.PBTC1FullNameVerificationTest.InvokBrowser(PBTC1FullNameVerificationTest.java:33)
at Module1_login_test.PBTC1FullNameVerificationTest.InvokBrowser(PBTC1FullNameVerificationTest.java:33)
at Module1_login_test.PBTC1FullNameVerificationTest.InvokBrowser(PBTC1FullNameVerificationTest.java:33)
at Module1_login_test.PBTC1FullNameVerificationTest.InvokBrowser(PBTC1FullNameVerificationTest.java:33)
at Module1_login_test.PBTC1FullNameVerificationTest.InvokBrowser(PBTC1FullNameVerificationTest.java:33)
at Module1_login_test.PBTC1FullNameVerificationTest.InvokBrowser(PBTC1FullNameVerificationTest.java:33)
at Module1_login_test.PBTC1FullNameVerificationTest.InvokBrowser(PBTC1FullNameVerificationTest.java:33)
at Module1_login_test.PBTC1FullNameVerificationTest.InvokBrowser(PBTC1FullNameVerificationTest.java:33)
at Module1_login_test.PBTC1FullNameVerificationTest.InvokBrowser(PBTC1FullNameVerificationTest.java:33)
at Module1_login_test.PBTC1FullNameVerificationTest.InvokBrowser(PBTC1FullNameVerificationTest.java:33)
at Module1_login_test.PBTC1FullNameVerificationTest.InvokBrowser(PBTC1FullNameVerificationTest.java:33)
at Module1_login_test.PBTC1FullNameVerificationTest.InvokBrowser(PBTC1FullNameVerificationTest.java:33)
at Module1_login_test.PBTC1FullNameVerificationTest.InvokBrowser(PBTC1FullNameVerificationTest.java:33)
at Module1_login_test.PBTC1FullNameVerificationTest.InvokBrowser(PBTC1FullNameVerificationTest.java:33)
at Module1_login_test.PBTC1FullNameVerificationTest.InvokBrowser(PBTC1FullNameVerificationTest.java:33)
at Module1_login_test.PBTC1FullNameVerificationTest.InvokBrowser(PBTC1FullNameVerificationTest.java:33)
at Module1_login_test.PBTC1FullNameVerificationTest.InvokBrowser(PBTC1FullNameVerificationTest.java:33)
at Module1_login_test.PBTC1FullNameVerificationTest.InvokBrowser(PBTC1FullNameVerificationTest.java:33)
at Module1_login_test.PBTC1FullNameVerificationTest.InvokBrowser(PBTC1FullNameVerificationTest.java:33)
at Module1_login_test.PBTC1FullNameVerificationTest.InvokBrowser(PBTC1FullNameVerificationTest.java:33)
at Module1_login_test.PBTC1FullNameVerificationTest.InvokBrowser(PBTC1FullNameVerificationTest.java:33)
at Module1_login_test.PBTC1FullNameVerificationTest.InvokBrowser(PBTC1FullNameVerificationTest.java:33)
at Module1_login_test.PBTC1FullNameVerificationTest.InvokBrowser(PBTC1FullNameVerificationTest.java:33)
at Module1_login_test.PBTC1FullNameVerificationTest.InvokBrowser(PBTC1FullNameVerificationTest.java:33)
at Module1_login_test.PBTC1FullNameVerificationTest.InvokBrowser(PBTC1FullNameVerificationTest.java:33)
at Module1_login_test.PBTC1FullNameVerificationTest.InvokBrowser(PBTC1FullNameVerificationTest.java:33)
at Module1_login_test.PBTC1FullNameVerificationTest.InvokBrowser(PBTC1FullNameVerificationTest.java:33)
at Module1_login_test.PBTC1FullNameVerificationTest.InvokBrowser(PBTC1FullNameVerificationTest.java:33)
at Module1_login_test.PBTC1FullNameVerificationTest.InvokBrowser(PBTC1FullNameVerificationTest.java:33)
at Module1_login_test.PBTC1FullNameVerificationTest.InvokBrowser(PBTC1FullNameVerificationTest.java:33)
at Module1_login_test.PBTC1FullNameVerificationTest.InvokBrowser(PBTC1FullNameVerificationTest.java:33)
at Module1_login_test.PBTC1FullNameVerificationTest.InvokBrowser(PBTC1FullNameVerificationTest.java:33)
at Module1_login_test.PBTC1FullNameVerificationTest.InvokBrowser(PBTC1FullNameVerificationTest.java:33)
at Module1_login_test.PBTC1FullNameVerificationTest.InvokBrowser(PBTC1FullNameVerificationTest.java:33)
at Module1_login_test.PBTC1FullNameVerificationTest.InvokBrowser(PBTC1FullNameVerificationTest.java:33)
at Module1_login_test.PBTC1FullNameVerificationTest.InvokBrowser(PBTC1FullNameVerificationTest.java:33)
at Module1_login_test.PBTC1FullNameVerificationTest.InvokBrowser(PBTC1FullNameVerificationTest.java:33)
at Module1_login_test.PBTC1FullNameVerificationTest.InvokBrowser(PBTC1FullNameVerificationTest.java:33)
at Module1_login_test.PBTC1FullNameVerificationTest.InvokBrowser(PBTC1FullNameVerificationTest.java:33)
at Module1_login_test.PBTC1FullNameVerificationTest.InvokBrowser(PBTC1FullNameVerificationTest.java:33)
at Module1_login_test.PBTC1FullNameVerificationTest.InvokBrowser(PBTC1FullNameVerificationTest.java:33)
at Module1_login_test.PBTC1FullNameVerificationTest.InvokBrowser(PBTC1FullNameVerificationTest.java:33)
at Module1_login_test.PBTC1FullNameVerificationTest.InvokBrowser(PBTC1FullNameVerificationTest.java:33)
at Module1_login_test.PBTC1FullNameVerificationTest.InvokBrowser(PBTC1FullNameVerificationTest.java:33)
at Module1_login_test.PBTC1FullNameVerificationTest.InvokBrowser(PBTC1FullNameVerificationTest.java:33)
at Module1_login_test.PBTC1FullNameVerificationTest.InvokBrowser(PBTC1FullNameVerificationTest.java:33)
at Module1_login_test.PBTC1FullNameVerificationTest.InvokBrowser(PBTC1FullNameVerificationTest.java:33)
at Module1_login_test.PBTC1FullNameVerificationTest.InvokBrowser(PBTC1FullNameVerificationTest.java:33)
at Module1_login_test.PBTC1FullNameVerificationTest.InvokBrowser(PBTC1FullNameVerificationTest.java:33)
at Module1_login_test.PBTC1FullNameVerificationTest.InvokBrowser(PBTC1FullNameVerificationTest.java:33)
at Module1_login_test.PBTC1FullNameVerificationTest.InvokBrowser(PBTC1FullNameVerificationTest.java:33)
at Module1_login_test.PBTC1FullNameVerificationTest.InvokBrowser(PBTC1FullNameVerificationTest.java:33)
at Module1_login_test.PBTC1FullNameVerificationTest.InvokBrowser(PBTC1FullNameVerificationTest.java:33)
at Module1_login_test.PBTC1FullNameVerificationTest.InvokBrowser(PBTC1FullNameVerificationTest.java:33)
at Module1_login_test.PBTC1FullNameVerificationTest.InvokBrowser(PBTC1FullNameVerificationTest.java:33)
at Module1_login_test.PBTC1FullNameVerificationTest.InvokBrowser(PBTC1FullNameVerificationTest.java:33)
at Module1_login_test.PBTC1FullNameVerificationTest.InvokBrowser(PBTC1FullNameVerificationTest.java:33)
at Module1_login_test.PBTC1FullNameVerificationTest.InvokBrowser(PBTC1FullNameVerificationTest.java:33)
at Module1_login_test.PBTC1FullNameVerificationTest.InvokBrowser(PBTC1FullNameVerificationTest.java:33)
at Module1_login_test.PBTC1FullNameVerificationTest.InvokBrowser(PBTC1FullNameVerificationTest.java:33)
at Module1_login_test.PBTC1FullNameVerificationTest.InvokBrowser(PBTC1FullNameVerificationTest.java:33)
at Module1_login_test.PBTC1FullNameVerificationTest.InvokBrowser(PBTC1FullNameVerificationTest.java:33)
at Module1_login_test.PBTC1FullNameVerificationTest.InvokBrowser(PBTC1FullNameVerificationTest.java:33)
at Module1_login_test.PBTC1FullNameVerificationTest.InvokBrowser(PBTC1FullNameVerificationTest.java:33)
at Module1_login_test.PBTC1FullNameVerificationTest.InvokBrowser(PBTC1FullNameVerificationTest.java:33)
at Module1_login_test.PBTC1FullNameVerificationTest.InvokBrowser(PBTC1FullNameVerificationTest.java:33)
at Module1_login_test.PBTC1FullNameVerificationTest.InvokBrowser(PBTC1FullNameVerificationTest.java:33)
at Module1_login_test.PBTC1FullNameVerificationTest.InvokBrowser(PBTC1FullNameVerificationTest.java:33)
at Module1_login_test.PBTC1FullNameVerificationTest.InvokBrowser(PBTC1FullNameVerificationTest.java:33)
at Module1_login_test.PBTC1FullNameVerificationTest.InvokBrowser(PBTC1FullNameVerificationTest.java:33)
at Module1_login_test.PBTC1FullNameVerificationTest.InvokBrowser(PBTC1FullNameVerificationTest.java:33)
at Module1_login_test.PBTC1FullNameVerificationTest.InvokBrowser(PBTC1FullNameVerificationTest.java:33)
at Module1_login_test.PBTC1FullNameVerificationTest.InvokBrowser(PBTC1FullNameVerificationTest.java:33)
at Module1_login_test.PBTC1FullNameVerificationTest.InvokBrowser(PBTC1FullNameVerificationTest.java:33)
at Module1_login_test.PBTC1FullNameVerificationTest.InvokBrowser(PBTC1FullNameVerificationTest.java:33)
at Module1_login_test.PBTC1FullNameVerificationTest.InvokBrowser(PBTC1FullNameVerificationTest.java:33)
at Module1_login_test.PBTC1FullNameVerificationTest.InvokBrowser(PBTC1FullNameVerificationTest.java:33)
at Module1_login_test.PBTC1FullNameVerificationTest.InvokBrowser(PBTC1FullNameVerificationTest.java:33)
at Module1_login_test.PBTC1FullNameVerificationTest.InvokBrowser(PBTC1FullNameVerificationTest.java:33)
at Module1_login_test.PBTC1FullNameVerificationTest.InvokBrowser(PBTC1FullNameVerificationTest.java:33)
at Module1_login_test.PBTC1FullNameVerificationTest.InvokBrowser(PBTC1FullNameVerificationTest.java:33)
at Module1_login_test.PBTC1FullNameVerificationTest.InvokBrowser(PBTC1FullNameVerificationTest.java:33)
at Module1_login_test.PBTC1FullNameVerificationTest.InvokBrowser(PBTC1FullNameVerificationTest.java:33)
at Module1_login_test.PBTC1FullNameVerificationTest.InvokBrowser(PBTC1FullNameVerificationTest.java:33)
at Module1_login_test.PBTC1FullNameVerificationTest.InvokBrowser(PBTC1FullNameVerificationTest.java:33)
at Module1_login_test.PBTC1FullNameVerificationTest.InvokBrowser(PBTC1FullNameVerificationTest.java:33)
at Module1_login_test.PBTC1FullNameVerificationTest.InvokBrowser(PBTC1FullNameVerificationTest.java:33)
at Module1_login_test.PBTC1FullNameVerificationTest.InvokBrowser(PBTC1FullNameVerificationTest.java:33)
at Module1_login_test.PBTC1FullNameVerificationTest.InvokBrowser(PBTC1FullNameVerificationTest.java:33)
at Module1_login_test.PBTC1FullNameVerificationTest.InvokBrowser(PBTC1FullNameVerificationTest.java:33)
at Module1_login_test.PBTC1FullNameVerificationTest.InvokBrowser(PBTC1FullNameVerificationTest.java:33)
at Module1_login_test.PBTC1FullNameVerificationTest.InvokBrowser(PBTC1FullNameVerificationTest.java:33)
at Module1_login_test.PBTC1FullNameVerificationTest.InvokBrowser(PBTC1FullNameVerificationTest.java:33)
at Module1_login_test.PBTC1FullNameVerificationTest.InvokBrowser(PBTC1FullNameVerificationTest.java:33)
at Module1_login_test.PBTC1FullNameVerificationTest.InvokBrowser(PBTC1FullNameVerificationTest.java:33)
at Module1_login_test.PBTC1FullNameVerificationTest.InvokBrowser(PBTC1FullNameVerificationTest.java:33)
at Module1_login_test.PBTC1FullNameVerificationTest.InvokBrowser(PBTC1FullNameVerificationTest.java:33)
at Module1_login_test.PBTC1FullNameVerificationTest.InvokBrowser(PBTC1FullNameVerificationTest.java:33)
at Module1_login_test.PBTC1FullNameVerificationTest.InvokBrowser(PBTC1FullNameVerificationTest.java:33)
at Module1_login_test.PBTC1FullNameVerificationTest.InvokBrowser(PBTC1FullNameVerificationTest.java:33)
at Module1_login_test.PBTC1FullNameVerificationTest.InvokBrowser(PBTC1FullNameVerificationTest.java:33)
at Module1_login_test.PBTC1FullNameVerificationTest.InvokBrowser(PBTC1FullNameVerificationTest.java:33)
at Module1_login_test.PBTC1FullNameVerificationTest.InvokBrowser(PBTC1FullNameVerificationTest.java:33)
at Module1_login_test.PBTC1FullNameVerificationTest.InvokBrowser(PBTC1FullNameVerificationTest.java:33)
at Module1_login_test.PBTC1FullNameVerificationTest.InvokBrowser(PBTC1FullNameVerificationTest.java:33)
at Module1_login_test.PBTC1FullNameVerificationTest.InvokBrowser(PBTC1FullNameVerificationTest.java:33)
at Module1_login_test.PBTC1FullNameVerificationTest.InvokBrowser(PBTC1FullNameVerificationTest.java:33)
at Module1_login_test.PBTC1FullNameVerificationTest.InvokBrowser(PBTC1FullNameVerificationTest.java:33)
at Module1_login_test.PBTC1FullNameVerificationTest.InvokBrowser(PBTC1FullNameVerificationTest.java:33)
at Module1_login_test.PBTC1FullNameVerificationTest.InvokBrowser(PBTC1FullNameVerificationTest.java:33)
at Module1_login_test.PBTC1FullNameVerificationTest.InvokBrowser(PBTC1FullNameVerificationTest.java:33)
at Module1_login_test.PBTC1FullNameVerificationTest.InvokBrowser(PBTC1FullNameVerificationTest.java:33)
at Module1_login_test.PBTC1FullNameVerificationTest.InvokBrowser(PBTC1FullNameVerificationTest.java:33)
at Module1_login_test.PBTC1FullNameVerificationTest.InvokBrowser(PBTC1FullNameVerificationTest.java:33)
at Module1_login_test.PBTC1FullNameVerificationTest.InvokBrowser(PBTC1FullNameVerificationTest.java:33)
at Module1_login_test.PBTC1FullNameVerificationTest.InvokBrowser(PBTC1FullNameVerificationTest.java:33)
at Module1_login_test.PBTC1FullNameVerificationTest.InvokBrowser(PBTC1FullNameVerificationTest.java:33)
at Module1_login_test.PBTC1FullNameVerificationTest.InvokBrowser(PBTC1FullNameVerificationTest.java:33)
at Module1_login_test.PBTC1FullNameVerificationTest.InvokBrowser(PBTC1FullNameVerificationTest.java:33)
at Module1_login_test.PBTC1FullNameVerificationTest.InvokBrowser(PBTC1FullNameVerificationTest.java:33)
[...]
at Module1_login_test.PBTC1FullNameVerificationTest.InvokBrowser(PBTC1FullNameVerificationTest.java:33)
at Module1_login_test.PBTC1FullNameVerificationTest.InvokBrowser(PBTC1FullNameVerificationTest.java:33)
at Module1_login_test.PBTC1FullNameVerificationTest.InvokBrowser(PBTC1FullNameVerificationTest.java:33)
at Module1_login_test.PBTC1FullNameVerificationTest.InvokBrowser(PBTC1FullNameVerificationTest.java:33)
at Module1_login_test.PBTC1FullNameVerificationTest.InvokBrowser(PBTC1FullNameVerificationTest.java:33)
at Module1_login_test.PBTC1FullNameVerificationTest.InvokBrowser(PBTC1FullNameVerificationTest.java:33)
at Module1_login_test.PBTC1FullNameVerificationTest.InvokBrowser(PBTC1FullNameVerificationTest.java:33)
at Module1_login_test.PBTC1FullNameVerificationTest.InvokBrowser(PBTC1FullNameVerificationTest.java:33)
at Module1_login_test.PBTC1FullNameVerificationTest.InvokBrowser(PBTC1FullNameVerificationTest.java:33)
at Module1_login_test.PBTC1FullNameVerificationTest.InvokBrowser(PBTC1FullNameVerificationTest.java:33)
at Module1_login_test.PBTC1FullNameVerificationTest.InvokBrowser(PBTC1FullNameVerificationTest.java:33)
at Module1_login_test.PBTC1FullNameVerificationTest.InvokBrowser(PBTC1FullNameVerificationTest.java:33)
at Module1_login_test.PBTC1FullNameVerificationTest.InvokBrowser(PBTC1FullNameVerificationTest.java:33)
at Module1_login_test.PBTC1FullNameVerificationTest.InvokBrowser(PBTC1FullNameVerificationTest.java:33)
at Module1_login_test.PBTC1FullNameVerificationTest.InvokBrowser(PBTC1FullNameVerificationTest.java:33)
at Module1_login_test.PBTC1FullNameVerificationTest.InvokBrowser(PBTC1FullNameVerificationTest.java:33)
at Module1_login_test.PBTC1FullNameVerificationTest.InvokBrowser(PBTC1FullNameVerificationTest.java:33)
at Module1_login_test.PBTC1FullNameVerificationTest.InvokBrowser(PBTC1FullNameVerificationTest.java:33)
at Module1_login_test.PBTC1FullNameVerificationTest.InvokBrowser(PBTC1FullNameVerificationTest.java:33)
at Module1_login_test.PBTC1FullNameVerificationTest.InvokBrowser(PBTC1FullNameVerificationTest.java:33)
at Module1_login_test.PBTC1FullNameVerificationTest.InvokBrowser(PBTC1FullNameVerificationTest.java:33)
at Module1_login_test.PBTC1FullNameVerificationTest.InvokBrowser(PBTC1FullNameVerificationTest.java:33)
at Module1_login_test.PBTC1FullNameVerificationTest.InvokBrowser(PBTC1FullNameVerificationTest.java:33)
at Module1_login_test.PBTC1FullNameVerificationTest.InvokBrowser(PBTC1FullNameVerificationTest.java:33)
at Module1_login_test.PBTC1FullNameVerificationTest.InvokBrowser(PBTC1FullNameVerificationTest.java:33)
at Module1_login_test.PBTC1FullNameVerificationTest.InvokBrowser(PBTC1FullNameVerificationTest.java:33)
at Module1_login_test.PBTC1FullNameVerificationTest.InvokBrowser(PBTC1FullNameVerificationTest.java:33)
at Module1_login_test.PBTC1FullNameVerificationTest.InvokBrowser(PBTC1FullNameVerificationTest.java:33)
at Module1_login_test.PBTC1FullNameVerificationTest.InvokBrowser(PBTC1FullNameVerificationTest.java:33)
at Module1_login_test.PBTC1FullNameVerificationTest.InvokBrowser(PBTC1FullNameVerificationTest.java:33)
at Module1_login_test.PBTC1FullNameVerificationTest.InvokBrowser(PBTC1FullNameVerificationTest.java:33)
at Module1_login_test.PBTC1FullNameVerificationTest.InvokBrowser(PBTC1FullNameVerificationTest.java:33)
at Module1_login_test.PBTC1FullNameVerificationTest.InvokBrowser(PBTC1FullNameVerificationTest.java:33)
at Module1_login_test.PBTC1FullNameVerificationTest.InvokBrowser(PBTC1FullNameVerificationTest.java:33)
at Module1_login_test.PBTC1FullNameVerificationTest.InvokBrowser(PBTC1FullNameVerificationTest.java:33)
at Module1_login_test.PBTC1FullNameVerificationTest.InvokBrowser(PBTC1FullNameVerificationTest.java:33)
at Module1_login_test.PBTC1FullNameVerificationTest.InvokBrowser(PBTC1FullNameVerificationTest.java:33)
at Module1_login_test.PBTC1FullNameVerificationTest.InvokBrowser(PBTC1FullNameVerificationTest.java:33)
at Module1_login_test.PBTC1FullNameVerificationTest.InvokBrowser(PBTC1FullNameVerificationTest.java:33)
at Module1_login_test.PBTC1FullNameVerificationTest.InvokBrowser(PBTC1FullNameVerificationTest.java:33)
at Module1_login_test.PBTC1FullNameVerificationTest.InvokBrowser(PBTC1FullNameVerificationTest.java:33)
at Module1_login_test.PBTC1FullNameVerificationTest.InvokBrowser(PBTC1FullNameVerificationTest.java:33)
at Module1_login_test.PBTC1FullNameVerificationTest.InvokBrowser(PBTC1FullNameVerificationTest.java:33)
at Module1_login_test.PBTC1FullNameVerificationTest.InvokBrowser(PBTC1FullNameVerificationTest.java:33)
at Module1_login_test.PBTC1FullNameVerificationTest.InvokBrowser(PBTC1FullNameVerificationTest.java:33)
at Module1_login_test.PBTC1FullNameVerificationTest.InvokBrowser(PBTC1FullNameVerificationTest.java:33)
at Module1_login_test.PBTC1FullNameVerificationTest.InvokBrowser(PBTC1FullNameVerificationTest.java:33)
at Module1_login_test.PBTC1FullNameVerificationTest.InvokBrowser(PBTC1FullNameVerificationTest.java:33)
at Module1_login_test.PBTC1FullNameVerificationTest.InvokBrowser(PBTC1FullNameVerificationTest.java:33)
at Module1_login_test.PBTC1FullNameVerificationTest.InvokBrowser(PBTC1FullNameVerificationTest.java:33)
at Module1_login_test.PBTC1FullNameVerificationTest.InvokBrowser(PBTC1FullNameVerificationTest.java:33)
at Module1_login_test.PBTC1FullNameVerificationTest.InvokBrowser(PBTC1FullNameVerificationTest.java:33)
at Module1_login_test.PBTC1FullNameVerificationTest.InvokBrowser(PBTC1FullNameVerificationTest.java:33)
at Module1_login_test.PBTC1FullNameVerificationTest.InvokBrowser(PBTC1FullNameVerificationTest.java:33)
at Module1_login_test.PBTC1FullNameVerificationTest.InvokBrowser(PBTC1FullNameVerificationTest.java:33)
at Module1_login_test.PBTC1FullNameVerificationTest.InvokBrowser(PBTC1FullNameVerificationTest.java:33)
at Module1_login_test.PBTC1FullNameVerificationTest.InvokBrowser(PBTC1FullNameVerificationTest.java:33)
at Module1_login_test.PBTC1FullNameVerificationTest.InvokBrowser(PBTC1FullNameVerificationTest.java:33)
at Module1_login_test.PBTC1FullNameVerificationTest.InvokBrowser(PBTC1FullNameVerificationTest.java:33)
at Module1_login_test.PBTC1FullNameVerificationTest.InvokBrowser(PBTC1FullNameVerificationTest.java:33)
at Module1_login_test.PBTC1FullNameVerificationTest.InvokBrowser(PBTC1FullNameVerificationTest.java:33)
at Module1_login_test.PBTC1FullNameVerificationTest.InvokBrowser(PBTC1FullNameVerificationTest.java:33)
at Module1_login_test.PBTC1FullNameVerificationTest.InvokBrowser(PBTC1FullNameVerificationTest.java:33)
at Module1_login_test.PBTC1FullNameVerificationTest.InvokBrowser(PBTC1FullNameVerificationTest.java:33)
at Module1_login_test.PBTC1FullNameVerificationTest.InvokBrowser(PBTC1FullNameVerificationTest.java:33)
at Module1_login_test.PBTC1FullNameVerificationTest.InvokBrowser(PBTC1FullNameVerificationTest.java:33)
at Module1_login_test.PBTC1FullNameVerificationTest.InvokBrowser(PBTC1FullNameVerificationTest.java:33)
at Module1_login_test.PBTC1FullNameVerificationTest.InvokBrowser(PBTC1FullNameVerificationTest.java:33)
at Module1_login_test.PBTC1FullNameVerificationTest.InvokBrowser(PBTC1FullNameVerificationTest.java:33)
at Module1_login_test.PBTC1FullNameVerificationTest.InvokBrowser(PBTC1FullNameVerificationTest.java:33)
at Module1_login_test.PBTC1FullNameVerificationTest.InvokBrowser(PBTC1FullNameVerificationTest.java:33)
at Module1_login_test.PBTC1FullNameVerificationTest.InvokBrowser(PBTC1FullNameVerificationTest.java:33)
at Module1_login_test.PBTC1FullNameVerificationTest.InvokBrowser(PBTC1FullNameVerificationTest.java:33)
at Module1_login_test.PBTC1FullNameVerificationTest.InvokBrowser(PBTC1FullNameVerificationTest.java:33)
at Module1_login_test.PBTC1FullNameVerificationTest.InvokBrowser(PBTC1FullNameVerificationTest.java:33)
at Module1_login_test.PBTC1FullNameVerificationTest.InvokBrowser(PBTC1FullNameVerificationTest.java:33)
at Module1_login_test.PBTC1FullNameVerificationTest.InvokBrowser(PBTC1FullNameVerificationTest.java:33)
at Module1_login_test.PBTC1FullNameVerificationTest.InvokBrowser(PBTC1FullNameVerificationTest.java:33)
at Module1_login_test.PBTC1FullNameVerificationTest.InvokBrowser(PBTC1FullNameVerificationTest.java:33)
at Module1_login_test.PBTC1FullNameVerificationTest.InvokBrowser(PBTC1FullNameVerificationTest.java:33)
at Module1_login_test.PBTC1FullNameVerificationTest.InvokBrowser(PBTC1FullNameVerificationTest.java:33)
at Module1_login_test.PBTC1FullNameVerificationTest.InvokBrowser(PBTC1FullNameVerificationTest.java:33)
at Module1_login_test.PBTC1FullNameVerificationTest.InvokBrowser(PBTC1FullNameVerificationTest.java:33)
at Module1_login_test.PBTC1FullNameVerificationTest.InvokBrowser(PBTC1FullNameVerificationTest.java:33)
at Module1_login_test.PBTC1FullNameVerificationTest.InvokBrowser(PBTC1FullNameVerificationTest.java:33)
at Module1_login_test.PBTC1FullNameVerificationTest.InvokBrowser(PBTC1FullNameVerificationTest.java:33)
at Module1_login_test.PBTC1FullNameVerificationTest.InvokBrowser(PBTC1FullNameVerificationTest.java:33)
at Module1_login_test.PBTC1FullNameVerificationTest.InvokBrowser(PBTC1FullNameVerificationTest.java:33)
at Module1_login_test.PBTC1FullNameVerificationTest.InvokBrowser(PBTC1FullNameVerificationTest.java:33)
at Module1_login_test.PBTC1FullNameVerificationTest.InvokBrowser(PBTC1FullNameVerificationTest.java:33)
at Module1_login_test.PBTC1FullNameVerificationTest.InvokBrowser(PBTC1FullNameVerificationTest.java:33)
at Module1_login_test.PBTC1FullNameVerificationTest.InvokBrowser(PBTC1FullNameVerificationTest.java:33)
at Module1_login_test.PBTC1FullNameVerificationTest.InvokBrowser(PBTC1FullNameVerificationTest.java:33)
at Module1_login_test.PBTC1FullNameVerificationTest.InvokBrowser(PBTC1FullNameVerificationTest.java:33)
at Module1_login_test.PBTC1FullNameVerificationTest.InvokBrowser(PBTC1FullNameVerificationTest.java:33)
at Module1_login_test.PBTC1FullNameVerificationTest.InvokBrowser(PBTC1FullNameVerificationTest.java:33)
at Module1_login_test.PBTC1FullNameVerificationTest.InvokBrowser(PBTC1FullNameVerificationTest.java:33)
at Module1_login_test.PBTC1FullNameVerificationTest.InvokBrowser(PBTC1FullNameVerificationTest.java:33)
at Module1_login_test.PBTC1FullNameVerificationTest.InvokBrowser(PBTC1FullNameVerificationTest.java:33)
at Module1_login_test.PBTC1FullNameVerificationTest.InvokBrowser(PBTC1FullNameVerificationTest.java:33)
at Module1_login_test.PBTC1FullNameVerificationTest.InvokBrowser(PBTC1FullNameVerificationTest.java:33)
at Module1_login_test.PBTC1FullNameVerificationTest.InvokBrowser(PBTC1FullNameVerificationTest.java:33)
at Module1_login_test.PBTC1FullNameVerificationTest.InvokBrowser(PBTC1FullNameVerificationTest.java:33)
at Module1_login_test.PBTC1FullNameVerificationTest.InvokBrowser(PBTC1FullNameVerificationTest.java:33)
at Module1_login_test.PBTC1FullNameVerificationTest.InvokBrowser(PBTC1FullNameVerificationTest.java:33)
at Module1_login_test.PBTC1FullNameVerificationTest.InvokBrowser(PBTC1FullNameVerificationTest.java:33)
at Module1_login_test.PBTC1FullNameVerificationTest.InvokBrowser(PBTC1FullNameVerificationTest.java:33)
at Module1_login_test.PBTC1FullNameVerificationTest.InvokBrowser(PBTC1FullNameVerificationTest.java:33)
at Module1_login_test.PBTC1FullNameVerificationTest.InvokBrowser(PBTC1FullNameVerificationTest.java:33)
at Module1_login_test.PBTC1FullNameVerificationTest.InvokBrowser(PBTC1FullNameVerificationTest.java:33)
at Module1_login_test.PBTC1FullNameVerificationTest.InvokBrowser(PBTC1FullNameVerificationTest.java:33)
at Module1_login_test.PBTC1FullNameVerificationTest.InvokBrowser(PBTC1FullNameVerificationTest.java:33)
at Module1_login_test.PBTC1FullNameVerificationTest.InvokBrowser(PBTC1FullNameVerificationTest.java:33)
at Module1_login_test.PBTC1FullNameVerificationTest.InvokBrowser(PBTC1FullNameVerificationTest.java:33)
at Module1_login_test.PBTC1FullNameVerificationTest.InvokBrowser(PBTC1FullNameVerificationTest.java:33)
at Module1_login_test.PBTC1FullNameVerificationTest.InvokBrowser(PBTC1FullNameVerificationTest.java:33)
at Module1_login_test.PBTC1FullNameVerificationTest.InvokBrowser(PBTC1FullNameVerificationTest.java:33)
at Module1_login_test.PBTC1FullNameVerificationTest.InvokBrowser(PBTC1FullNameVerificationTest.java:33)
at Module1_login_test.PBTC1FullNameVerificationTest.InvokBrowser(PBTC1FullNameVerificationTest.java:33)
at Module1_login_test.PBTC1FullNameVerificationTest.InvokBrowser(PBTC1FullNameVerificationTest.java:33)
at Module1_login_test.PBTC1FullNameVerificationTest.InvokBrowser(PBTC1FullNameVerificationTest.java:33)
at Module1_login_test.PBTC1FullNameVerificationTest.InvokBrowser(PBTC1FullNameVerificationTest.java:33)
at Module1_login_test.PBTC1FullNameVerificationTest.InvokBrowser(PBTC1FullNameVerificationTest.java:33)
at Module1_login_test.PBTC1FullNameVerificationTest.InvokBrowser(PBTC1FullNameVerificationTest.java:33)
at Module1_login_test.PBTC1FullNameVerificationTest.InvokBrowser(PBTC1FullNameVerificationTest.java:33)
at Module1_login_test.PBTC1FullNameVerificationTest.InvokBrowser(PBTC1FullNameVerificationTest.java:33)
at Module1_login_test.PBTC1FullNameVerificationTest.InvokBrowser(PBTC1FullNameVerificationTest.java:33)
at Module1_login_test.PBTC1FullNameVerificationTest.InvokBrowser(PBTC1FullNameVerificationTest.java:33)
at Module1_login_test.PBTC1FullNameVerificationTest.InvokBrowser(PBTC1FullNameVerificationTest.java:33)
at Module1_login_test.PBTC1FullNameVerificationTest.InvokBrowser(PBTC1FullNameVerificationTest.java:33)
at Module1_login_test.PBTC1FullNameVerificationTest.InvokBrowser(PBTC1FullNameVerificationTest.java:33)
at Module1_login_test.PBTC1FullNameVerificationTest.InvokBrowser(PBTC1FullNameVerificationTest.java:33)
at Module1_login_test.PBTC1FullNameVerificationTest.InvokBrowser(PBTC1FullNameVerificationTest.java:33)
at Module1_login_test.PBTC1FullNameVerificationTest.InvokBrowser(PBTC1FullNameVerificationTest.java:33)
at Module1_login_test.PBTC1FullNameVerificationTest.InvokBrowser(PBTC1FullNameVerificationTest.java:33)
at Module1_login_test.PBTC1FullNameVerificationTest.InvokBrowser(PBTC1FullNameVerificationTest.java:33)
at Module1_login_test.PBTC1FullNameVerificationTest.InvokBrowser(PBTC1FullNameVerificationTest.java:33)
at Module1_login_test.PBTC1FullNameVerificationTest.InvokBrowser(PBTC1FullNameVerificationTest.java:33)
at Module1_login_test.PBTC1FullNameVerificationTest.InvokBrowser(PBTC1FullNameVerificationTest.java:33)
at Module1_login_test.PBTC1FullNameVerificationTest.InvokBrowser(PBTC1FullNameVerificationTest.java:33)
at Module1_login_test.PBTC1FullNameVerificationTest.InvokBrowser(PBTC1FullNameVerificationTest.java:33)
at Module1_login_test.PBTC1FullNameVerificationTest.InvokBrowser(PBTC1FullNameVerificationTest.java:33)
at Module1_login_test.PBTC1FullNameVerificationTest.InvokBrowser(PBTC1FullNameVerificationTest.java:33)
at Module1_login_test.PBTC1FullNameVerificationTest.InvokBrowser(PBTC1FullNameVerificationTest.java:33)
at Module1_login_test.PBTC1FullNameVerificationTest.InvokBrowser(PBTC1FullNameVerificationTest.java:33)
at Module1_login_test.PBTC1FullNameVerificationTest.InvokBrowser(PBTC1FullNameVerificationTest.java:33)
at Module1_login_test.PBTC1FullNameVerificationTest.InvokBrowser(PBTC1FullNameVerificationTest.java:33)
at Module1_login_test.PBTC1FullNameVerificationTest.InvokBrowser(PBTC1FullNameVerificationTest.java:33)
at Module1_login_test.PBTC1FullNameVerificationTest.InvokBrowser(PBTC1FullNameVerificationTest.java:33)
at Module1_login_test.PBTC1FullNameVerificationTest.InvokBrowser(PBTC1FullNameVerificationTest.java:33)
at Module1_login_test.PBTC1FullNameVerificationTest.InvokBrowser(PBTC1FullNameVerificationTest.java:33)
at Module1_login_test.PBTC1FullNameVerificationTest.InvokBrowser(PBTC1FullNameVerificationTest.java:33)
at Module1_login_test.PBTC1FullNameVerificationTest.InvokBrowser(PBTC1FullNameVerificationTest.java:33)
at Module1_login_test.PBTC1FullNameVerificationTest.InvokBrowser(PBTC1FullNameVerificationTest.java:33)
at Module1_login_test.PBTC1FullNameVerificationTest.InvokBrowser(PBTC1FullNameVerificationTest.java:33)
at Module1_login_test.PBTC1FullNameVerificationTest.InvokBrowser(PBTC1FullNameVerificationTest.java:33)
at Module1_login_test.PBTC1FullNameVerificationTest.InvokBrowser(PBTC1FullNameVerificationTest.java:33)
at Module1_login_test.PBTC1FullNameVerificationTest.InvokBrowser(PBTC1FullNameVerificationTest.java:33)
at Module1_login_test.PBTC1FullNameVerificationTest.InvokBrowser(PBTC1FullNameVerificationTest.java:33)
at Module1_login_test.PBTC1FullNameVerificationTest.InvokBrowser(PBTC1FullNameVerificationTest.java:33)
at Module1_login_test.PBTC1FullNameVerificationTest.InvokBrowser(PBTC1FullNameVerificationTest.java:33)
at Module1_login_test.PBTC1FullNameVerificationTest.InvokBrowser(PBTC1FullNameVerificationTest.java:33)
at Module1_login_test.PBTC1FullNameVerificationTest.InvokBrowser(PBTC1FullNameVerificationTest.java:33)
at Module1_login_test.PBTC1FullNameVerificationTest.InvokBrowser(PBTC1FullNameVerificationTest.java:33)
at Module1_login_test.PBTC1FullNameVerificationTest.InvokBrowser(PBTC1FullNameVerificationTest.java:33)
at Module1_login_test.PBTC1FullNameVerificationTest.InvokBrowser(PBTC1FullNameVerificationTest.java:33)
at Module1_login_test.PBTC1FullNameVerificationTest.InvokBrowser(PBTC1FullNameVerificationTest.java:33)
at Module1_login_test.PBTC1FullNameVerificationTest.InvokBrowser(PBTC1FullNameVerificationTest.java:33)
at Module1_login_test.PBTC1FullNameVerificationTest.InvokBrowser(PBTC1FullNameVerificationTest.java:33)
at Module1_login_test.PBTC1FullNameVerificationTest.InvokBrowser(PBTC1FullNameVerificationTest.java:33)
at Module1_login_test.PBTC1FullNameVerificationTest.InvokBrowser(PBTC1FullNameVerificationTest.java:33)
at Module1_login_test.PBTC1FullNameVerificationTest.InvokBrowser(PBTC1FullNameVerificationTest.java:33)
at Module1_login_test.PBTC1FullNameVerificationTest.InvokBrowser(PBTC1FullNameVerificationTest.java:33)
at Module1_login_test.PBTC1FullNameVerificationTest.InvokBrowser(PBTC1FullNameVerificationTest.java:33)
at Module1_login_test.PBTC1FullNameVerificationTest.InvokBrowser(PBTC1FullNameVerificationTest.java:33)
at Module1_login_test.PBTC1FullNameVerificationTest.InvokBrowser(PBTC1FullNameVerificationTest.java:33)
at Module1_login_test.PBTC1FullNameVerificationTest.InvokBrowser(PBTC1FullNameVerificationTest.java:33)
at Module1_login_test.PBTC1FullNameVerificationTest.InvokBrowser(PBTC1FullNameVerificationTest.java:33)
at Module1_login_test.PBTC1FullNameVerificationTest.InvokBrowser(PBTC1FullNameVerificationTest.java:33)
at Module1_login_test.PBTC1FullNameVerificationTest.InvokBrowser(PBTC1FullNameVerificationTest.java:33)
at Module1_login_test.PBTC1FullNameVerificationTest.InvokBrowser(PBTC1FullNameVerificationTest.java:33)
at Module1_login_test.PBTC1FullNameVerificationTest.InvokBrowser(PBTC1FullNameVerificationTest.java:33)
at Module1_login_test.PBTC1FullNameVerificationTest.InvokBrowser(PBTC1FullNameVerificationTest.java:33)
at Module1_login_test.PBTC1FullNameVerificationTest.InvokBrowser(PBTC1FullNameVerificationTest.java:33)
at Module1_login_test.PBTC1FullNameVerificationTest.InvokBrowser(PBTC1FullNameVerificationTest.java:33)
at Module1_login_test.PBTC1FullNameVerificationTest.InvokBrowser(PBTC1FullNameVerificationTest.java:33)
at Module1_login_test.PBTC1FullNameVerificationTest.InvokBrowser(PBTC1FullNameVerificationTest.java:33)
]]>
    </error>
  </testcase> <!-- InvokBrowser -->
  <testcase classname="Module1_login_test.PBTC1FullNameVerificationTest" name="VerifyFullname" time="0.000">
    <skipped/>
  </testcase> <!-- VerifyFullname -->
</testsuite> <!-- Module1_login_test.PBTC1FullNameVerificationTest -->
