<?xml version="1.0" encoding="UTF-8"?>
<testng-results ignored="0" total="1" passed="0" failed="0" skipped="1">
  <reporter-output>
  </reporter-output>
  <suite started-at="2023-06-23T18:03:22 IST" name="Default suite" finished-at="2023-06-23T18:03:22 IST" duration-ms="243">
    <groups>
    </groups>
    <test started-at="2023-06-23T18:03:22 IST" name="Default test" finished-at="2023-06-23T18:03:22 IST" duration-ms="243">
      <class name="Module1_login_test.PBTC1FullNameVerificationTest">
        <test-method is-config="true" signature="InvokBrowser()[pri:0, instance:Module1_login_test.PBTC1FullNameVerificationTest@126253fd]" started-at="2023-06-23T18:03:22 IST" name="InvokBrowser" finished-at="2023-06-23T18:03:22 IST" duration-ms="40" status="FAIL">
          <exception class="java.lang.StackOverflowError">
            <full-stacktrace>
              <![CDATA[java.lang.StackOverflowError
at Module1_login_test.PBTC1FullNameVerificationTest.InvokBrowser(PBTC1FullNameVerificationTest.java:33)
at Module1_login_test.PBTC1FullNameVerificationTest.InvokBrowser(PBTC1FullNameVerificationTest.java:33)
at Module1_login_test.PBTC1FullNameVerificationTest.InvokBrowser(PBTC1FullNameVerificationTest.java:33)
at Module1_login_test.PBTC1FullNameVerificationTest.InvokBrowser(PBTC1FullNameVerificationTest.java:33)
at Module1_login_test.PBTC1FullNameVerificationTest.InvokBrowser(PBTC1FullNameVerificationTest.java:33)
at Module1_login_test.PBTC1FullNameVerificationTest.InvokBrowser(PBTC1FullNameVerificationTest.java:33)
at Module1_login_test.PBTC1FullNameVerificationTest.InvokBrowser(PBTC1FullNameVerificationTest.java:33)
at Module1_login_test.PBTC1FullNameVerificationTest.InvokBrowser(PBTC1FullNameVerificationTest.java:33)
at Module1_login_test.PBTC1FullNameVerificationTest.InvokBrowser(PBTC1FullNameVerificationTest.java:33)
at Module1_login_test.PBTC1FullNameVerificationTest.InvokBrowser(PBTC1FullNameVerificationTest.java:33)
at Module1_login_test.PBTC1FullNameVerificationTest.InvokBrowser(PBTC1FullNameVerificationTest.java:33)
at Module1_login_test.PBTC1FullNameVerificationTest.InvokBrowser(PBTC1FullNameVerificationTest.java:33)
at Module1_login_test.PBTC1FullNameVerificationTest.InvokBrowser(PBTC1FullNameVerificationTest.java:33)
at Module1_login_test.PBTC1FullNameVerificationTest.InvokBrowser(PBTC1FullNameVerificationTest.java:33)
at Module1_login_test.PBTC1FullNameVerificationTest.InvokBrowser(PBTC1FullNameVerificationTest.java:33)
at Module1_login_test.PBTC1FullNameVerificationTest.InvokBrowser(PBTC1FullNameVerificationTest.java:33)
at Module1_login_test.PBTC1FullNameVerificationTest.InvokBrowser(PBTC1FullNameVerificationTest.java:33)
at Module1_login_test.PBTC1FullNameVerificationTest.InvokBrowser(PBTC1FullNameVerificationTest.java:33)
at Module1_login_test.PBTC1FullNameVerificationTest.InvokBrowser(PBTC1FullNameVerificationTest.java:33)
at Module1_login_test.PBTC1FullNameVerificationTest.InvokBrowser(PBTC1FullNameVerificationTest.java:33)
at Module1_login_test.PBTC1FullNameVerificationTest.InvokBrowser(PBTC1FullNameVerificationTest.java:33)
at Module1_login_test.PBTC1FullNameVerificationTest.InvokBrowser(PBTC1FullNameVerificationTest.java:33)
at Module1_login_test.PBTC1FullNameVerificationTest.InvokBrowser(PBTC1FullNameVerificationTest.java:33)
at Module1_login_test.PBTC1FullNameVerificationTest.InvokBrowser(PBTC1FullNameVerificationTest.java:33)
at Module1_login_test.PBTC1FullNameVerificationTest.InvokBrowser(PBTC1FullNameVerificationTest.java:33)
at Module1_login_test.PBTC1FullNameVerificationTest.InvokBrowser(PBTC1FullNameVerificationTest.java:33)
at Module1_login_test.PBTC1FullNameVerificationTest.InvokBrowser(PBTC1FullNameVerificationTest.java:33)
at Module1_login_test.PBTC1FullNameVerificationTest.InvokBrowser(PBTC1FullNameVerificationTest.java:33)
at Module1_login_test.PBTC1FullNameVerificationTest.InvokBrowser(PBTC1FullNameVerificationTest.java:33)
at Module1_login_test.PBTC1FullNameVerificationTest.InvokBrowser(PBTC1FullNameVerificationTest.java:33)
at Module1_login_test.PBTC1FullNameVerificationTest.InvokBrowser(PBTC1FullNameVerificationTest.java:33)
at Module1_login_test.PBTC1FullNameVerificationTest.InvokBrowser(PBTC1FullNameVerificationTest.java:33)
at Module1_login_test.PBTC1FullNameVerificationTest.InvokBrowser(PBTC1FullNameVerificationTest.java:33)
at Module1_login_test.PBTC1FullNameVerificationTest.InvokBrowser(PBTC1FullNameVerificationTest.java:33)
at Module1_login_test.PBTC1FullNameVerificationTest.InvokBrowser(PBTC1FullNameVerificationTest.java:33)
at Module1_login_test.PBTC1FullNameVerificationTest.InvokBrowser(PBTC1FullNameVerificationTest.java:33)
at Module1_login_test.PBTC1FullNameVerificationTest.InvokBrowser(PBTC1FullNameVerificationTest.java:33)
at Module1_login_test.PBTC1FullNameVerificationTest.InvokBrowser(PBTC1FullNameVerificationTest.java:33)
at Module1_login_test.PBTC1FullNameVerificationTest.InvokBrowser(PBTC1FullNameVerificationTest.java:33)
at Module1_login_test.PBTC1FullNameVerificationTest.InvokBrowser(PBTC1FullNameVerificationTest.java:33)
at Module1_login_test.PBTC1FullNameVerificationTest.InvokBrowser(PBTC1FullNameVerificationTest.java:33)
at Module1_login_test.PBTC1FullNameVerificationTest.InvokBrowser(PBTC1FullNameVerificationTest.java:33)
at Module1_login_test.PBTC1FullNameVerificationTest.InvokBrowser(PBTC1FullNameVerificationTest.java:33)
at Module1_login_test.PBTC1FullNameVerificationTest.InvokBrowser(PBTC1FullNameVerificationTest.java:33)
at Module1_login_test.PBTC1FullNameVerificationTest.InvokBrowser(PBTC1FullNameVerificationTest.java:33)
at Module1_login_test.PBTC1FullNameVerificationTest.InvokBrowser(PBTC1FullNameVerificationTest.java:33)
at Module1_login_test.PBTC1FullNameVerificationTest.InvokBrowser(PBTC1FullNameVerificationTest.java:33)
at Module1_login_test.PBTC1FullNameVerificationTest.InvokBrowser(PBTC1FullNameVerificationTest.java:33)
at Module1_login_test.PBTC1FullNameVerificationTest.InvokBrowser(PBTC1FullNameVerificationTest.java:33)
at Module1_login_test.PBTC1FullNameVerificationTest.InvokBrowser(PBTC1FullNameVerificationTest.java:33)
at Module1_login_test.PBTC1FullNameVerificationTest.InvokBrowser(PBTC1FullNameVerificationTest.java:33)
at Module1_login_test.PBTC1FullNameVerificationTest.InvokBrowser(PBTC1FullNameVerificationTest.java:33)
at Module1_login_test.PBTC1FullNameVerificationTest.InvokBrowser(PBTC1FullNameVerificationTest.java:33)
at Module1_login_test.PBTC1FullNameVerificationTest.InvokBrowser(PBTC1FullNameVerificationTest.java:33)
at Module1_login_test.PBTC1FullNameVerificationTest.InvokBrowser(PBTC1FullNameVerificationTest.java:33)
at Module1_login_test.PBTC1FullNameVerificationTest.InvokBrowser(PBTC1FullNameVerificationTest.java:33)
at Module1_login_test.PBTC1FullNameVerificationTest.InvokBrowser(PBTC1FullNameVerificationTest.java:33)
at Module1_login_test.PBTC1FullNameVerificationTest.InvokBrowser(PBTC1FullNameVerificationTest.java:33)
at Module1_login_test.PBTC1FullNameVerificationTest.InvokBrowser(PBTC1FullNameVerificationTest.java:33)
at Module1_login_test.PBTC1FullNameVerificationTest.InvokBrowser(PBTC1FullNameVerificationTest.java:33)
at Module1_login_test.PBTC1FullNameVerificationTest.InvokBrowser(PBTC1FullNameVerificationTest.java:33)
at Module1_login_test.PBTC1FullNameVerificationTest.InvokBrowser(PBTC1FullNameVerificationTest.java:33)
at Module1_login_test.PBTC1FullNameVerificationTest.InvokBrowser(PBTC1FullNameVerificationTest.java:33)
at Module1_login_test.PBTC1FullNameVerificationTest.InvokBrowser(PBTC1FullNameVerificationTest.java:33)
at Module1_login_test.PBTC1FullNameVerificationTest.InvokBrowser(PBTC1FullNameVerificationTest.java:33)
at Module1_login_test.PBTC1FullNameVerificationTest.InvokBrowser(PBTC1FullNameVerificationTest.java:33)
at Module1_login_test.PBTC1FullNameVerificationTest.InvokBrowser(PBTC1FullNameVerificationTest.java:33)
at Module1_login_test.PBTC1FullNameVerificationTest.InvokBrowser(PBTC1FullNameVerificationTest.java:33)
at Module1_login_test.PBTC1FullNameVerificationTest.InvokBrowser(PBTC1FullNameVerificationTest.java:33)
at Module1_login_test.PBTC1FullNameVerificationTest.InvokBrowser(PBTC1FullNameVerificationTest.java:33)
at Module1_login_test.PBTC1FullNameVerificationTest.InvokBrowser(PBTC1FullNameVerificationTest.java:33)
at Module1_login_test.PBTC1FullNameVerificationTest.InvokBrowser(PBTC1FullNameVerificationTest.java:33)
at Module1_login_test.PBTC1FullNameVerificationTest.InvokBrowser(PBTC1FullNameVerificationTest.java:33)
at Module1_login_test.PBTC1FullNameVerificationTest.InvokBrowser(PBTC1FullNameVerificationTest.java:33)
at Module1_login_test.PBTC1FullNameVerificationTest.InvokBrowser(PBTC1FullNameVerificationTest.java:33)
at Module1_login_test.PBTC1FullNameVerificationTest.InvokBrowser(PBTC1FullNameVerificationTest.java:33)
at Module1_login_test.PBTC1FullNameVerificationTest.InvokBrowser(PBTC1FullNameVerificationTest.java:33)
at Module1_login_test.PBTC1FullNameVerificationTest.InvokBrowser(PBTC1FullNameVerificationTest.java:33)
at Module1_login_test.PBTC1FullNameVerificationTest.InvokBrowser(PBTC1FullNameVerificationTest.java:33)
at Module1_login_test.PBTC1FullNameVerificationTest.InvokBrowser(PBTC1FullNameVerificationTest.java:33)
at Module1_login_test.PBTC1FullNameVerificationTest.InvokBrowser(PBTC1FullNameVerificationTest.java:33)
at Module1_login_test.PBTC1FullNameVerificationTest.InvokBrowser(PBTC1FullNameVerificationTest.java:33)
at Module1_login_test.PBTC1FullNameVerificationTest.InvokBrowser(PBTC1FullNameVerificationTest.java:33)
at Module1_login_test.PBTC1FullNameVerificationTest.InvokBrowser(PBTC1FullNameVerificationTest.java:33)
at Module1_login_test.PBTC1FullNameVerificationTest.InvokBrowser(PBTC1FullNameVerificationTest.java:33)
at Module1_login_test.PBTC1FullNameVerificationTest.InvokBrowser(PBTC1FullNameVerificationTest.java:33)
at Module1_login_test.PBTC1FullNameVerificationTest.InvokBrowser(PBTC1FullNameVerificationTest.java:33)
at Module1_login_test.PBTC1FullNameVerificationTest.InvokBrowser(PBTC1FullNameVerificationTest.java:33)
at Module1_login_test.PBTC1FullNameVerificationTest.InvokBrowser(PBTC1FullNameVerificationTest.java:33)
at Module1_login_test.PBTC1FullNameVerificationTest.InvokBrowser(PBTC1FullNameVerificationTest.java:33)
at Module1_login_test.PBTC1FullNameVerificationTest.InvokBrowser(PBTC1FullNameVerificationTest.java:33)
at Module1_login_test.PBTC1FullNameVerificationTest.InvokBrowser(PBTC1FullNameVerificationTest.java:33)
at Module1_login_test.PBTC1FullNameVerificationTest.InvokBrowser(PBTC1FullNameVerificationTest.java:33)
at Module1_login_test.PBTC1FullNameVerificationTest.InvokBrowser(PBTC1FullNameVerificationTest.java:33)
at Module1_login_test.PBTC1FullNameVerificationTest.InvokBrowser(PBTC1FullNameVerificationTest.java:33)
at Module1_login_test.PBTC1FullNameVerificationTest.InvokBrowser(PBTC1FullNameVerificationTest.java:33)
at Module1_login_test.PBTC1FullNameVerificationTest.InvokBrowser(PBTC1FullNameVerificationTest.java:33)
at Module1_login_test.PBTC1FullNameVerificationTest.InvokBrowser(PBTC1FullNameVerificationTest.java:33)
at Module1_login_test.PBTC1FullNameVerificationTest.InvokBrowser(PBTC1FullNameVerificationTest.java:33)
at Module1_login_test.PBTC1FullNameVerificationTest.InvokBrowser(PBTC1FullNameVerificationTest.java:33)
at Module1_login_test.PBTC1FullNameVerificationTest.InvokBrowser(PBTC1FullNameVerificationTest.java:33)
at Module1_login_test.PBTC1FullNameVerificationTest.InvokBrowser(PBTC1FullNameVerificationTest.java:33)
at Module1_login_test.PBTC1FullNameVerificationTest.InvokBrowser(PBTC1FullNameVerificationTest.java:33)
at Module1_login_test.PBTC1FullNameVerificationTest.InvokBrowser(PBTC1FullNameVerificationTest.java:33)
at Module1_login_test.PBTC1FullNameVerificationTest.InvokBrowser(PBTC1FullNameVerificationTest.java:33)
at Module1_login_test.PBTC1FullNameVerificationTest.InvokBrowser(PBTC1FullNameVerificationTest.java:33)
at Module1_login_test.PBTC1FullNameVerificationTest.InvokBrowser(PBTC1FullNameVerificationTest.java:33)
at Module1_login_test.PBTC1FullNameVerificationTest.InvokBrowser(PBTC1FullNameVerificationTest.java:33)
at Module1_login_test.PBTC1FullNameVerificationTest.InvokBrowser(PBTC1FullNameVerificationTest.java:33)
at Module1_login_test.PBTC1FullNameVerificationTest.InvokBrowser(PBTC1FullNameVerificationTest.java:33)
at Module1_login_test.PBTC1FullNameVerificationTest.InvokBrowser(PBTC1FullNameVerificationTest.java:33)
at Module1_login_test.PBTC1FullNameVerificationTest.InvokBrowser(PBTC1FullNameVerificationTest.java:33)
at Module1_login_test.PBTC1FullNameVerificationTest.InvokBrowser(PBTC1FullNameVerificationTest.java:33)
at Module1_login_test.PBTC1FullNameVerificationTest.InvokBrowser(PBTC1FullNameVerificationTest.java:33)
at Module1_login_test.PBTC1FullNameVerificationTest.InvokBrowser(PBTC1FullNameVerificationTest.java:33)
at Module1_login_test.PBTC1FullNameVerificationTest.InvokBrowser(PBTC1FullNameVerificationTest.java:33)
at Module1_login_test.PBTC1FullNameVerificationTest.InvokBrowser(PBTC1FullNameVerificationTest.java:33)
at Module1_login_test.PBTC1FullNameVerificationTest.InvokBrowser(PBTC1FullNameVerificationTest.java:33)
at Module1_login_test.PBTC1FullNameVerificationTest.InvokBrowser(PBTC1FullNameVerificationTest.java:33)
at Module1_login_test.PBTC1FullNameVerificationTest.InvokBrowser(PBTC1FullNameVerificationTest.java:33)
at Module1_login_test.PBTC1FullNameVerificationTest.InvokBrowser(PBTC1FullNameVerificationTest.java:33)
at Module1_login_test.PBTC1FullNameVerificationTest.InvokBrowser(PBTC1FullNameVerificationTest.java:33)
at Module1_login_test.PBTC1FullNameVerificationTest.InvokBrowser(PBTC1FullNameVerificationTest.java:33)
at Module1_login_test.PBTC1FullNameVerificationTest.InvokBrowser(PBTC1FullNameVerificationTest.java:33)
at Module1_login_test.PBTC1FullNameVerificationTest.InvokBrowser(PBTC1FullNameVerificationTest.java:33)
at Module1_login_test.PBTC1FullNameVerificationTest.InvokBrowser(PBTC1FullNameVerificationTest.java:33)
at Module1_login_test.PBTC1FullNameVerificationTest.InvokBrowser(PBTC1FullNameVerificationTest.java:33)
at Module1_login_test.PBTC1FullNameVerificationTest.InvokBrowser(PBTC1FullNameVerificationTest.java:33)
at Module1_login_test.PBTC1FullNameVerificationTest.InvokBrowser(PBTC1FullNameVerificationTest.java:33)
at Module1_login_test.PBTC1FullNameVerificationTest.InvokBrowser(PBTC1FullNameVerificationTest.java:33)
at Module1_login_test.PBTC1FullNameVerificationTest.InvokBrowser(PBTC1FullNameVerificationTest.java:33)
at Module1_login_test.PBTC1FullNameVerificationTest.InvokBrowser(PBTC1FullNameVerificationTest.java:33)
at Module1_login_test.PBTC1FullNameVerificationTest.InvokBrowser(PBTC1FullNameVerificationTest.java:33)
at Module1_login_test.PBTC1FullNameVerificationTest.InvokBrowser(PBTC1FullNameVerificationTest.java:33)
at Module1_login_test.PBTC1FullNameVerificationTest.InvokBrowser(PBTC1FullNameVerificationTest.java:33)
at Module1_login_test.PBTC1FullNameVerificationTest.InvokBrowser(PBTC1FullNameVerificationTest.java:33)
at Module1_login_test.PBTC1FullNameVerificationTest.InvokBrowser(PBTC1FullNameVerificationTest.java:33)
at Module1_login_test.PBTC1FullNameVerificationTest.InvokBrowser(PBTC1FullNameVerificationTest.java:33)
at Module1_login_test.PBTC1FullNameVerificationTest.InvokBrowser(PBTC1FullNameVerificationTest.java:33)
at Module1_login_test.PBTC1FullNameVerificationTest.InvokBrowser(PBTC1FullNameVerificationTest.java:33)
at Module1_login_test.PBTC1FullNameVerificationTest.InvokBrowser(PBTC1FullNameVerificationTest.java:33)
at Module1_login_test.PBTC1FullNameVerificationTest.InvokBrowser(PBTC1FullNameVerificationTest.java:33)
at Module1_login_test.PBTC1FullNameVerificationTest.InvokBrowser(PBTC1FullNameVerificationTest.java:33)
at Module1_login_test.PBTC1FullNameVerificationTest.InvokBrowser(PBTC1FullNameVerificationTest.java:33)
at Module1_login_test.PBTC1FullNameVerificationTest.InvokBrowser(PBTC1FullNameVerificationTest.java:33)
at Module1_login_test.PBTC1FullNameVerificationTest.InvokBrowser(PBTC1FullNameVerificationTest.java:33)
at Module1_login_test.PBTC1FullNameVerificationTest.InvokBrowser(PBTC1FullNameVerificationTest.java:33)
at Module1_login_test.PBTC1FullNameVerificationTest.InvokBrowser(PBTC1FullNameVerificationTest.java:33)
at Module1_login_test.PBTC1FullNameVerificationTest.InvokBrowser(PBTC1FullNameVerificationTest.java:33)
at Module1_login_test.PBTC1FullNameVerificationTest.InvokBrowser(PBTC1FullNameVerificationTest.java:33)
at Module1_login_test.PBTC1FullNameVerificationTest.InvokBrowser(PBTC1FullNameVerificationTest.java:33)
at Module1_login_test.PBTC1FullNameVerificationTest.InvokBrowser(PBTC1FullNameVerificationTest.java:33)
at Module1_login_test.PBTC1FullNameVerificationTest.InvokBrowser(PBTC1FullNameVerificationTest.java:33)
at Module1_login_test.PBTC1FullNameVerificationTest.InvokBrowser(PBTC1FullNameVerificationTest.java:33)
at Module1_login_test.PBTC1FullNameVerificationTest.InvokBrowser(PBTC1FullNameVerificationTest.java:33)
at Module1_login_test.PBTC1FullNameVerificationTest.InvokBrowser(PBTC1FullNameVerificationTest.java:33)
at Module1_login_test.PBTC1FullNameVerificationTest.InvokBrowser(PBTC1FullNameVerificationTest.java:33)
at Module1_login_test.PBTC1FullNameVerificationTest.InvokBrowser(PBTC1FullNameVerificationTest.java:33)
at Module1_login_test.PBTC1FullNameVerificationTest.InvokBrowser(PBTC1FullNameVerificationTest.java:33)
at Module1_login_test.PBTC1FullNameVerificationTest.InvokBrowser(PBTC1FullNameVerificationTest.java:33)
at Module1_login_test.PBTC1FullNameVerificationTest.InvokBrowser(PBTC1FullNameVerificationTest.java:33)
at Module1_login_test.PBTC1FullNameVerificationTest.InvokBrowser(PBTC1FullNameVerificationTest.java:33)
at Module1_login_test.PBTC1FullNameVerificationTest.InvokBrowser(PBTC1FullNameVerificationTest.java:33)
at Module1_login_test.PBTC1FullNameVerificationTest.InvokBrowser(PBTC1FullNameVerificationTest.java:33)
at Module1_login_test.PBTC1FullNameVerificationTest.InvokBrowser(PBTC1FullNameVerificationTest.java:33)
at Module1_login_test.PBTC1FullNameVerificationTest.InvokBrowser(PBTC1FullNameVerificationTest.java:33)
at Module1_login_test.PBTC1FullNameVerificationTest.InvokBrowser(PBTC1FullNameVerificationTest.java:33)
at Module1_login_test.PBTC1FullNameVerificationTest.InvokBrowser(PBTC1FullNameVerificationTest.java:33)
at Module1_login_test.PBTC1FullNameVerificationTest.InvokBrowser(PBTC1FullNameVerificationTest.java:33)
at Module1_login_test.PBTC1FullNameVerificationTest.InvokBrowser(PBTC1FullNameVerificationTest.java:33)
at Module1_login_test.PBTC1FullNameVerificationTest.InvokBrowser(PBTC1FullNameVerificationTest.java:33)
at Module1_login_test.PBTC1FullNameVerificationTest.InvokBrowser(PBTC1FullNameVerificationTest.java:33)
at Module1_login_test.PBTC1FullNameVerificationTest.InvokBrowser(PBTC1FullNameVerificationTest.java:33)
at Module1_login_test.PBTC1FullNameVerificationTest.InvokBrowser(PBTC1FullNameVerificationTest.java:33)
at Module1_login_test.PBTC1FullNameVerificationTest.InvokBrowser(PBTC1FullNameVerificationTest.java:33)
at Module1_login_test.PBTC1FullNameVerificationTest.InvokBrowser(PBTC1FullNameVerificationTest.java:33)
at Module1_login_test.PBTC1FullNameVerificationTest.InvokBrowser(PBTC1FullNameVerificationTest.java:33)
at Module1_login_test.PBTC1FullNameVerificationTest.InvokBrowser(PBTC1FullNameVerificationTest.java:33)
at Module1_login_test.PBTC1FullNameVerificationTest.InvokBrowser(PBTC1FullNameVerificationTest.java:33)
at Module1_login_test.PBTC1FullNameVerificationTest.InvokBrowser(PBTC1FullNameVerificationTest.java:33)
at Module1_login_test.PBTC1FullNameVerificationTest.InvokBrowser(PBTC1FullNameVerificationTest.java:33)
at Module1_login_test.PBTC1FullNameVerificationTest.InvokBrowser(PBTC1FullNameVerificationTest.java:33)
at Module1_login_test.PBTC1FullNameVerificationTest.InvokBrowser(PBTC1FullNameVerificationTest.java:33)
at Module1_login_test.PBTC1FullNameVerificationTest.InvokBrowser(PBTC1FullNameVerificationTest.java:33)
at Module1_login_test.PBTC1FullNameVerificationTest.InvokBrowser(PBTC1FullNameVerificationTest.java:33)
at Module1_login_test.PBTC1FullNameVerificationTest.InvokBrowser(PBTC1FullNameVerificationTest.java:33)
at Module1_login_test.PBTC1FullNameVerificationTest.InvokBrowser(PBTC1FullNameVerificationTest.java:33)
at Module1_login_test.PBTC1FullNameVerificationTest.InvokBrowser(PBTC1FullNameVerificationTest.java:33)
at Module1_login_test.PBTC1FullNameVerificationTest.InvokBrowser(PBTC1FullNameVerificationTest.java:33)
at Module1_login_test.PBTC1FullNameVerificationTest.InvokBrowser(PBTC1FullNameVerificationTest.java:33)
at Module1_login_test.PBTC1FullNameVerificationTest.InvokBrowser(PBTC1FullNameVerificationTest.java:33)
at Module1_login_test.PBTC1FullNameVerificationTest.InvokBrowser(PBTC1FullNameVerificationTest.java:33)
at Module1_login_test.PBTC1FullNameVerificationTest.InvokBrowser(PBTC1FullNameVerificationTest.java:33)
at Module1_login_test.PBTC1FullNameVerificationTest.InvokBrowser(PBTC1FullNameVerificationTest.java:33)
at Module1_login_test.PBTC1FullNameVerificationTest.InvokBrowser(PBTC1FullNameVerificationTest.java:33)
at Module1_login_test.PBTC1FullNameVerificationTest.InvokBrowser(PBTC1FullNameVerificationTest.java:33)
at Module1_login_test.PBTC1FullNameVerificationTest.InvokBrowser(PBTC1FullNameVerificationTest.java:33)
at Module1_login_test.PBTC1FullNameVerificationTest.InvokBrowser(PBTC1FullNameVerificationTest.java:33)
at Module1_login_test.PBTC1FullNameVerificationTest.InvokBrowser(PBTC1FullNameVerificationTest.java:33)
at Module1_login_test.PBTC1FullNameVerificationTest.InvokBrowser(PBTC1FullNameVerificationTest.java:33)
at Module1_login_test.PBTC1FullNameVerificationTest.InvokBrowser(PBTC1FullNameVerificationTest.java:33)
at Module1_login_test.PBTC1FullNameVerificationTest.InvokBrowser(PBTC1FullNameVerificationTest.java:33)
at Module1_login_test.PBTC1FullNameVerificationTest.InvokBrowser(PBTC1FullNameVerificationTest.java:33)
at Module1_login_test.PBTC1FullNameVerificationTest.InvokBrowser(PBTC1FullNameVerificationTest.java:33)
at Module1_login_test.PBTC1FullNameVerificationTest.InvokBrowser(PBTC1FullNameVerificationTest.java:33)
at Module1_login_test.PBTC1FullNameVerificationTest.InvokBrowser(PBTC1FullNameVerificationTest.java:33)
at Module1_login_test.PBTC1FullNameVerificationTest.InvokBrowser(PBTC1FullNameVerificationTest.java:33)
at Module1_login_test.PBTC1FullNameVerificationTest.InvokBrowser(PBTC1FullNameVerificationTest.java:33)
at Module1_login_test.PBTC1FullNameVerificationTest.InvokBrowser(PBTC1FullNameVerificationTest.java:33)
at Module1_login_test.PBTC1FullNameVerificationTest.InvokBrowser(PBTC1FullNameVerificationTest.java:33)
at Module1_login_test.PBTC1FullNameVerificationTest.InvokBrowser(PBTC1FullNameVerificationTest.java:33)
at Module1_login_test.PBTC1FullNameVerificationTest.InvokBrowser(PBTC1FullNameVerificationTest.java:33)
at Module1_login_test.PBTC1FullNameVerificationTest.InvokBrowser(PBTC1FullNameVerificationTest.java:33)
at Module1_login_test.PBTC1FullNameVerificationTest.InvokBrowser(PBTC1FullNameVerificationTest.java:33)
at Module1_login_test.PBTC1FullNameVerificationTest.InvokBrowser(PBTC1FullNameVerificationTest.java:33)
at Module1_login_test.PBTC1FullNameVerificationTest.InvokBrowser(PBTC1FullNameVerificationTest.java:33)
at Module1_login_test.PBTC1FullNameVerificationTest.InvokBrowser(PBTC1FullNameVerificationTest.java:33)
at Module1_login_test.PBTC1FullNameVerificationTest.InvokBrowser(PBTC1FullNameVerificationTest.java:33)
at Module1_login_test.PBTC1FullNameVerificationTest.InvokBrowser(PBTC1FullNameVerificationTest.java:33)
at Module1_login_test.PBTC1FullNameVerificationTest.InvokBrowser(PBTC1FullNameVerificationTest.java:33)
at Module1_login_test.PBTC1FullNameVerificationTest.InvokBrowser(PBTC1FullNameVerificationTest.java:33)
at Module1_login_test.PBTC1FullNameVerificationTest.InvokBrowser(PBTC1FullNameVerificationTest.java:33)
at Module1_login_test.PBTC1FullNameVerificationTest.InvokBrowser(PBTC1FullNameVerificationTest.java:33)
at Module1_login_test.PBTC1FullNameVerificationTest.InvokBrowser(PBTC1FullNameVerificationTest.java:33)
at Module1_login_test.PBTC1FullNameVerificationTest.InvokBrowser(PBTC1FullNameVerificationTest.java:33)
at Module1_login_test.PBTC1FullNameVerificationTest.InvokBrowser(PBTC1FullNameVerificationTest.java:33)
at Module1_login_test.PBTC1FullNameVerificationTest.InvokBrowser(PBTC1FullNameVerificationTest.java:33)
at Module1_login_test.PBTC1FullNameVerificationTest.InvokBrowser(PBTC1FullNameVerificationTest.java:33)
at Module1_login_test.PBTC1FullNameVerificationTest.InvokBrowser(PBTC1FullNameVerificationTest.java:33)
at Module1_login_test.PBTC1FullNameVerificationTest.InvokBrowser(PBTC1FullNameVerificationTest.java:33)
at Module1_login_test.PBTC1FullNameVerificationTest.InvokBrowser(PBTC1FullNameVerificationTest.java:33)
at Module1_login_test.PBTC1FullNameVerificationTest.InvokBrowser(PBTC1FullNameVerificationTest.java:33)
at Module1_login_test.PBTC1FullNameVerificationTest.InvokBrowser(PBTC1FullNameVerificationTest.java:33)
at Module1_login_test.PBTC1FullNameVerificationTest.InvokBrowser(PBTC1FullNameVerificationTest.java:33)
at Module1_login_test.PBTC1FullNameVerificationTest.InvokBrowser(PBTC1FullNameVerificationTest.java:33)
at Module1_login_test.PBTC1FullNameVerificationTest.InvokBrowser(PBTC1FullNameVerificationTest.java:33)
at Module1_login_test.PBTC1FullNameVerificationTest.InvokBrowser(PBTC1FullNameVerificationTest.java:33)
at Module1_login_test.PBTC1FullNameVerificationTest.InvokBrowser(PBTC1FullNameVerificationTest.java:33)
at Module1_login_test.PBTC1FullNameVerificationTest.InvokBrowser(PBTC1FullNameVerificationTest.java:33)
at Module1_login_test.PBTC1FullNameVerificationTest.InvokBrowser(PBTC1FullNameVerificationTest.java:33)
at Module1_login_test.PBTC1FullNameVerificationTest.InvokBrowser(PBTC1FullNameVerificationTest.java:33)
at Module1_login_test.PBTC1FullNameVerificationTest.InvokBrowser(PBTC1FullNameVerificationTest.java:33)
at Module1_login_test.PBTC1FullNameVerificationTest.InvokBrowser(PBTC1FullNameVerificationTest.java:33)
at Module1_login_test.PBTC1FullNameVerificationTest.InvokBrowser(PBTC1FullNameVerificationTest.java:33)
at Module1_login_test.PBTC1FullNameVerificationTest.InvokBrowser(PBTC1FullNameVerificationTest.java:33)
at Module1_login_test.PBTC1FullNameVerificationTest.InvokBrowser(PBTC1FullNameVerificationTest.java:33)
at Module1_login_test.PBTC1FullNameVerificationTest.InvokBrowser(PBTC1FullNameVerificationTest.java:33)
at Module1_login_test.PBTC1FullNameVerificationTest.InvokBrowser(PBTC1FullNameVerificationTest.java:33)
at Module1_login_test.PBTC1FullNameVerificationTest.InvokBrowser(PBTC1FullNameVerificationTest.java:33)
at Module1_login_test.PBTC1FullNameVerificationTest.InvokBrowser(PBTC1FullNameVerificationTest.java:33)
at Module1_login_test.PBTC1FullNameVerificationTest.InvokBrowser(PBTC1FullNameVerificationTest.java:33)
at Module1_login_test.PBTC1FullNameVerificationTest.InvokBrowser(PBTC1FullNameVerificationTest.java:33)
at Module1_login_test.PBTC1FullNameVerificationTest.InvokBrowser(PBTC1FullNameVerificationTest.java:33)
at Module1_login_test.PBTC1FullNameVerificationTest.InvokBrowser(PBTC1FullNameVerificationTest.java:33)
at Module1_login_test.PBTC1FullNameVerificationTest.InvokBrowser(PBTC1FullNameVerificationTest.java:33)
at Module1_login_test.PBTC1FullNameVerificationTest.InvokBrowser(PBTC1FullNameVerificationTest.java:33)
at Module1_login_test.PBTC1FullNameVerificationTest.InvokBrowser(PBTC1FullNameVerificationTest.java:33)
at Module1_login_test.PBTC1FullNameVerificationTest.InvokBrowser(PBTC1FullNameVerificationTest.java:33)
at Module1_login_test.PBTC1FullNameVerificationTest.InvokBrowser(PBTC1FullNameVerificationTest.java:33)
at Module1_login_test.PBTC1FullNameVerificationTest.InvokBrowser(PBTC1FullNameVerificationTest.java:33)
at Module1_login_test.PBTC1FullNameVerificationTest.InvokBrowser(PBTC1FullNameVerificationTest.java:33)
at Module1_login_test.PBTC1FullNameVerificationTest.InvokBrowser(PBTC1FullNameVerificationTest.java:33)
at Module1_login_test.PBTC1FullNameVerificationTest.InvokBrowser(PBTC1FullNameVerificationTest.java:33)
at Module1_login_test.PBTC1FullNameVerificationTest.InvokBrowser(PBTC1FullNameVerificationTest.java:33)
at Module1_login_test.PBTC1FullNameVerificationTest.InvokBrowser(PBTC1FullNameVerificationTest.java:33)
at Module1_login_test.PBTC1FullNameVerificationTest.InvokBrowser(PBTC1FullNameVerificationTest.java:33)
at Module1_login_test.PBTC1FullNameVerificationTest.InvokBrowser(PBTC1FullNameVerificationTest.java:33)
at Module1_login_test.PBTC1FullNameVerificationTest.InvokBrowser(PBTC1FullNameVerificationTest.java:33)
at Module1_login_test.PBTC1FullNameVerificationTest.InvokBrowser(PBTC1FullNameVerificationTest.java:33)
at Module1_login_test.PBTC1FullNameVerificationTest.InvokBrowser(PBTC1FullNameVerificationTest.java:33)
at Module1_login_test.PBTC1FullNameVerificationTest.InvokBrowser(PBTC1FullNameVerificationTest.java:33)
at Module1_login_test.PBTC1FullNameVerificationTest.InvokBrowser(PBTC1FullNameVerificationTest.java:33)
at Module1_login_test.PBTC1FullNameVerificationTest.InvokBrowser(PBTC1FullNameVerificationTest.java:33)
at Module1_login_test.PBTC1FullNameVerificationTest.InvokBrowser(PBTC1FullNameVerificationTest.java:33)
at Module1_login_test.PBTC1FullNameVerificationTest.InvokBrowser(PBTC1FullNameVerificationTest.java:33)
at Module1_login_test.PBTC1FullNameVerificationTest.InvokBrowser(PBTC1FullNameVerificationTest.java:33)
at Module1_login_test.PBTC1FullNameVerificationTest.InvokBrowser(PBTC1FullNameVerificationTest.java:33)
at Module1_login_test.PBTC1FullNameVerificationTest.InvokBrowser(PBTC1FullNameVerificationTest.java:33)
at Module1_login_test.PBTC1FullNameVerificationTest.InvokBrowser(PBTC1FullNameVerificationTest.java:33)
at Module1_login_test.PBTC1FullNameVerificationTest.InvokBrowser(PBTC1FullNameVerificationTest.java:33)
at Module1_login_test.PBTC1FullNameVerificationTest.InvokBrowser(PBTC1FullNameVerificationTest.java:33)
at Module1_login_test.PBTC1FullNameVerificationTest.InvokBrowser(PBTC1FullNameVerificationTest.java:33)
at Module1_login_test.PBTC1FullNameVerificationTest.InvokBrowser(PBTC1FullNameVerificationTest.java:33)
at Module1_login_test.PBTC1FullNameVerificationTest.InvokBrowser(PBTC1FullNameVerificationTest.java:33)
at Module1_login_test.PBTC1FullNameVerificationTest.InvokBrowser(PBTC1FullNameVerificationTest.java:33)
at Module1_login_test.PBTC1FullNameVerificationTest.InvokBrowser(PBTC1FullNameVerificationTest.java:33)
at Module1_login_test.PBTC1FullNameVerificationTest.InvokBrowser(PBTC1FullNameVerificationTest.java:33)
at Module1_login_test.PBTC1FullNameVerificationTest.InvokBrowser(PBTC1FullNameVerificationTest.java:33)
at Module1_login_test.PBTC1FullNameVerificationTest.InvokBrowser(PBTC1FullNameVerificationTest.java:33)
at Module1_login_test.PBTC1FullNameVerificationTest.InvokBrowser(PBTC1FullNameVerificationTest.java:33)
at Module1_login_test.PBTC1FullNameVerificationTest.InvokBrowser(PBTC1FullNameVerificationTest.java:33)
at Module1_login_test.PBTC1FullNameVerificationTest.InvokBrowser(PBTC1FullNameVerificationTest.java:33)
at Module1_login_test.PBTC1FullNameVerificationTest.InvokBrowser(PBTC1FullNameVerificationTest.java:33)
at Module1_login_test.PBTC1FullNameVerificationTest.InvokBrowser(PBTC1FullNameVerificationTest.java:33)
at Module1_login_test.PBTC1FullNameVerificationTest.InvokBrowser(PBTC1FullNameVerificationTest.java:33)
at Module1_login_test.PBTC1FullNameVerificationTest.InvokBrowser(PBTC1FullNameVerificationTest.java:33)
at Module1_login_test.PBTC1FullNameVerificationTest.InvokBrowser(PBTC1FullNameVerificationTest.java:33)
at Module1_login_test.PBTC1FullNameVerificationTest.InvokBrowser(PBTC1FullNameVerificationTest.java:33)
at Module1_login_test.PBTC1FullNameVerificationTest.InvokBrowser(PBTC1FullNameVerificationTest.java:33)
at Module1_login_test.PBTC1FullNameVerificationTest.InvokBrowser(PBTC1FullNameVerificationTest.java:33)
at Module1_login_test.PBTC1FullNameVerificationTest.InvokBrowser(PBTC1FullNameVerificationTest.java:33)
at Module1_login_test.PBTC1FullNameVerificationTest.InvokBrowser(PBTC1FullNameVerificationTest.java:33)
at Module1_login_test.PBTC1FullNameVerificationTest.InvokBrowser(PBTC1FullNameVerificationTest.java:33)
at Module1_login_test.PBTC1FullNameVerificationTest.InvokBrowser(PBTC1FullNameVerificationTest.java:33)
at Module1_login_test.PBTC1FullNameVerificationTest.InvokBrowser(PBTC1FullNameVerificationTest.java:33)
at Module1_login_test.PBTC1FullNameVerificationTest.InvokBrowser(PBTC1FullNameVerificationTest.java:33)
at Module1_login_test.PBTC1FullNameVerificationTest.InvokBrowser(PBTC1FullNameVerificationTest.java:33)
at Module1_login_test.PBTC1FullNameVerificationTest.InvokBrowser(PBTC1FullNameVerificationTest.java:33)
at Module1_login_test.PBTC1FullNameVerificationTest.InvokBrowser(PBTC1FullNameVerificationTest.java:33)
at Module1_login_test.PBTC1FullNameVerificationTest.InvokBrowser(PBTC1FullNameVerificationTest.java:33)
at Module1_login_test.PBTC1FullNameVerificationTest.InvokBrowser(PBTC1FullNameVerificationTest.java:33)
at Module1_login_test.PBTC1FullNameVerificationTest.InvokBrowser(PBTC1FullNameVerificationTest.java:33)
at Module1_login_test.PBTC1FullNameVerificationTest.InvokBrowser(PBTC1FullNameVerificationTest.java:33)
at Module1_login_test.PBTC1FullNameVerificationTest.InvokBrowser(PBTC1FullNameVerificationTest.java:33)
at Module1_login_test.PBTC1FullNameVerificationTest.InvokBrowser(PBTC1FullNameVerificationTest.java:33)
at Module1_login_test.PBTC1FullNameVerificationTest.InvokBrowser(PBTC1FullNameVerificationTest.java:33)
at Module1_login_test.PBTC1FullNameVerificationTest.InvokBrowser(PBTC1FullNameVerificationTest.java:33)
at Module1_login_test.PBTC1FullNameVerificationTest.InvokBrowser(PBTC1FullNameVerificationTest.java:33)
at Module1_login_test.PBTC1FullNameVerificationTest.InvokBrowser(PBTC1FullNameVerificationTest.java:33)
at Module1_login_test.PBTC1FullNameVerificationTest.InvokBrowser(PBTC1FullNameVerificationTest.java:33)
at Module1_login_test.PBTC1FullNameVerificationTest.InvokBrowser(PBTC1FullNameVerificationTest.java:33)
at Module1_login_test.PBTC1FullNameVerificationTest.InvokBrowser(PBTC1FullNameVerificationTest.java:33)
at Module1_login_test.PBTC1FullNameVerificationTest.InvokBrowser(PBTC1FullNameVerificationTest.java:33)
at Module1_login_test.PBTC1FullNameVerificationTest.InvokBrowser(PBTC1FullNameVerificationTest.java:33)
at Module1_login_test.PBTC1FullNameVerificationTest.InvokBrowser(PBTC1FullNameVerificationTest.java:33)
at Module1_login_test.PBTC1FullNameVerificationTest.InvokBrowser(PBTC1FullNameVerificationTest.java:33)
at Module1_login_test.PBTC1FullNameVerificationTest.InvokBrowser(PBTC1FullNameVerificationTest.java:33)
at Module1_login_test.PBTC1FullNameVerificationTest.InvokBrowser(PBTC1FullNameVerificationTest.java:33)
at Module1_login_test.PBTC1FullNameVerificationTest.InvokBrowser(PBTC1FullNameVerificationTest.java:33)
at Module1_login_test.PBTC1FullNameVerificationTest.InvokBrowser(PBTC1FullNameVerificationTest.java:33)
at Module1_login_test.PBTC1FullNameVerificationTest.InvokBrowser(PBTC1FullNameVerificationTest.java:33)
at Module1_login_test.PBTC1FullNameVerificationTest.InvokBrowser(PBTC1FullNameVerificationTest.java:33)
at Module1_login_test.PBTC1FullNameVerificationTest.InvokBrowser(PBTC1FullNameVerificationTest.java:33)
at Module1_login_test.PBTC1FullNameVerificationTest.InvokBrowser(PBTC1FullNameVerificationTest.java:33)
at Module1_login_test.PBTC1FullNameVerificationTest.InvokBrowser(PBTC1FullNameVerificationTest.java:33)
at Module1_login_test.PBTC1FullNameVerificationTest.InvokBrowser(PBTC1FullNameVerificationTest.java:33)
at Module1_login_test.PBTC1FullNameVerificationTest.InvokBrowser(PBTC1FullNameVerificationTest.java:33)
at Module1_login_test.PBTC1FullNameVerificationTest.InvokBrowser(PBTC1FullNameVerificationTest.java:33)
at Module1_login_test.PBTC1FullNameVerificationTest.InvokBrowser(PBTC1FullNameVerificationTest.java:33)
at Module1_login_test.PBTC1FullNameVerificationTest.InvokBrowser(PBTC1FullNameVerificationTest.java:33)
at Module1_login_test.PBTC1FullNameVerificationTest.InvokBrowser(PBTC1FullNameVerificationTest.java:33)
at Module1_login_test.PBTC1FullNameVerificationTest.InvokBrowser(PBTC1FullNameVerificationTest.java:33)
at Module1_login_test.PBTC1FullNameVerificationTest.InvokBrowser(PBTC1FullNameVerificationTest.java:33)
at Module1_login_test.PBTC1FullNameVerificationTest.InvokBrowser(PBTC1FullNameVerificationTest.java:33)
at Module1_login_test.PBTC1FullNameVerificationTest.InvokBrowser(PBTC1FullNameVerificationTest.java:33)
at Module1_login_test.PBTC1FullNameVerificationTest.InvokBrowser(PBTC1FullNameVerificationTest.java:33)
at Module1_login_test.PBTC1FullNameVerificationTest.InvokBrowser(PBTC1FullNameVerificationTest.java:33)
at Module1_login_test.PBTC1FullNameVerificationTest.InvokBrowser(PBTC1FullNameVerificationTest.java:33)
at Module1_login_test.PBTC1FullNameVerificationTest.InvokBrowser(PBTC1FullNameVerificationTest.java:33)
at Module1_login_test.PBTC1FullNameVerificationTest.InvokBrowser(PBTC1FullNameVerificationTest.java:33)
at Module1_login_test.PBTC1FullNameVerificationTest.InvokBrowser(PBTC1FullNameVerificationTest.java:33)
at Module1_login_test.PBTC1FullNameVerificationTest.InvokBrowser(PBTC1FullNameVerificationTest.java:33)
at Module1_login_test.PBTC1FullNameVerificationTest.InvokBrowser(PBTC1FullNameVerificationTest.java:33)
at Module1_login_test.PBTC1FullNameVerificationTest.InvokBrowser(PBTC1FullNameVerificationTest.java:33)
at Module1_login_test.PBTC1FullNameVerificationTest.InvokBrowser(PBTC1FullNameVerificationTest.java:33)
at Module1_login_test.PBTC1FullNameVerificationTest.InvokBrowser(PBTC1FullNameVerificationTest.java:33)
at Module1_login_test.PBTC1FullNameVerificationTest.InvokBrowser(PBTC1FullNameVerificationTest.java:33)
at Module1_login_test.PBTC1FullNameVerificationTest.InvokBrowser(PBTC1FullNameVerificationTest.java:33)
at Module1_login_test.PBTC1FullNameVerificationTest.InvokBrowser(PBTC1FullNameVerificationTest.java:33)
at Module1_login_test.PBTC1FullNameVerificationTest.InvokBrowser(PBTC1FullNameVerificationTest.java:33)
at Module1_login_test.PBTC1FullNameVerificationTest.InvokBrowser(PBTC1FullNameVerificationTest.java:33)
at Module1_login_test.PBTC1FullNameVerificationTest.InvokBrowser(PBTC1FullNameVerificationTest.java:33)
at Module1_login_test.PBTC1FullNameVerificationTest.InvokBrowser(PBTC1FullNameVerificationTest.java:33)
at Module1_login_test.PBTC1FullNameVerificationTest.InvokBrowser(PBTC1FullNameVerificationTest.java:33)
at Module1_login_test.PBTC1FullNameVerificationTest.InvokBrowser(PBTC1FullNameVerificationTest.java:33)
at Module1_login_test.PBTC1FullNameVerificationTest.InvokBrowser(PBTC1FullNameVerificationTest.java:33)
at Module1_login_test.PBTC1FullNameVerificationTest.InvokBrowser(PBTC1FullNameVerificationTest.java:33)
at Module1_login_test.PBTC1FullNameVerificationTest.InvokBrowser(PBTC1FullNameVerificationTest.java:33)
at Module1_login_test.PBTC1FullNameVerificationTest.InvokBrowser(PBTC1FullNameVerificationTest.java:33)
at Module1_login_test.PBTC1FullNameVerificationTest.InvokBrowser(PBTC1FullNameVerificationTest.java:33)
at Module1_login_test.PBTC1FullNameVerificationTest.InvokBrowser(PBTC1FullNameVerificationTest.java:33)
at Module1_login_test.PBTC1FullNameVerificationTest.InvokBrowser(PBTC1FullNameVerificationTest.java:33)
at Module1_login_test.PBTC1FullNameVerificationTest.InvokBrowser(PBTC1FullNameVerificationTest.java:33)
at Module1_login_test.PBTC1FullNameVerificationTest.InvokBrowser(PBTC1FullNameVerificationTest.java:33)
at Module1_login_test.PBTC1FullNameVerificationTest.InvokBrowser(PBTC1FullNameVerificationTest.java:33)
at Module1_login_test.PBTC1FullNameVerificationTest.InvokBrowser(PBTC1FullNameVerificationTest.java:33)
at Module1_login_test.PBTC1FullNameVerificationTest.InvokBrowser(PBTC1FullNameVerificationTest.java:33)
at Module1_login_test.PBTC1FullNameVerificationTest.InvokBrowser(PBTC1FullNameVerificationTest.java:33)
at Module1_login_test.PBTC1FullNameVerificationTest.InvokBrowser(PBTC1FullNameVerificationTest.java:33)
at Module1_login_test.PBTC1FullNameVerificationTest.InvokBrowser(PBTC1FullNameVerificationTest.java:33)
at Module1_login_test.PBTC1FullNameVerificationTest.InvokBrowser(PBTC1FullNameVerificationTest.java:33)
at Module1_login_test.PBTC1FullNameVerificationTest.InvokBrowser(PBTC1FullNameVerificationTest.java:33)
at Module1_login_test.PBTC1FullNameVerificationTest.InvokBrowser(PBTC1FullNameVerificationTest.java:33)
at Module1_login_test.PBTC1FullNameVerificationTest.InvokBrowser(PBTC1FullNameVerificationTest.java:33)
at Module1_login_test.PBTC1FullNameVerificationTest.InvokBrowser(PBTC1FullNameVerificationTest.java:33)
at Module1_login_test.PBTC1FullNameVerificationTest.InvokBrowser(PBTC1FullNameVerificationTest.java:33)
at Module1_login_test.PBTC1FullNameVerificationTest.InvokBrowser(PBTC1FullNameVerificationTest.java:33)
at Module1_login_test.PBTC1FullNameVerificationTest.InvokBrowser(PBTC1FullNameVerificationTest.java:33)
at Module1_login_test.PBTC1FullNameVerificationTest.InvokBrowser(PBTC1FullNameVerificationTest.java:33)
at Module1_login_test.PBTC1FullNameVerificationTest.InvokBrowser(PBTC1FullNameVerificationTest.java:33)
at Module1_login_test.PBTC1FullNameVerificationTest.InvokBrowser(PBTC1FullNameVerificationTest.java:33)
at Module1_login_test.PBTC1FullNameVerificationTest.InvokBrowser(PBTC1FullNameVerificationTest.java:33)
at Module1_login_test.PBTC1FullNameVerificationTest.InvokBrowser(PBTC1FullNameVerificationTest.java:33)
at Module1_login_test.PBTC1FullNameVerificationTest.InvokBrowser(PBTC1FullNameVerificationTest.java:33)
at Module1_login_test.PBTC1FullNameVerificationTest.InvokBrowser(PBTC1FullNameVerificationTest.java:33)
at Module1_login_test.PBTC1FullNameVerificationTest.InvokBrowser(PBTC1FullNameVerificationTest.java:33)
at Module1_login_test.PBTC1FullNameVerificationTest.InvokBrowser(PBTC1FullNameVerificationTest.java:33)
at Module1_login_test.PBTC1FullNameVerificationTest.InvokBrowser(PBTC1FullNameVerificationTest.java:33)
at Module1_login_test.PBTC1FullNameVerificationTest.InvokBrowser(PBTC1FullNameVerificationTest.java:33)
at Module1_login_test.PBTC1FullNameVerificationTest.InvokBrowser(PBTC1FullNameVerificationTest.java:33)
at Module1_login_test.PBTC1FullNameVerificationTest.InvokBrowser(PBTC1FullNameVerificationTest.java:33)
at Module1_login_test.PBTC1FullNameVerificationTest.InvokBrowser(PBTC1FullNameVerificationTest.java:33)
at Module1_login_test.PBTC1FullNameVerificationTest.InvokBrowser(PBTC1FullNameVerificationTest.java:33)
at Module1_login_test.PBTC1FullNameVerificationTest.InvokBrowser(PBTC1FullNameVerificationTest.java:33)
at Module1_login_test.PBTC1FullNameVerificationTest.InvokBrowser(PBTC1FullNameVerificationTest.java:33)
at Module1_login_test.PBTC1FullNameVerificationTest.InvokBrowser(PBTC1FullNameVerificationTest.java:33)
at Module1_login_test.PBTC1FullNameVerificationTest.InvokBrowser(PBTC1FullNameVerificationTest.java:33)
at Module1_login_test.PBTC1FullNameVerificationTest.InvokBrowser(PBTC1FullNameVerificationTest.java:33)
at Module1_login_test.PBTC1FullNameVerificationTest.InvokBrowser(PBTC1FullNameVerificationTest.java:33)
at Module1_login_test.PBTC1FullNameVerificationTest.InvokBrowser(PBTC1FullNameVerificationTest.java:33)
at Module1_login_test.PBTC1FullNameVerificationTest.InvokBrowser(PBTC1FullNameVerificationTest.java:33)
at Module1_login_test.PBTC1FullNameVerificationTest.InvokBrowser(PBTC1FullNameVerificationTest.java:33)
at Module1_login_test.PBTC1FullNameVerificationTest.InvokBrowser(PBTC1FullNameVerificationTest.java:33)
at Module1_login_test.PBTC1FullNameVerificationTest.InvokBrowser(PBTC1FullNameVerificationTest.java:33)
at Module1_login_test.PBTC1FullNameVerificationTest.InvokBrowser(PBTC1FullNameVerificationTest.java:33)
at Module1_login_test.PBTC1FullNameVerificationTest.InvokBrowser(PBTC1FullNameVerificationTest.java:33)
at Module1_login_test.PBTC1FullNameVerificationTest.InvokBrowser(PBTC1FullNameVerificationTest.java:33)
at Module1_login_test.PBTC1FullNameVerificationTest.InvokBrowser(PBTC1FullNameVerificationTest.java:33)
at Module1_login_test.PBTC1FullNameVerificationTest.InvokBrowser(PBTC1FullNameVerificationTest.java:33)
at Module1_login_test.PBTC1FullNameVerificationTest.InvokBrowser(PBTC1FullNameVerificationTest.java:33)
at Module1_login_test.PBTC1FullNameVerificationTest.InvokBrowser(PBTC1FullNameVerificationTest.java:33)
at Module1_login_test.PBTC1FullNameVerificationTest.InvokBrowser(PBTC1FullNameVerificationTest.java:33)
at Module1_login_test.PBTC1FullNameVerificationTest.InvokBrowser(PBTC1FullNameVerificationTest.java:33)
at Module1_login_test.PBTC1FullNameVerificationTest.InvokBrowser(PBTC1FullNameVerificationTest.java:33)
at Module1_login_test.PBTC1FullNameVerificationTest.InvokBrowser(PBTC1FullNameVerificationTest.java:33)
at Module1_login_test.PBTC1FullNameVerificationTest.InvokBrowser(PBTC1FullNameVerificationTest.java:33)
at Module1_login_test.PBTC1FullNameVerificationTest.InvokBrowser(PBTC1FullNameVerificationTest.java:33)
at Module1_login_test.PBTC1FullNameVerificationTest.InvokBrowser(PBTC1FullNameVerificationTest.java:33)
at Module1_login_test.PBTC1FullNameVerificationTest.InvokBrowser(PBTC1FullNameVerificationTest.java:33)
at Module1_login_test.PBTC1FullNameVerificationTest.InvokBrowser(PBTC1FullNameVerificationTest.java:33)
at Module1_login_test.PBTC1FullNameVerificationTest.InvokBrowser(PBTC1FullNameVerificationTest.java:33)
at Module1_login_test.PBTC1FullNameVerificationTest.InvokBrowser(PBTC1FullNameVerificationTest.java:33)
at Module1_login_test.PBTC1FullNameVerificationTest.InvokBrowser(PBTC1FullNameVerificationTest.java:33)
at Module1_login_test.PBTC1FullNameVerificationTest.InvokBrowser(PBTC1FullNameVerificationTest.java:33)
at Module1_login_test.PBTC1FullNameVerificationTest.InvokBrowser(PBTC1FullNameVerificationTest.java:33)
at Module1_login_test.PBTC1FullNameVerificationTest.InvokBrowser(PBTC1FullNameVerificationTest.java:33)
at Module1_login_test.PBTC1FullNameVerificationTest.InvokBrowser(PBTC1FullNameVerificationTest.java:33)
at Module1_login_test.PBTC1FullNameVerificationTest.InvokBrowser(PBTC1FullNameVerificationTest.java:33)
at Module1_login_test.PBTC1FullNameVerificationTest.InvokBrowser(PBTC1FullNameVerificationTest.java:33)
at Module1_login_test.PBTC1FullNameVerificationTest.InvokBrowser(PBTC1FullNameVerificationTest.java:33)
at Module1_login_test.PBTC1FullNameVerificationTest.InvokBrowser(PBTC1FullNameVerificationTest.java:33)
at Module1_login_test.PBTC1FullNameVerificationTest.InvokBrowser(PBTC1FullNameVerificationTest.java:33)
at Module1_login_test.PBTC1FullNameVerificationTest.InvokBrowser(PBTC1FullNameVerificationTest.java:33)
at Module1_login_test.PBTC1FullNameVerificationTest.InvokBrowser(PBTC1FullNameVerificationTest.java:33)
at Module1_login_test.PBTC1FullNameVerificationTest.InvokBrowser(PBTC1FullNameVerificationTest.java:33)
at Module1_login_test.PBTC1FullNameVerificationTest.InvokBrowser(PBTC1FullNameVerificationTest.java:33)
at Module1_login_test.PBTC1FullNameVerificationTest.InvokBrowser(PBTC1FullNameVerificationTest.java:33)
at Module1_login_test.PBTC1FullNameVerificationTest.InvokBrowser(PBTC1FullNameVerificationTest.java:33)
at Module1_login_test.PBTC1FullNameVerificationTest.InvokBrowser(PBTC1FullNameVerificationTest.java:33)
at Module1_login_test.PBTC1FullNameVerificationTest.InvokBrowser(PBTC1FullNameVerificationTest.java:33)
at Module1_login_test.PBTC1FullNameVerificationTest.InvokBrowser(PBTC1FullNameVerificationTest.java:33)
at Module1_login_test.PBTC1FullNameVerificationTest.InvokBrowser(PBTC1FullNameVerificationTest.java:33)
at Module1_login_test.PBTC1FullNameVerificationTest.InvokBrowser(PBTC1FullNameVerificationTest.java:33)
at Module1_login_test.PBTC1FullNameVerificationTest.InvokBrowser(PBTC1FullNameVerificationTest.java:33)
at Module1_login_test.PBTC1FullNameVerificationTest.InvokBrowser(PBTC1FullNameVerificationTest.java:33)
at Module1_login_test.PBTC1FullNameVerificationTest.InvokBrowser(PBTC1FullNameVerificationTest.java:33)
at Module1_login_test.PBTC1FullNameVerificationTest.InvokBrowser(PBTC1FullNameVerificationTest.java:33)
at Module1_login_test.PBTC1FullNameVerificationTest.InvokBrowser(PBTC1FullNameVerificationTest.java:33)
at Module1_login_test.PBTC1FullNameVerificationTest.InvokBrowser(PBTC1FullNameVerificationTest.java:33)
at Module1_login_test.PBTC1FullNameVerificationTest.InvokBrowser(PBTC1FullNameVerificationTest.java:33)
at Module1_login_test.PBTC1FullNameVerificationTest.InvokBrowser(PBTC1FullNameVerificationTest.java:33)
at Module1_login_test.PBTC1FullNameVerificationTest.InvokBrowser(PBTC1FullNameVerificationTest.java:33)
at Module1_login_test.PBTC1FullNameVerificationTest.InvokBrowser(PBTC1FullNameVerificationTest.java:33)
at Module1_login_test.PBTC1FullNameVerificationTest.InvokBrowser(PBTC1FullNameVerificationTest.java:33)
at Module1_login_test.PBTC1FullNameVerificationTest.InvokBrowser(PBTC1FullNameVerificationTest.java:33)
at Module1_login_test.PBTC1FullNameVerificationTest.InvokBrowser(PBTC1FullNameVerificationTest.java:33)
at Module1_login_test.PBTC1FullNameVerificationTest.InvokBrowser(PBTC1FullNameVerificationTest.java:33)
at Module1_login_test.PBTC1FullNameVerificationTest.InvokBrowser(PBTC1FullNameVerificationTest.java:33)
at Module1_login_test.PBTC1FullNameVerificationTest.InvokBrowser(PBTC1FullNameVerificationTest.java:33)
at Module1_login_test.PBTC1FullNameVerificationTest.InvokBrowser(PBTC1FullNameVerificationTest.java:33)
at Module1_login_test.PBTC1FullNameVerificationTest.InvokBrowser(PBTC1FullNameVerificationTest.java:33)
at Module1_login_test.PBTC1FullNameVerificationTest.InvokBrowser(PBTC1FullNameVerificationTest.java:33)
at Module1_login_test.PBTC1FullNameVerificationTest.InvokBrowser(PBTC1FullNameVerificationTest.java:33)
at Module1_login_test.PBTC1FullNameVerificationTest.InvokBrowser(PBTC1FullNameVerificationTest.java:33)
at Module1_login_test.PBTC1FullNameVerificationTest.InvokBrowser(PBTC1FullNameVerificationTest.java:33)
at Module1_login_test.PBTC1FullNameVerificationTest.InvokBrowser(PBTC1FullNameVerificationTest.java:33)
at Module1_login_test.PBTC1FullNameVerificationTest.InvokBrowser(PBTC1FullNameVerificationTest.java:33)
at Module1_login_test.PBTC1FullNameVerificationTest.InvokBrowser(PBTC1FullNameVerificationTest.java:33)
at Module1_login_test.PBTC1FullNameVerificationTest.InvokBrowser(PBTC1FullNameVerificationTest.java:33)
at Module1_login_test.PBTC1FullNameVerificationTest.InvokBrowser(PBTC1FullNameVerificationTest.java:33)
at Module1_login_test.PBTC1FullNameVerificationTest.InvokBrowser(PBTC1FullNameVerificationTest.java:33)
at Module1_login_test.PBTC1FullNameVerificationTest.InvokBrowser(PBTC1FullNameVerificationTest.java:33)
at Module1_login_test.PBTC1FullNameVerificationTest.InvokBrowser(PBTC1FullNameVerificationTest.java:33)
at Module1_login_test.PBTC1FullNameVerificationTest.InvokBrowser(PBTC1FullNameVerificationTest.java:33)
at Module1_login_test.PBTC1FullNameVerificationTest.InvokBrowser(PBTC1FullNameVerificationTest.java:33)
at Module1_login_test.PBTC1FullNameVerificationTest.InvokBrowser(PBTC1FullNameVerificationTest.java:33)
at Module1_login_test.PBTC1FullNameVerificationTest.InvokBrowser(PBTC1FullNameVerificationTest.java:33)
at Module1_login_test.PBTC1FullNameVerificationTest.InvokBrowser(PBTC1FullNameVerificationTest.java:33)
at Module1_login_test.PBTC1FullNameVerificationTest.InvokBrowser(PBTC1FullNameVerificationTest.java:33)
at Module1_login_test.PBTC1FullNameVerificationTest.InvokBrowser(PBTC1FullNameVerificationTest.java:33)
at Module1_login_test.PBTC1FullNameVerificationTest.InvokBrowser(PBTC1FullNameVerificationTest.java:33)
at Module1_login_test.PBTC1FullNameVerificationTest.InvokBrowser(PBTC1FullNameVerificationTest.java:33)
at Module1_login_test.PBTC1FullNameVerificationTest.InvokBrowser(PBTC1FullNameVerificationTest.java:33)
at Module1_login_test.PBTC1FullNameVerificationTest.InvokBrowser(PBTC1FullNameVerificationTest.java:33)
at Module1_login_test.PBTC1FullNameVerificationTest.InvokBrowser(PBTC1FullNameVerificationTest.java:33)
at Module1_login_test.PBTC1FullNameVerificationTest.InvokBrowser(PBTC1FullNameVerificationTest.java:33)
at Module1_login_test.PBTC1FullNameVerificationTest.InvokBrowser(PBTC1FullNameVerificationTest.java:33)
at Module1_login_test.PBTC1FullNameVerificationTest.InvokBrowser(PBTC1FullNameVerificationTest.java:33)
at Module1_login_test.PBTC1FullNameVerificationTest.InvokBrowser(PBTC1FullNameVerificationTest.java:33)
at Module1_login_test.PBTC1FullNameVerificationTest.InvokBrowser(PBTC1FullNameVerificationTest.java:33)
at Module1_login_test.PBTC1FullNameVerificationTest.InvokBrowser(PBTC1FullNameVerificationTest.java:33)
at Module1_login_test.PBTC1FullNameVerificationTest.InvokBrowser(PBTC1FullNameVerificationTest.java:33)
at Module1_login_test.PBTC1FullNameVerificationTest.InvokBrowser(PBTC1FullNameVerificationTest.java:33)
at Module1_login_test.PBTC1FullNameVerificationTest.InvokBrowser(PBTC1FullNameVerificationTest.java:33)
at Module1_login_test.PBTC1FullNameVerificationTest.InvokBrowser(PBTC1FullNameVerificationTest.java:33)
at Module1_login_test.PBTC1FullNameVerificationTest.InvokBrowser(PBTC1FullNameVerificationTest.java:33)
at Module1_login_test.PBTC1FullNameVerificationTest.InvokBrowser(PBTC1FullNameVerificationTest.java:33)
at Module1_login_test.PBTC1FullNameVerificationTest.InvokBrowser(PBTC1FullNameVerificationTest.java:33)
at Module1_login_test.PBTC1FullNameVerificationTest.InvokBrowser(PBTC1FullNameVerificationTest.java:33)
at Module1_login_test.PBTC1FullNameVerificationTest.InvokBrowser(PBTC1FullNameVerificationTest.java:33)
at Module1_login_test.PBTC1FullNameVerificationTest.InvokBrowser(PBTC1FullNameVerificationTest.java:33)
at Module1_login_test.PBTC1FullNameVerificationTest.InvokBrowser(PBTC1FullNameVerificationTest.java:33)
at Module1_login_test.PBTC1FullNameVerificationTest.InvokBrowser(PBTC1FullNameVerificationTest.java:33)
at Module1_login_test.PBTC1FullNameVerificationTest.InvokBrowser(PBTC1FullNameVerificationTest.java:33)
at Module1_login_test.PBTC1FullNameVerificationTest.InvokBrowser(PBTC1FullNameVerificationTest.java:33)
at Module1_login_test.PBTC1FullNameVerificationTest.InvokBrowser(PBTC1FullNameVerificationTest.java:33)
at Module1_login_test.PBTC1FullNameVerificationTest.InvokBrowser(PBTC1FullNameVerificationTest.java:33)
at Module1_login_test.PBTC1FullNameVerificationTest.InvokBrowser(PBTC1FullNameVerificationTest.java:33)
at Module1_login_test.PBTC1FullNameVerificationTest.InvokBrowser(PBTC1FullNameVerificationTest.java:33)
at Module1_login_test.PBTC1FullNameVerificationTest.InvokBrowser(PBTC1FullNameVerificationTest.java:33)
at Module1_login_test.PBTC1FullNameVerificationTest.InvokBrowser(PBTC1FullNameVerificationTest.java:33)
at Module1_login_test.PBTC1FullNameVerificationTest.InvokBrowser(PBTC1FullNameVerificationTest.java:33)
at Module1_login_test.PBTC1FullNameVerificationTest.InvokBrowser(PBTC1FullNameVerificationTest.java:33)
at Module1_login_test.PBTC1FullNameVerificationTest.InvokBrowser(PBTC1FullNameVerificationTest.java:33)
at Module1_login_test.PBTC1FullNameVerificationTest.InvokBrowser(PBTC1FullNameVerificationTest.java:33)
at Module1_login_test.PBTC1FullNameVerificationTest.InvokBrowser(PBTC1FullNameVerificationTest.java:33)
at Module1_login_test.PBTC1FullNameVerificationTest.InvokBrowser(PBTC1FullNameVerificationTest.java:33)
at Module1_login_test.PBTC1FullNameVerificationTest.InvokBrowser(PBTC1FullNameVerificationTest.java:33)
at Module1_login_test.PBTC1FullNameVerificationTest.InvokBrowser(PBTC1FullNameVerificationTest.java:33)
at Module1_login_test.PBTC1FullNameVerificationTest.InvokBrowser(PBTC1FullNameVerificationTest.java:33)
at Module1_login_test.PBTC1FullNameVerificationTest.InvokBrowser(PBTC1FullNameVerificationTest.java:33)
at Module1_login_test.PBTC1FullNameVerificationTest.InvokBrowser(PBTC1FullNameVerificationTest.java:33)
at Module1_login_test.PBTC1FullNameVerificationTest.InvokBrowser(PBTC1FullNameVerificationTest.java:33)
at Module1_login_test.PBTC1FullNameVerificationTest.InvokBrowser(PBTC1FullNameVerificationTest.java:33)
at Module1_login_test.PBTC1FullNameVerificationTest.InvokBrowser(PBTC1FullNameVerificationTest.java:33)
at Module1_login_test.PBTC1FullNameVerificationTest.InvokBrowser(PBTC1FullNameVerificationTest.java:33)
at Module1_login_test.PBTC1FullNameVerificationTest.InvokBrowser(PBTC1FullNameVerificationTest.java:33)
at Module1_login_test.PBTC1FullNameVerificationTest.InvokBrowser(PBTC1FullNameVerificationTest.java:33)
at Module1_login_test.PBTC1FullNameVerificationTest.InvokBrowser(PBTC1FullNameVerificationTest.java:33)
at Module1_login_test.PBTC1FullNameVerificationTest.InvokBrowser(PBTC1FullNameVerificationTest.java:33)
at Module1_login_test.PBTC1FullNameVerificationTest.InvokBrowser(PBTC1FullNameVerificationTest.java:33)
at Module1_login_test.PBTC1FullNameVerificationTest.InvokBrowser(PBTC1FullNameVerificationTest.java:33)
at Module1_login_test.PBTC1FullNameVerificationTest.InvokBrowser(PBTC1FullNameVerificationTest.java:33)
at Module1_login_test.PBTC1FullNameVerificationTest.InvokBrowser(PBTC1FullNameVerificationTest.java:33)
at Module1_login_test.PBTC1FullNameVerificationTest.InvokBrowser(PBTC1FullNameVerificationTest.java:33)
at Module1_login_test.PBTC1FullNameVerificationTest.InvokBrowser(PBTC1FullNameVerificationTest.java:33)
at Module1_login_test.PBTC1FullNameVerificationTest.InvokBrowser(PBTC1FullNameVerificationTest.java:33)
at Module1_login_test.PBTC1FullNameVerificationTest.InvokBrowser(PBTC1FullNameVerificationTest.java:33)
at Module1_login_test.PBTC1FullNameVerificationTest.InvokBrowser(PBTC1FullNameVerificationTest.java:33)
at Module1_login_test.PBTC1FullNameVerificationTest.InvokBrowser(PBTC1FullNameVerificationTest.java:33)
at Module1_login_test.PBTC1FullNameVerificationTest.InvokBrowser(PBTC1FullNameVerificationTest.java:33)
at Module1_login_test.PBTC1FullNameVerificationTest.InvokBrowser(PBTC1FullNameVerificationTest.java:33)
at Module1_login_test.PBTC1FullNameVerificationTest.InvokBrowser(PBTC1FullNameVerificationTest.java:33)
at Module1_login_test.PBTC1FullNameVerificationTest.InvokBrowser(PBTC1FullNameVerificationTest.java:33)
at Module1_login_test.PBTC1FullNameVerificationTest.InvokBrowser(PBTC1FullNameVerificationTest.java:33)
at Module1_login_test.PBTC1FullNameVerificationTest.InvokBrowser(PBTC1FullNameVerificationTest.java:33)
at Module1_login_test.PBTC1FullNameVerificationTest.InvokBrowser(PBTC1FullNameVerificationTest.java:33)
at Module1_login_test.PBTC1FullNameVerificationTest.InvokBrowser(PBTC1FullNameVerificationTest.java:33)
at Module1_login_test.PBTC1FullNameVerificationTest.InvokBrowser(PBTC1FullNameVerificationTest.java:33)
at Module1_login_test.PBTC1FullNameVerificationTest.InvokBrowser(PBTC1FullNameVerificationTest.java:33)
at Module1_login_test.PBTC1FullNameVerificationTest.InvokBrowser(PBTC1FullNameVerificationTest.java:33)
at Module1_login_test.PBTC1FullNameVerificationTest.InvokBrowser(PBTC1FullNameVerificationTest.java:33)
at Module1_login_test.PBTC1FullNameVerificationTest.InvokBrowser(PBTC1FullNameVerificationTest.java:33)
at Module1_login_test.PBTC1FullNameVerificationTest.InvokBrowser(PBTC1FullNameVerificationTest.java:33)
at Module1_login_test.PBTC1FullNameVerificationTest.InvokBrowser(PBTC1FullNameVerificationTest.java:33)
at Module1_login_test.PBTC1FullNameVerificationTest.InvokBrowser(PBTC1FullNameVerificationTest.java:33)
at Module1_login_test.PBTC1FullNameVerificationTest.InvokBrowser(PBTC1FullNameVerificationTest.java:33)
at Module1_login_test.PBTC1FullNameVerificationTest.InvokBrowser(PBTC1FullNameVerificationTest.java:33)
at Module1_login_test.PBTC1FullNameVerificationTest.InvokBrowser(PBTC1FullNameVerificationTest.java:33)
at Module1_login_test.PBTC1FullNameVerificationTest.InvokBrowser(PBTC1FullNameVerificationTest.java:33)
at Module1_login_test.PBTC1FullNameVerificationTest.InvokBrowser(PBTC1FullNameVerificationTest.java:33)
at Module1_login_test.PBTC1FullNameVerificationTest.InvokBrowser(PBTC1FullNameVerificationTest.java:33)
at Module1_login_test.PBTC1FullNameVerificationTest.InvokBrowser(PBTC1FullNameVerificationTest.java:33)
at Module1_login_test.PBTC1FullNameVerificationTest.InvokBrowser(PBTC1FullNameVerificationTest.java:33)
at Module1_login_test.PBTC1FullNameVerificationTest.InvokBrowser(PBTC1FullNameVerificationTest.java:33)
at Module1_login_test.PBTC1FullNameVerificationTest.InvokBrowser(PBTC1FullNameVerificationTest.java:33)
at Module1_login_test.PBTC1FullNameVerificationTest.InvokBrowser(PBTC1FullNameVerificationTest.java:33)
at Module1_login_test.PBTC1FullNameVerificationTest.InvokBrowser(PBTC1FullNameVerificationTest.java:33)
at Module1_login_test.PBTC1FullNameVerificationTest.InvokBrowser(PBTC1FullNameVerificationTest.java:33)
at Module1_login_test.PBTC1FullNameVerificationTest.InvokBrowser(PBTC1FullNameVerificationTest.java:33)
at Module1_login_test.PBTC1FullNameVerificationTest.InvokBrowser(PBTC1FullNameVerificationTest.java:33)
at Module1_login_test.PBTC1FullNameVerificationTest.InvokBrowser(PBTC1FullNameVerificationTest.java:33)
at Module1_login_test.PBTC1FullNameVerificationTest.InvokBrowser(PBTC1FullNameVerificationTest.java:33)
at Module1_login_test.PBTC1FullNameVerificationTest.InvokBrowser(PBTC1FullNameVerificationTest.java:33)
at Module1_login_test.PBTC1FullNameVerificationTest.InvokBrowser(PBTC1FullNameVerificationTest.java:33)
at Module1_login_test.PBTC1FullNameVerificationTest.InvokBrowser(PBTC1FullNameVerificationTest.java:33)
at Module1_login_test.PBTC1FullNameVerificationTest.InvokBrowser(PBTC1FullNameVerificationTest.java:33)
at Module1_login_test.PBTC1FullNameVerificationTest.InvokBrowser(PBTC1FullNameVerificationTest.java:33)
at Module1_login_test.PBTC1FullNameVerificationTest.InvokBrowser(PBTC1FullNameVerificationTest.java:33)
at Module1_login_test.PBTC1FullNameVerificationTest.InvokBrowser(PBTC1FullNameVerificationTest.java:33)
at Module1_login_test.PBTC1FullNameVerificationTest.InvokBrowser(PBTC1FullNameVerificationTest.java:33)
at Module1_login_test.PBTC1FullNameVerificationTest.InvokBrowser(PBTC1FullNameVerificationTest.java:33)
at Module1_login_test.PBTC1FullNameVerificationTest.InvokBrowser(PBTC1FullNameVerificationTest.java:33)
at Module1_login_test.PBTC1FullNameVerificationTest.InvokBrowser(PBTC1FullNameVerificationTest.java:33)
at Module1_login_test.PBTC1FullNameVerificationTest.InvokBrowser(PBTC1FullNameVerificationTest.java:33)
at Module1_login_test.PBTC1FullNameVerificationTest.InvokBrowser(PBTC1FullNameVerificationTest.java:33)
at Module1_login_test.PBTC1FullNameVerificationTest.InvokBrowser(PBTC1FullNameVerificationTest.java:33)
at Module1_login_test.PBTC1FullNameVerificationTest.InvokBrowser(PBTC1FullNameVerificationTest.java:33)
at Module1_login_test.PBTC1FullNameVerificationTest.InvokBrowser(PBTC1FullNameVerificationTest.java:33)
at Module1_login_test.PBTC1FullNameVerificationTest.InvokBrowser(PBTC1FullNameVerificationTest.java:33)
at Module1_login_test.PBTC1FullNameVerificationTest.InvokBrowser(PBTC1FullNameVerificationTest.java:33)
at Module1_login_test.PBTC1FullNameVerificationTest.InvokBrowser(PBTC1FullNameVerificationTest.java:33)
at Module1_login_test.PBTC1FullNameVerificationTest.InvokBrowser(PBTC1FullNameVerificationTest.java:33)
at Module1_login_test.PBTC1FullNameVerificationTest.InvokBrowser(PBTC1FullNameVerificationTest.java:33)
at Module1_login_test.PBTC1FullNameVerificationTest.InvokBrowser(PBTC1FullNameVerificationTest.java:33)
at Module1_login_test.PBTC1FullNameVerificationTest.InvokBrowser(PBTC1FullNameVerificationTest.java:33)
at Module1_login_test.PBTC1FullNameVerificationTest.InvokBrowser(PBTC1FullNameVerificationTest.java:33)
at Module1_login_test.PBTC1FullNameVerificationTest.InvokBrowser(PBTC1FullNameVerificationTest.java:33)
at Module1_login_test.PBTC1FullNameVerificationTest.InvokBrowser(PBTC1FullNameVerificationTest.java:33)
at Module1_login_test.PBTC1FullNameVerificationTest.InvokBrowser(PBTC1FullNameVerificationTest.java:33)
at Module1_login_test.PBTC1FullNameVerificationTest.InvokBrowser(PBTC1FullNameVerificationTest.java:33)
at Module1_login_test.PBTC1FullNameVerificationTest.InvokBrowser(PBTC1FullNameVerificationTest.java:33)
at Module1_login_test.PBTC1FullNameVerificationTest.InvokBrowser(PBTC1FullNameVerificationTest.java:33)
at Module1_login_test.PBTC1FullNameVerificationTest.InvokBrowser(PBTC1FullNameVerificationTest.java:33)
at Module1_login_test.PBTC1FullNameVerificationTest.InvokBrowser(PBTC1FullNameVerificationTest.java:33)
at Module1_login_test.PBTC1FullNameVerificationTest.InvokBrowser(PBTC1FullNameVerificationTest.java:33)
at Module1_login_test.PBTC1FullNameVerificationTest.InvokBrowser(PBTC1FullNameVerificationTest.java:33)
at Module1_login_test.PBTC1FullNameVerificationTest.InvokBrowser(PBTC1FullNameVerificationTest.java:33)
at Module1_login_test.PBTC1FullNameVerificationTest.InvokBrowser(PBTC1FullNameVerificationTest.java:33)
at Module1_login_test.PBTC1FullNameVerificationTest.InvokBrowser(PBTC1FullNameVerificationTest.java:33)
at Module1_login_test.PBTC1FullNameVerificationTest.InvokBrowser(PBTC1FullNameVerificationTest.java:33)
at Module1_login_test.PBTC1FullNameVerificationTest.InvokBrowser(PBTC1FullNameVerificationTest.java:33)
at Module1_login_test.PBTC1FullNameVerificationTest.InvokBrowser(PBTC1FullNameVerificationTest.java:33)
at Module1_login_test.PBTC1FullNameVerificationTest.InvokBrowser(PBTC1FullNameVerificationTest.java:33)
at Module1_login_test.PBTC1FullNameVerificationTest.InvokBrowser(PBTC1FullNameVerificationTest.java:33)
at Module1_login_test.PBTC1FullNameVerificationTest.InvokBrowser(PBTC1FullNameVerificationTest.java:33)
at Module1_login_test.PBTC1FullNameVerificationTest.InvokBrowser(PBTC1FullNameVerificationTest.java:33)
at Module1_login_test.PBTC1FullNameVerificationTest.InvokBrowser(PBTC1FullNameVerificationTest.java:33)
at Module1_login_test.PBTC1FullNameVerificationTest.InvokBrowser(PBTC1FullNameVerificationTest.java:33)
at Module1_login_test.PBTC1FullNameVerificationTest.InvokBrowser(PBTC1FullNameVerificationTest.java:33)
at Module1_login_test.PBTC1FullNameVerificationTest.InvokBrowser(PBTC1FullNameVerificationTest.java:33)
at Module1_login_test.PBTC1FullNameVerificationTest.InvokBrowser(PBTC1FullNameVerificationTest.java:33)
at Module1_login_test.PBTC1FullNameVerificationTest.InvokBrowser(PBTC1FullNameVerificationTest.java:33)
at Module1_login_test.PBTC1FullNameVerificationTest.InvokBrowser(PBTC1FullNameVerificationTest.java:33)
at Module1_login_test.PBTC1FullNameVerificationTest.InvokBrowser(PBTC1FullNameVerificationTest.java:33)
at Module1_login_test.PBTC1FullNameVerificationTest.InvokBrowser(PBTC1FullNameVerificationTest.java:33)
at Module1_login_test.PBTC1FullNameVerificationTest.InvokBrowser(PBTC1FullNameVerificationTest.java:33)
at Module1_login_test.PBTC1FullNameVerificationTest.InvokBrowser(PBTC1FullNameVerificationTest.java:33)
at Module1_login_test.PBTC1FullNameVerificationTest.InvokBrowser(PBTC1FullNameVerificationTest.java:33)
at Module1_login_test.PBTC1FullNameVerificationTest.InvokBrowser(PBTC1FullNameVerificationTest.java:33)
at Module1_login_test.PBTC1FullNameVerificationTest.InvokBrowser(PBTC1FullNameVerificationTest.java:33)
at Module1_login_test.PBTC1FullNameVerificationTest.InvokBrowser(PBTC1FullNameVerificationTest.java:33)
at Module1_login_test.PBTC1FullNameVerificationTest.InvokBrowser(PBTC1FullNameVerificationTest.java:33)
at Module1_login_test.PBTC1FullNameVerificationTest.InvokBrowser(PBTC1FullNameVerificationTest.java:33)
at Module1_login_test.PBTC1FullNameVerificationTest.InvokBrowser(PBTC1FullNameVerificationTest.java:33)
at Module1_login_test.PBTC1FullNameVerificationTest.InvokBrowser(PBTC1FullNameVerificationTest.java:33)
at Module1_login_test.PBTC1FullNameVerificationTest.InvokBrowser(PBTC1FullNameVerificationTest.java:33)
at Module1_login_test.PBTC1FullNameVerificationTest.InvokBrowser(PBTC1FullNameVerificationTest.java:33)
at Module1_login_test.PBTC1FullNameVerificationTest.InvokBrowser(PBTC1FullNameVerificationTest.java:33)
at Module1_login_test.PBTC1FullNameVerificationTest.InvokBrowser(PBTC1FullNameVerificationTest.java:33)
at Module1_login_test.PBTC1FullNameVerificationTest.InvokBrowser(PBTC1FullNameVerificationTest.java:33)
at Module1_login_test.PBTC1FullNameVerificationTest.InvokBrowser(PBTC1FullNameVerificationTest.java:33)
at Module1_login_test.PBTC1FullNameVerificationTest.InvokBrowser(PBTC1FullNameVerificationTest.java:33)
at Module1_login_test.PBTC1FullNameVerificationTest.InvokBrowser(PBTC1FullNameVerificationTest.java:33)
at Module1_login_test.PBTC1FullNameVerificationTest.InvokBrowser(PBTC1FullNameVerificationTest.java:33)
at Module1_login_test.PBTC1FullNameVerificationTest.InvokBrowser(PBTC1FullNameVerificationTest.java:33)
at Module1_login_test.PBTC1FullNameVerificationTest.InvokBrowser(PBTC1FullNameVerificationTest.java:33)
at Module1_login_test.PBTC1FullNameVerificationTest.InvokBrowser(PBTC1FullNameVerificationTest.java:33)
at Module1_login_test.PBTC1FullNameVerificationTest.InvokBrowser(PBTC1FullNameVerificationTest.java:33)
at Module1_login_test.PBTC1FullNameVerificationTest.InvokBrowser(PBTC1FullNameVerificationTest.java:33)
at Module1_login_test.PBTC1FullNameVerificationTest.InvokBrowser(PBTC1FullNameVerificationTest.java:33)
at Module1_login_test.PBTC1FullNameVerificationTest.InvokBrowser(PBTC1FullNameVerificationTest.java:33)
at Module1_login_test.PBTC1FullNameVerificationTest.InvokBrowser(PBTC1FullNameVerificationTest.java:33)
at Module1_login_test.PBTC1FullNameVerificationTest.InvokBrowser(PBTC1FullNameVerificationTest.java:33)
at Module1_login_test.PBTC1FullNameVerificationTest.InvokBrowser(PBTC1FullNameVerificationTest.java:33)
at Module1_login_test.PBTC1FullNameVerificationTest.InvokBrowser(PBTC1FullNameVerificationTest.java:33)
at Module1_login_test.PBTC1FullNameVerificationTest.InvokBrowser(PBTC1FullNameVerificationTest.java:33)
at Module1_login_test.PBTC1FullNameVerificationTest.InvokBrowser(PBTC1FullNameVerificationTest.java:33)
at Module1_login_test.PBTC1FullNameVerificationTest.InvokBrowser(PBTC1FullNameVerificationTest.java:33)
at Module1_login_test.PBTC1FullNameVerificationTest.InvokBrowser(PBTC1FullNameVerificationTest.java:33)
at Module1_login_test.PBTC1FullNameVerificationTest.InvokBrowser(PBTC1FullNameVerificationTest.java:33)
at Module1_login_test.PBTC1FullNameVerificationTest.InvokBrowser(PBTC1FullNameVerificationTest.java:33)
at Module1_login_test.PBTC1FullNameVerificationTest.InvokBrowser(PBTC1FullNameVerificationTest.java:33)
at Module1_login_test.PBTC1FullNameVerificationTest.InvokBrowser(PBTC1FullNameVerificationTest.java:33)
at Module1_login_test.PBTC1FullNameVerificationTest.InvokBrowser(PBTC1FullNameVerificationTest.java:33)
at Module1_login_test.PBTC1FullNameVerificationTest.InvokBrowser(PBTC1FullNameVerificationTest.java:33)
at Module1_login_test.PBTC1FullNameVerificationTest.InvokBrowser(PBTC1FullNameVerificationTest.java:33)
at Module1_login_test.PBTC1FullNameVerificationTest.InvokBrowser(PBTC1FullNameVerificationTest.java:33)
at Module1_login_test.PBTC1FullNameVerificationTest.InvokBrowser(PBTC1FullNameVerificationTest.java:33)
at Module1_login_test.PBTC1FullNameVerificationTest.InvokBrowser(PBTC1FullNameVerificationTest.java:33)
at Module1_login_test.PBTC1FullNameVerificationTest.InvokBrowser(PBTC1FullNameVerificationTest.java:33)
at Module1_login_test.PBTC1FullNameVerificationTest.InvokBrowser(PBTC1FullNameVerificationTest.java:33)
at Module1_login_test.PBTC1FullNameVerificationTest.InvokBrowser(PBTC1FullNameVerificationTest.java:33)
at Module1_login_test.PBTC1FullNameVerificationTest.InvokBrowser(PBTC1FullNameVerificationTest.java:33)
at Module1_login_test.PBTC1FullNameVerificationTest.InvokBrowser(PBTC1FullNameVerificationTest.java:33)
at Module1_login_test.PBTC1FullNameVerificationTest.InvokBrowser(PBTC1FullNameVerificationTest.java:33)
at Module1_login_test.PBTC1FullNameVerificationTest.InvokBrowser(PBTC1FullNameVerificationTest.java:33)
at Module1_login_test.PBTC1FullNameVerificationTest.InvokBrowser(PBTC1FullNameVerificationTest.java:33)
at Module1_login_test.PBTC1FullNameVerificationTest.InvokBrowser(PBTC1FullNameVerificationTest.java:33)
at Module1_login_test.PBTC1FullNameVerificationTest.InvokBrowser(PBTC1FullNameVerificationTest.java:33)
at Module1_login_test.PBTC1FullNameVerificationTest.InvokBrowser(PBTC1FullNameVerificationTest.java:33)
at Module1_login_test.PBTC1FullNameVerificationTest.InvokBrowser(PBTC1FullNameVerificationTest.java:33)
at Module1_login_test.PBTC1FullNameVerificationTest.InvokBrowser(PBTC1FullNameVerificationTest.java:33)
at Module1_login_test.PBTC1FullNameVerificationTest.InvokBrowser(PBTC1FullNameVerificationTest.java:33)
at Module1_login_test.PBTC1FullNameVerificationTest.InvokBrowser(PBTC1FullNameVerificationTest.java:33)
at Module1_login_test.PBTC1FullNameVerificationTest.InvokBrowser(PBTC1FullNameVerificationTest.java:33)
at Module1_login_test.PBTC1FullNameVerificationTest.InvokBrowser(PBTC1FullNameVerificationTest.java:33)
at Module1_login_test.PBTC1FullNameVerificationTest.InvokBrowser(PBTC1FullNameVerificationTest.java:33)
at Module1_login_test.PBTC1FullNameVerificationTest.InvokBrowser(PBTC1FullNameVerificationTest.java:33)
at Module1_login_test.PBTC1FullNameVerificationTest.InvokBrowser(PBTC1FullNameVerificationTest.java:33)
at Module1_login_test.PBTC1FullNameVerificationTest.InvokBrowser(PBTC1FullNameVerificationTest.java:33)
at Module1_login_test.PBTC1FullNameVerificationTest.InvokBrowser(PBTC1FullNameVerificationTest.java:33)
at Module1_login_test.PBTC1FullNameVerificationTest.InvokBrowser(PBTC1FullNameVerificationTest.java:33)
at Module1_login_test.PBTC1FullNameVerificationTest.InvokBrowser(PBTC1FullNameVerificationTest.java:33)
at Module1_login_test.PBTC1FullNameVerificationTest.InvokBrowser(PBTC1FullNameVerificationTest.java:33)
at Module1_login_test.PBTC1FullNameVerificationTest.InvokBrowser(PBTC1FullNameVerificationTest.java:33)
at Module1_login_test.PBTC1FullNameVerificationTest.InvokBrowser(PBTC1FullNameVerificationTest.java:33)
at Module1_login_test.PBTC1FullNameVerificationTest.InvokBrowser(PBTC1FullNameVerificationTest.java:33)
at Module1_login_test.PBTC1FullNameVerificationTest.InvokBrowser(PBTC1FullNameVerificationTest.java:33)
at Module1_login_test.PBTC1FullNameVerificationTest.InvokBrowser(PBTC1FullNameVerificationTest.java:33)
at Module1_login_test.PBTC1FullNameVerificationTest.InvokBrowser(PBTC1FullNameVerificationTest.java:33)
at Module1_login_test.PBTC1FullNameVerificationTest.InvokBrowser(PBTC1FullNameVerificationTest.java:33)
at Module1_login_test.PBTC1FullNameVerificationTest.InvokBrowser(PBTC1FullNameVerificationTest.java:33)
at Module1_login_test.PBTC1FullNameVerificationTest.InvokBrowser(PBTC1FullNameVerificationTest.java:33)
at Module1_login_test.PBTC1FullNameVerificationTest.InvokBrowser(PBTC1FullNameVerificationTest.java:33)
at Module1_login_test.PBTC1FullNameVerificationTest.InvokBrowser(PBTC1FullNameVerificationTest.java:33)
at Module1_login_test.PBTC1FullNameVerificationTest.InvokBrowser(PBTC1FullNameVerificationTest.java:33)
at Module1_login_test.PBTC1FullNameVerificationTest.InvokBrowser(PBTC1FullNameVerificationTest.java:33)
at Module1_login_test.PBTC1FullNameVerificationTest.InvokBrowser(PBTC1FullNameVerificationTest.java:33)
at Module1_login_test.PBTC1FullNameVerificationTest.InvokBrowser(PBTC1FullNameVerificationTest.java:33)
at Module1_login_test.PBTC1FullNameVerificationTest.InvokBrowser(PBTC1FullNameVerificationTest.java:33)
at Module1_login_test.PBTC1FullNameVerificationTest.InvokBrowser(PBTC1FullNameVerificationTest.java:33)
at Module1_login_test.PBTC1FullNameVerificationTest.InvokBrowser(PBTC1FullNameVerificationTest.java:33)
at Module1_login_test.PBTC1FullNameVerificationTest.InvokBrowser(PBTC1FullNameVerificationTest.java:33)
at Module1_login_test.PBTC1FullNameVerificationTest.InvokBrowser(PBTC1FullNameVerificationTest.java:33)
at Module1_login_test.PBTC1FullNameVerificationTest.InvokBrowser(PBTC1FullNameVerificationTest.java:33)
at Module1_login_test.PBTC1FullNameVerificationTest.InvokBrowser(PBTC1FullNameVerificationTest.java:33)
at Module1_login_test.PBTC1FullNameVerificationTest.InvokBrowser(PBTC1FullNameVerificationTest.java:33)
at Module1_login_test.PBTC1FullNameVerificationTest.InvokBrowser(PBTC1FullNameVerificationTest.java:33)
at Module1_login_test.PBTC1FullNameVerificationTest.InvokBrowser(PBTC1FullNameVerificationTest.java:33)
at Module1_login_test.PBTC1FullNameVerificationTest.InvokBrowser(PBTC1FullNameVerificationTest.java:33)
at Module1_login_test.PBTC1FullNameVerificationTest.InvokBrowser(PBTC1FullNameVerificationTest.java:33)
at Module1_login_test.PBTC1FullNameVerificationTest.InvokBrowser(PBTC1FullNameVerificationTest.java:33)
at Module1_login_test.PBTC1FullNameVerificationTest.InvokBrowser(PBTC1FullNameVerificationTest.java:33)
at Module1_login_test.PBTC1FullNameVerificationTest.InvokBrowser(PBTC1FullNameVerificationTest.java:33)
at Module1_login_test.PBTC1FullNameVerificationTest.InvokBrowser(PBTC1FullNameVerificationTest.java:33)
at Module1_login_test.PBTC1FullNameVerificationTest.InvokBrowser(PBTC1FullNameVerificationTest.java:33)
at Module1_login_test.PBTC1FullNameVerificationTest.InvokBrowser(PBTC1FullNameVerificationTest.java:33)
at Module1_login_test.PBTC1FullNameVerificationTest.InvokBrowser(PBTC1FullNameVerificationTest.java:33)
at Module1_login_test.PBTC1FullNameVerificationTest.InvokBrowser(PBTC1FullNameVerificationTest.java:33)
at Module1_login_test.PBTC1FullNameVerificationTest.InvokBrowser(PBTC1FullNameVerificationTest.java:33)
at Module1_login_test.PBTC1FullNameVerificationTest.InvokBrowser(PBTC1FullNameVerificationTest.java:33)
at Module1_login_test.PBTC1FullNameVerificationTest.InvokBrowser(PBTC1FullNameVerificationTest.java:33)
at Module1_login_test.PBTC1FullNameVerificationTest.InvokBrowser(PBTC1FullNameVerificationTest.java:33)
at Module1_login_test.PBTC1FullNameVerificationTest.InvokBrowser(PBTC1FullNameVerificationTest.java:33)
at Module1_login_test.PBTC1FullNameVerificationTest.InvokBrowser(PBTC1FullNameVerificationTest.java:33)
at Module1_login_test.PBTC1FullNameVerificationTest.InvokBrowser(PBTC1FullNameVerificationTest.java:33)
at Module1_login_test.PBTC1FullNameVerificationTest.InvokBrowser(PBTC1FullNameVerificationTest.java:33)
at Module1_login_test.PBTC1FullNameVerificationTest.InvokBrowser(PBTC1FullNameVerificationTest.java:33)
at Module1_login_test.PBTC1FullNameVerificationTest.InvokBrowser(PBTC1FullNameVerificationTest.java:33)
at Module1_login_test.PBTC1FullNameVerificationTest.InvokBrowser(PBTC1FullNameVerificationTest.java:33)
at Module1_login_test.PBTC1FullNameVerificationTest.InvokBrowser(PBTC1FullNameVerificationTest.java:33)
at Module1_login_test.PBTC1FullNameVerificationTest.InvokBrowser(PBTC1FullNameVerificationTest.java:33)
[...]
at Module1_login_test.PBTC1FullNameVerificationTest.InvokBrowser(PBTC1FullNameVerificationTest.java:33)
at Module1_login_test.PBTC1FullNameVerificationTest.InvokBrowser(PBTC1FullNameVerificationTest.java:33)
at Module1_login_test.PBTC1FullNameVerificationTest.InvokBrowser(PBTC1FullNameVerificationTest.java:33)
at Module1_login_test.PBTC1FullNameVerificationTest.InvokBrowser(PBTC1FullNameVerificationTest.java:33)
at Module1_login_test.PBTC1FullNameVerificationTest.InvokBrowser(PBTC1FullNameVerificationTest.java:33)
at Module1_login_test.PBTC1FullNameVerificationTest.InvokBrowser(PBTC1FullNameVerificationTest.java:33)
at Module1_login_test.PBTC1FullNameVerificationTest.InvokBrowser(PBTC1FullNameVerificationTest.java:33)
at Module1_login_test.PBTC1FullNameVerificationTest.InvokBrowser(PBTC1FullNameVerificationTest.java:33)
at Module1_login_test.PBTC1FullNameVerificationTest.InvokBrowser(PBTC1FullNameVerificationTest.java:33)
at Module1_login_test.PBTC1FullNameVerificationTest.InvokBrowser(PBTC1FullNameVerificationTest.java:33)
at Module1_login_test.PBTC1FullNameVerificationTest.InvokBrowser(PBTC1FullNameVerificationTest.java:33)
at Module1_login_test.PBTC1FullNameVerificationTest.InvokBrowser(PBTC1FullNameVerificationTest.java:33)
at Module1_login_test.PBTC1FullNameVerificationTest.InvokBrowser(PBTC1FullNameVerificationTest.java:33)
at Module1_login_test.PBTC1FullNameVerificationTest.InvokBrowser(PBTC1FullNameVerificationTest.java:33)
at Module1_login_test.PBTC1FullNameVerificationTest.InvokBrowser(PBTC1FullNameVerificationTest.java:33)
at Module1_login_test.PBTC1FullNameVerificationTest.InvokBrowser(PBTC1FullNameVerificationTest.java:33)
at Module1_login_test.PBTC1FullNameVerificationTest.InvokBrowser(PBTC1FullNameVerificationTest.java:33)
at Module1_login_test.PBTC1FullNameVerificationTest.InvokBrowser(PBTC1FullNameVerificationTest.java:33)
at Module1_login_test.PBTC1FullNameVerificationTest.InvokBrowser(PBTC1FullNameVerificationTest.java:33)
at Module1_login_test.PBTC1FullNameVerificationTest.InvokBrowser(PBTC1FullNameVerificationTest.java:33)
at Module1_login_test.PBTC1FullNameVerificationTest.InvokBrowser(PBTC1FullNameVerificationTest.java:33)
at Module1_login_test.PBTC1FullNameVerificationTest.InvokBrowser(PBTC1FullNameVerificationTest.java:33)
at Module1_login_test.PBTC1FullNameVerificationTest.InvokBrowser(PBTC1FullNameVerificationTest.java:33)
at Module1_login_test.PBTC1FullNameVerificationTest.InvokBrowser(PBTC1FullNameVerificationTest.java:33)
at Module1_login_test.PBTC1FullNameVerificationTest.InvokBrowser(PBTC1FullNameVerificationTest.java:33)
at Module1_login_test.PBTC1FullNameVerificationTest.InvokBrowser(PBTC1FullNameVerificationTest.java:33)
at Module1_login_test.PBTC1FullNameVerificationTest.InvokBrowser(PBTC1FullNameVerificationTest.java:33)
at Module1_login_test.PBTC1FullNameVerificationTest.InvokBrowser(PBTC1FullNameVerificationTest.java:33)
at Module1_login_test.PBTC1FullNameVerificationTest.InvokBrowser(PBTC1FullNameVerificationTest.java:33)
at Module1_login_test.PBTC1FullNameVerificationTest.InvokBrowser(PBTC1FullNameVerificationTest.java:33)
at Module1_login_test.PBTC1FullNameVerificationTest.InvokBrowser(PBTC1FullNameVerificationTest.java:33)
at Module1_login_test.PBTC1FullNameVerificationTest.InvokBrowser(PBTC1FullNameVerificationTest.java:33)
at Module1_login_test.PBTC1FullNameVerificationTest.InvokBrowser(PBTC1FullNameVerificationTest.java:33)
at Module1_login_test.PBTC1FullNameVerificationTest.InvokBrowser(PBTC1FullNameVerificationTest.java:33)
at Module1_login_test.PBTC1FullNameVerificationTest.InvokBrowser(PBTC1FullNameVerificationTest.java:33)
at Module1_login_test.PBTC1FullNameVerificationTest.InvokBrowser(PBTC1FullNameVerificationTest.java:33)
at Module1_login_test.PBTC1FullNameVerificationTest.InvokBrowser(PBTC1FullNameVerificationTest.java:33)
at Module1_login_test.PBTC1FullNameVerificationTest.InvokBrowser(PBTC1FullNameVerificationTest.java:33)
at Module1_login_test.PBTC1FullNameVerificationTest.InvokBrowser(PBTC1FullNameVerificationTest.java:33)
at Module1_login_test.PBTC1FullNameVerificationTest.InvokBrowser(PBTC1FullNameVerificationTest.java:33)
at Module1_login_test.PBTC1FullNameVerificationTest.InvokBrowser(PBTC1FullNameVerificationTest.java:33)
at Module1_login_test.PBTC1FullNameVerificationTest.InvokBrowser(PBTC1FullNameVerificationTest.java:33)
at Module1_login_test.PBTC1FullNameVerificationTest.InvokBrowser(PBTC1FullNameVerificationTest.java:33)
at Module1_login_test.PBTC1FullNameVerificationTest.InvokBrowser(PBTC1FullNameVerificationTest.java:33)
at Module1_login_test.PBTC1FullNameVerificationTest.InvokBrowser(PBTC1FullNameVerificationTest.java:33)
at Module1_login_test.PBTC1FullNameVerificationTest.InvokBrowser(PBTC1FullNameVerificationTest.java:33)
at Module1_login_test.PBTC1FullNameVerificationTest.InvokBrowser(PBTC1FullNameVerificationTest.java:33)
at Module1_login_test.PBTC1FullNameVerificationTest.InvokBrowser(PBTC1FullNameVerificationTest.java:33)
at Module1_login_test.PBTC1FullNameVerificationTest.InvokBrowser(PBTC1FullNameVerificationTest.java:33)
at Module1_login_test.PBTC1FullNameVerificationTest.InvokBrowser(PBTC1FullNameVerificationTest.java:33)
at Module1_login_test.PBTC1FullNameVerificationTest.InvokBrowser(PBTC1FullNameVerificationTest.java:33)
at Module1_login_test.PBTC1FullNameVerificationTest.InvokBrowser(PBTC1FullNameVerificationTest.java:33)
at Module1_login_test.PBTC1FullNameVerificationTest.InvokBrowser(PBTC1FullNameVerificationTest.java:33)
at Module1_login_test.PBTC1FullNameVerificationTest.InvokBrowser(PBTC1FullNameVerificationTest.java:33)
at Module1_login_test.PBTC1FullNameVerificationTest.InvokBrowser(PBTC1FullNameVerificationTest.java:33)
at Module1_login_test.PBTC1FullNameVerificationTest.InvokBrowser(PBTC1FullNameVerificationTest.java:33)
at Module1_login_test.PBTC1FullNameVerificationTest.InvokBrowser(PBTC1FullNameVerificationTest.java:33)
at Module1_login_test.PBTC1FullNameVerificationTest.InvokBrowser(PBTC1FullNameVerificationTest.java:33)
at Module1_login_test.PBTC1FullNameVerificationTest.InvokBrowser(PBTC1FullNameVerificationTest.java:33)
at Module1_login_test.PBTC1FullNameVerificationTest.InvokBrowser(PBTC1FullNameVerificationTest.java:33)
at Module1_login_test.PBTC1FullNameVerificationTest.InvokBrowser(PBTC1FullNameVerificationTest.java:33)
at Module1_login_test.PBTC1FullNameVerificationTest.InvokBrowser(PBTC1FullNameVerificationTest.java:33)
at Module1_login_test.PBTC1FullNameVerificationTest.InvokBrowser(PBTC1FullNameVerificationTest.java:33)
at Module1_login_test.PBTC1FullNameVerificationTest.InvokBrowser(PBTC1FullNameVerificationTest.java:33)
at Module1_login_test.PBTC1FullNameVerificationTest.InvokBrowser(PBTC1FullNameVerificationTest.java:33)
at Module1_login_test.PBTC1FullNameVerificationTest.InvokBrowser(PBTC1FullNameVerificationTest.java:33)
at Module1_login_test.PBTC1FullNameVerificationTest.InvokBrowser(PBTC1FullNameVerificationTest.java:33)
at Module1_login_test.PBTC1FullNameVerificationTest.InvokBrowser(PBTC1FullNameVerificationTest.java:33)
at Module1_login_test.PBTC1FullNameVerificationTest.InvokBrowser(PBTC1FullNameVerificationTest.java:33)
at Module1_login_test.PBTC1FullNameVerificationTest.InvokBrowser(PBTC1FullNameVerificationTest.java:33)
at Module1_login_test.PBTC1FullNameVerificationTest.InvokBrowser(PBTC1FullNameVerificationTest.java:33)
at Module1_login_test.PBTC1FullNameVerificationTest.InvokBrowser(PBTC1FullNameVerificationTest.java:33)
at Module1_login_test.PBTC1FullNameVerificationTest.InvokBrowser(PBTC1FullNameVerificationTest.java:33)
at Module1_login_test.PBTC1FullNameVerificationTest.InvokBrowser(PBTC1FullNameVerificationTest.java:33)
at Module1_login_test.PBTC1FullNameVerificationTest.InvokBrowser(PBTC1FullNameVerificationTest.java:33)
at Module1_login_test.PBTC1FullNameVerificationTest.InvokBrowser(PBTC1FullNameVerificationTest.java:33)
at Module1_login_test.PBTC1FullNameVerificationTest.InvokBrowser(PBTC1FullNameVerificationTest.java:33)
at Module1_login_test.PBTC1FullNameVerificationTest.InvokBrowser(PBTC1FullNameVerificationTest.java:33)
at Module1_login_test.PBTC1FullNameVerificationTest.InvokBrowser(PBTC1FullNameVerificationTest.java:33)
at Module1_login_test.PBTC1FullNameVerificationTest.InvokBrowser(PBTC1FullNameVerificationTest.java:33)
at Module1_login_test.PBTC1FullNameVerificationTest.InvokBrowser(PBTC1FullNameVerificationTest.java:33)
at Module1_login_test.PBTC1FullNameVerificationTest.InvokBrowser(PBTC1FullNameVerificationTest.java:33)
at Module1_login_test.PBTC1FullNameVerificationTest.InvokBrowser(PBTC1FullNameVerificationTest.java:33)
at Module1_login_test.PBTC1FullNameVerificationTest.InvokBrowser(PBTC1FullNameVerificationTest.java:33)
at Module1_login_test.PBTC1FullNameVerificationTest.InvokBrowser(PBTC1FullNameVerificationTest.java:33)
at Module1_login_test.PBTC1FullNameVerificationTest.InvokBrowser(PBTC1FullNameVerificationTest.java:33)
at Module1_login_test.PBTC1FullNameVerificationTest.InvokBrowser(PBTC1FullNameVerificationTest.java:33)
at Module1_login_test.PBTC1FullNameVerificationTest.InvokBrowser(PBTC1FullNameVerificationTest.java:33)
at Module1_login_test.PBTC1FullNameVerificationTest.InvokBrowser(PBTC1FullNameVerificationTest.java:33)
at Module1_login_test.PBTC1FullNameVerificationTest.InvokBrowser(PBTC1FullNameVerificationTest.java:33)
at Module1_login_test.PBTC1FullNameVerificationTest.InvokBrowser(PBTC1FullNameVerificationTest.java:33)
at Module1_login_test.PBTC1FullNameVerificationTest.InvokBrowser(PBTC1FullNameVerificationTest.java:33)
at Module1_login_test.PBTC1FullNameVerificationTest.InvokBrowser(PBTC1FullNameVerificationTest.java:33)
at Module1_login_test.PBTC1FullNameVerificationTest.InvokBrowser(PBTC1FullNameVerificationTest.java:33)
at Module1_login_test.PBTC1FullNameVerificationTest.InvokBrowser(PBTC1FullNameVerificationTest.java:33)
at Module1_login_test.PBTC1FullNameVerificationTest.InvokBrowser(PBTC1FullNameVerificationTest.java:33)
at Module1_login_test.PBTC1FullNameVerificationTest.InvokBrowser(PBTC1FullNameVerificationTest.java:33)
at Module1_login_test.PBTC1FullNameVerificationTest.InvokBrowser(PBTC1FullNameVerificationTest.java:33)
at Module1_login_test.PBTC1FullNameVerificationTest.InvokBrowser(PBTC1FullNameVerificationTest.java:33)
at Module1_login_test.PBTC1FullNameVerificationTest.InvokBrowser(PBTC1FullNameVerificationTest.java:33)
at Module1_login_test.PBTC1FullNameVerificationTest.InvokBrowser(PBTC1FullNameVerificationTest.java:33)
at Module1_login_test.PBTC1FullNameVerificationTest.InvokBrowser(PBTC1FullNameVerificationTest.java:33)
at Module1_login_test.PBTC1FullNameVerificationTest.InvokBrowser(PBTC1FullNameVerificationTest.java:33)
at Module1_login_test.PBTC1FullNameVerificationTest.InvokBrowser(PBTC1FullNameVerificationTest.java:33)
at Module1_login_test.PBTC1FullNameVerificationTest.InvokBrowser(PBTC1FullNameVerificationTest.java:33)
at Module1_login_test.PBTC1FullNameVerificationTest.InvokBrowser(PBTC1FullNameVerificationTest.java:33)
at Module1_login_test.PBTC1FullNameVerificationTest.InvokBrowser(PBTC1FullNameVerificationTest.java:33)
at Module1_login_test.PBTC1FullNameVerificationTest.InvokBrowser(PBTC1FullNameVerificationTest.java:33)
at Module1_login_test.PBTC1FullNameVerificationTest.InvokBrowser(PBTC1FullNameVerificationTest.java:33)
at Module1_login_test.PBTC1FullNameVerificationTest.InvokBrowser(PBTC1FullNameVerificationTest.java:33)
at Module1_login_test.PBTC1FullNameVerificationTest.InvokBrowser(PBTC1FullNameVerificationTest.java:33)
at Module1_login_test.PBTC1FullNameVerificationTest.InvokBrowser(PBTC1FullNameVerificationTest.java:33)
at Module1_login_test.PBTC1FullNameVerificationTest.InvokBrowser(PBTC1FullNameVerificationTest.java:33)
at Module1_login_test.PBTC1FullNameVerificationTest.InvokBrowser(PBTC1FullNameVerificationTest.java:33)
at Module1_login_test.PBTC1FullNameVerificationTest.InvokBrowser(PBTC1FullNameVerificationTest.java:33)
at Module1_login_test.PBTC1FullNameVerificationTest.InvokBrowser(PBTC1FullNameVerificationTest.java:33)
at Module1_login_test.PBTC1FullNameVerificationTest.InvokBrowser(PBTC1FullNameVerificationTest.java:33)
at Module1_login_test.PBTC1FullNameVerificationTest.InvokBrowser(PBTC1FullNameVerificationTest.java:33)
at Module1_login_test.PBTC1FullNameVerificationTest.InvokBrowser(PBTC1FullNameVerificationTest.java:33)
at Module1_login_test.PBTC1FullNameVerificationTest.InvokBrowser(PBTC1FullNameVerificationTest.java:33)
at Module1_login_test.PBTC1FullNameVerificationTest.InvokBrowser(PBTC1FullNameVerificationTest.java:33)
at Module1_login_test.PBTC1FullNameVerificationTest.InvokBrowser(PBTC1FullNameVerificationTest.java:33)
at Module1_login_test.PBTC1FullNameVerificationTest.InvokBrowser(PBTC1FullNameVerificationTest.java:33)
at Module1_login_test.PBTC1FullNameVerificationTest.InvokBrowser(PBTC1FullNameVerificationTest.java:33)
at Module1_login_test.PBTC1FullNameVerificationTest.InvokBrowser(PBTC1FullNameVerificationTest.java:33)
at Module1_login_test.PBTC1FullNameVerificationTest.InvokBrowser(PBTC1FullNameVerificationTest.java:33)
at Module1_login_test.PBTC1FullNameVerificationTest.InvokBrowser(PBTC1FullNameVerificationTest.java:33)
at Module1_login_test.PBTC1FullNameVerificationTest.InvokBrowser(PBTC1FullNameVerificationTest.java:33)
at Module1_login_test.PBTC1FullNameVerificationTest.InvokBrowser(PBTC1FullNameVerificationTest.java:33)
at Module1_login_test.PBTC1FullNameVerificationTest.InvokBrowser(PBTC1FullNameVerificationTest.java:33)
at Module1_login_test.PBTC1FullNameVerificationTest.InvokBrowser(PBTC1FullNameVerificationTest.java:33)
at Module1_login_test.PBTC1FullNameVerificationTest.InvokBrowser(PBTC1FullNameVerificationTest.java:33)
at Module1_login_test.PBTC1FullNameVerificationTest.InvokBrowser(PBTC1FullNameVerificationTest.java:33)
at Module1_login_test.PBTC1FullNameVerificationTest.InvokBrowser(PBTC1FullNameVerificationTest.java:33)
at Module1_login_test.PBTC1FullNameVerificationTest.InvokBrowser(PBTC1FullNameVerificationTest.java:33)
at Module1_login_test.PBTC1FullNameVerificationTest.InvokBrowser(PBTC1FullNameVerificationTest.java:33)
at Module1_login_test.PBTC1FullNameVerificationTest.InvokBrowser(PBTC1FullNameVerificationTest.java:33)
at Module1_login_test.PBTC1FullNameVerificationTest.InvokBrowser(PBTC1FullNameVerificationTest.java:33)
at Module1_login_test.PBTC1FullNameVerificationTest.InvokBrowser(PBTC1FullNameVerificationTest.java:33)
at Module1_login_test.PBTC1FullNameVerificationTest.InvokBrowser(PBTC1FullNameVerificationTest.java:33)
at Module1_login_test.PBTC1FullNameVerificationTest.InvokBrowser(PBTC1FullNameVerificationTest.java:33)
at Module1_login_test.PBTC1FullNameVerificationTest.InvokBrowser(PBTC1FullNameVerificationTest.java:33)
at Module1_login_test.PBTC1FullNameVerificationTest.InvokBrowser(PBTC1FullNameVerificationTest.java:33)
at Module1_login_test.PBTC1FullNameVerificationTest.InvokBrowser(PBTC1FullNameVerificationTest.java:33)
at Module1_login_test.PBTC1FullNameVerificationTest.InvokBrowser(PBTC1FullNameVerificationTest.java:33)
at Module1_login_test.PBTC1FullNameVerificationTest.InvokBrowser(PBTC1FullNameVerificationTest.java:33)
at Module1_login_test.PBTC1FullNameVerificationTest.InvokBrowser(PBTC1FullNameVerificationTest.java:33)
at Module1_login_test.PBTC1FullNameVerificationTest.InvokBrowser(PBTC1FullNameVerificationTest.java:33)
at Module1_login_test.PBTC1FullNameVerificationTest.InvokBrowser(PBTC1FullNameVerificationTest.java:33)
at Module1_login_test.PBTC1FullNameVerificationTest.InvokBrowser(PBTC1FullNameVerificationTest.java:33)
at Module1_login_test.PBTC1FullNameVerificationTest.InvokBrowser(PBTC1FullNameVerificationTest.java:33)
at Module1_login_test.PBTC1FullNameVerificationTest.InvokBrowser(PBTC1FullNameVerificationTest.java:33)
at Module1_login_test.PBTC1FullNameVerificationTest.InvokBrowser(PBTC1FullNameVerificationTest.java:33)
at Module1_login_test.PBTC1FullNameVerificationTest.InvokBrowser(PBTC1FullNameVerificationTest.java:33)
at Module1_login_test.PBTC1FullNameVerificationTest.InvokBrowser(PBTC1FullNameVerificationTest.java:33)
at Module1_login_test.PBTC1FullNameVerificationTest.InvokBrowser(PBTC1FullNameVerificationTest.java:33)
at Module1_login_test.PBTC1FullNameVerificationTest.InvokBrowser(PBTC1FullNameVerificationTest.java:33)
at Module1_login_test.PBTC1FullNameVerificationTest.InvokBrowser(PBTC1FullNameVerificationTest.java:33)
at Module1_login_test.PBTC1FullNameVerificationTest.InvokBrowser(PBTC1FullNameVerificationTest.java:33)
at Module1_login_test.PBTC1FullNameVerificationTest.InvokBrowser(PBTC1FullNameVerificationTest.java:33)
at Module1_login_test.PBTC1FullNameVerificationTest.InvokBrowser(PBTC1FullNameVerificationTest.java:33)
at Module1_login_test.PBTC1FullNameVerificationTest.InvokBrowser(PBTC1FullNameVerificationTest.java:33)
at Module1_login_test.PBTC1FullNameVerificationTest.InvokBrowser(PBTC1FullNameVerificationTest.java:33)
at Module1_login_test.PBTC1FullNameVerificationTest.InvokBrowser(PBTC1FullNameVerificationTest.java:33)
at Module1_login_test.PBTC1FullNameVerificationTest.InvokBrowser(PBTC1FullNameVerificationTest.java:33)
at Module1_login_test.PBTC1FullNameVerificationTest.InvokBrowser(PBTC1FullNameVerificationTest.java:33)
at Module1_login_test.PBTC1FullNameVerificationTest.InvokBrowser(PBTC1FullNameVerificationTest.java:33)
at Module1_login_test.PBTC1FullNameVerificationTest.InvokBrowser(PBTC1FullNameVerificationTest.java:33)
at Module1_login_test.PBTC1FullNameVerificationTest.InvokBrowser(PBTC1FullNameVerificationTest.java:33)
at Module1_login_test.PBTC1FullNameVerificationTest.InvokBrowser(PBTC1FullNameVerificationTest.java:33)
at Module1_login_test.PBTC1FullNameVerificationTest.InvokBrowser(PBTC1FullNameVerificationTest.java:33)
at Module1_login_test.PBTC1FullNameVerificationTest.InvokBrowser(PBTC1FullNameVerificationTest.java:33)
at Module1_login_test.PBTC1FullNameVerificationTest.InvokBrowser(PBTC1FullNameVerificationTest.java:33)
at Module1_login_test.PBTC1FullNameVerificationTest.InvokBrowser(PBTC1FullNameVerificationTest.java:33)
at Module1_login_test.PBTC1FullNameVerificationTest.InvokBrowser(PBTC1FullNameVerificationTest.java:33)
at Module1_login_test.PBTC1FullNameVerificationTest.InvokBrowser(PBTC1FullNameVerificationTest.java:33)
at Module1_login_test.PBTC1FullNameVerificationTest.InvokBrowser(PBTC1FullNameVerificationTest.java:33)
at Module1_login_test.PBTC1FullNameVerificationTest.InvokBrowser(PBTC1FullNameVerificationTest.java:33)
at Module1_login_test.PBTC1FullNameVerificationTest.InvokBrowser(PBTC1FullNameVerificationTest.java:33)
]]>
            </full-stacktrace>
          </exception> <!-- java.lang.StackOverflowError -->
          <reporter-output>
          </reporter-output>
        </test-method> <!-- VerifyFullname -->
        <test-method is-config="true" signature="LogoutfromApp(org.testng.ITestResult)[pri:0, instance:Module1_login_test.PBTC1FullNameVerificationTest@126253fd]" started-at="2023-06-23T18:03:22 IST" name="LogoutfromApp" finished-at="2023-06-23T18:03:22 IST" duration-ms="0" status="SKIP">
          <reporter-output>
          </reporter-output>
        </test-method> <!-- LogoutfromApp -->
        <test-method is-config="true" signature="CloseBrowser()[pri:0, instance:Module1_login_test.PBTC1FullNameVerificationTest@126253fd]" started-at="2023-06-23T18:03:22 IST" name="CloseBrowser" finished-at="2023-06-23T18:03:22 IST" duration-ms="0" status="SKIP">
          <reporter-output>
          </reporter-output>
        </test-method> <!-- CloseBrowser -->
      </class> <!-- Module1_login_test.PBTC1FullNameVerificationTest -->
    </test> <!-- Default test -->
  </suite> <!-- Default suite -->
</testng-results>
